This file contains any messages produced by compilers while
running configure, to aid debugging if configure makes a mistake.

It was created by configure, which was
generated by GNU Autoconf 2.59.  Invocation command line was

  $ ./configure 

## --------- ##
## Platform. ##
## --------- ##

hostname = stp-iMac.local
uname -m = i386
uname -r = 8.8.1
uname -s = Darwin
uname -v = Darwin Kernel Version 8.8.1: Mon Sep 25 19:42:00 PDT 2006; root:xnu-792.13.8.obj~1/RELEASE_I386

/usr/bin/uname -p = i386
/bin/uname -X     = unknown

/bin/arch              = unknown
/usr/bin/arch -k       = unknown
/usr/convex/getsysinfo = unknown
hostinfo               = Mach kernel version:
	 Darwin Kernel Version 8.8.1: Mon Sep 25 19:42:00 PDT 2006; root:xnu-792.13.8.obj~1/RELEASE_I386
Kernel configured for up to 2 processors.
2 processors are physically available.
2 processors are logically available.
Processor type: i486 (Intel 80486)
Processors active: 0 1
Primary memory available: 2.00 gigabytes
Default processor set: 76 tasks, 249 threads, 2 processors
Load average: 1.56, Mach factor: 1.09
/bin/machine           = unknown
/usr/bin/oslevel       = unknown
/bin/universe          = unknown

PATH: /Developer/qt-3.3.6/bin
PATH: .
PATH: /usr/local/bin
PATH: /Users/stp/Applications
PATH: /usr/local/pgsql/bin
PATH: /usr/X11R6/bin
PATH: /bin
PATH: /sbin
PATH: /usr/bin
PATH: /usr/sbin


## ----------- ##
## Core tests. ##
## ----------- ##

configure:1543: checking for a BSD-compatible install
configure:1598: result: /usr/bin/install -c
configure:1609: checking whether build environment is sane
configure:1652: result: yes
configure:1717: checking for gawk
configure:1746: result: no
configure:1717: checking for mawk
configure:1746: result: no
configure:1717: checking for nawk
configure:1746: result: no
configure:1717: checking for awk
configure:1733: found /usr/bin/awk
configure:1743: result: awk
configure:1753: checking whether make sets $(MAKE)
configure:1773: result: yes
configure:2053: checking build system type
configure:2071: result: i686-apple-darwin8.8.1
configure:2079: checking host system type
configure:2093: result: i686-apple-darwin8.8.1
configure:2113: checking for style of include used by make
configure:2141: result: GNU
configure:2212: checking for gcc
configure:2228: found /usr/bin/gcc
configure:2238: result: gcc
configure:2482: checking for C compiler version
configure:2485: gcc --version </dev/null >&5
i686-apple-darwin8-gcc-4.0.1 (GCC) 4.0.1 (Apple Computer, Inc. build 5367)
Copyright (C) 2005 Free Software Foundation, Inc.
This is free software; see the source for copying conditions.  There is NO
warranty; not even for MERCHANTABILITY or FITNESS FOR A PARTICULAR PURPOSE.

configure:2488: $? = 0
configure:2490: gcc -v </dev/null >&5
Using built-in specs.
Target: i686-apple-darwin8
Configured with: /private/var/tmp/gcc/gcc-5367.obj~1/src/configure --disable-checking -enable-werror --prefix=/usr --mandir=/share/man --enable-languages=c,objc,c++,obj-c++ --program-transform-name=/^[cg][^.-]*$/s/$/-4.0/ --with-gxx-include-dir=/include/c++/4.0.0 --with-slibdir=/usr/lib --build=powerpc-apple-darwin8 --with-arch=nocona --with-tune=generic --program-prefix= --host=i686-apple-darwin8 --target=i686-apple-darwin8
Thread model: posix
gcc version 4.0.1 (Apple Computer, Inc. build 5367)
configure:2493: $? = 0
configure:2495: gcc -V </dev/null >&5
gcc: argument to `-V' is missing
configure:2498: $? = 1
configure:2521: checking for C compiler default output file name
configure:2524: gcc    conftest.c  >&5
configure:2527: $? = 0
configure:2573: result: a.out
configure:2578: checking whether the C compiler works
configure:2584: ./a.out
configure:2587: $? = 0
configure:2604: result: yes
configure:2611: checking whether we are cross compiling
configure:2613: result: no
configure:2616: checking for suffix of executables
configure:2618: gcc -o conftest    conftest.c  >&5
configure:2621: $? = 0
configure:2646: result: 
configure:2652: checking for suffix of object files
configure:2673: gcc -c   conftest.c >&5
configure:2676: $? = 0
configure:2698: result: o
configure:2702: checking whether we are using the GNU C compiler
configure:2726: gcc -c   conftest.c >&5
configure:2732: $? = 0
configure:2736: test -z 
			 || test ! -s conftest.err
configure:2739: $? = 0
configure:2742: test -s conftest.o
configure:2745: $? = 0
configure:2758: result: yes
configure:2764: checking whether gcc accepts -g
configure:2785: gcc -c -g  conftest.c >&5
configure:2791: $? = 0
configure:2795: test -z 
			 || test ! -s conftest.err
configure:2798: $? = 0
configure:2801: test -s conftest.o
configure:2804: $? = 0
configure:2815: result: yes
configure:2832: checking for gcc option to accept ANSI C
configure:2902: gcc  -c -g -O2  conftest.c >&5
configure:2908: $? = 0
configure:2912: test -z 
			 || test ! -s conftest.err
configure:2915: $? = 0
configure:2918: test -s conftest.o
configure:2921: $? = 0
configure:2939: result: none needed
configure:2957: gcc -c -g -O2  conftest.c >&5
conftest.c:2: error: parse error before 'me'
configure:2963: $? = 1
configure: failed program was:
| #ifndef __cplusplus
|   choke me
| #endif
configure:3098: checking dependency style of gcc
configure:3188: result: gcc3
configure:3205: checking for a sed that does not truncate output
configure:3259: result: /usr/bin/sed
configure:3262: checking for egrep
configure:3272: result: grep -E
configure:3288: checking for ld used by gcc
configure:3355: result: /usr/bin/ld
configure:3364: checking if the linker (/usr/bin/ld) is GNU ld
configure:3379: result: no
configure:3384: checking for /usr/bin/ld option to reload object files
configure:3391: result: -r
configure:3409: checking for BSD-compatible nm
configure:3458: result: /usr/bin/nm -p
configure:3462: checking whether ln -s works
configure:3466: result: yes
configure:3473: checking how to recognise dependent libraries
configure:3649: result: pass_all
configure:3886: checking how to run the C preprocessor
configure:3921: gcc -E  conftest.c
configure:3927: $? = 0
configure:3959: gcc -E  conftest.c
conftest.c:11:28: error: ac_nonexistent.h: No such file or directory
configure:3965: $? = 1
configure: failed program was:
| /* confdefs.h.  */
| 
| #define PACKAGE_NAME ""
| #define PACKAGE_TARNAME ""
| #define PACKAGE_VERSION ""
| #define PACKAGE_STRING ""
| #define PACKAGE_BUGREPORT ""
| #define PACKAGE "jrtplib"
| #define VERSION "3.7.0"
| /* end confdefs.h.  */
| #include <ac_nonexistent.h>
configure:4004: result: gcc -E
configure:4028: gcc -E  conftest.c
configure:4034: $? = 0
configure:4066: gcc -E  conftest.c
conftest.c:11:28: error: ac_nonexistent.h: No such file or directory
configure:4072: $? = 1
configure: failed program was:
| /* confdefs.h.  */
| 
| #define PACKAGE_NAME ""
| #define PACKAGE_TARNAME ""
| #define PACKAGE_VERSION ""
| #define PACKAGE_STRING ""
| #define PACKAGE_BUGREPORT ""
| #define PACKAGE "jrtplib"
| #define VERSION "3.7.0"
| /* end confdefs.h.  */
| #include <ac_nonexistent.h>
configure:4116: checking for ANSI C header files
configure:4141: gcc -c -g -O2  conftest.c >&5
configure:4147: $? = 0
configure:4151: test -z 
			 || test ! -s conftest.err
configure:4154: $? = 0
configure:4157: test -s conftest.o
configure:4160: $? = 0
configure:4246: gcc -o conftest -g -O2   conftest.c  >&5
conftest.c: In function 'main':
conftest.c:28: warning: incompatible implicit declaration of built-in function 'exit'
configure:4249: $? = 0
configure:4251: ./conftest
configure:4254: $? = 0
configure:4269: result: yes
configure:4293: checking for sys/types.h
configure:4309: gcc -c -g -O2  conftest.c >&5
configure:4315: $? = 0
configure:4319: test -z 
			 || test ! -s conftest.err
configure:4322: $? = 0
configure:4325: test -s conftest.o
configure:4328: $? = 0
configure:4339: result: yes
configure:4293: checking for sys/stat.h
configure:4309: gcc -c -g -O2  conftest.c >&5
configure:4315: $? = 0
configure:4319: test -z 
			 || test ! -s conftest.err
configure:4322: $? = 0
configure:4325: test -s conftest.o
configure:4328: $? = 0
configure:4339: result: yes
configure:4293: checking for stdlib.h
configure:4309: gcc -c -g -O2  conftest.c >&5
configure:4315: $? = 0
configure:4319: test -z 
			 || test ! -s conftest.err
configure:4322: $? = 0
configure:4325: test -s conftest.o
configure:4328: $? = 0
configure:4339: result: yes
configure:4293: checking for string.h
configure:4309: gcc -c -g -O2  conftest.c >&5
configure:4315: $? = 0
configure:4319: test -z 
			 || test ! -s conftest.err
configure:4322: $? = 0
configure:4325: test -s conftest.o
configure:4328: $? = 0
configure:4339: result: yes
configure:4293: checking for memory.h
configure:4309: gcc -c -g -O2  conftest.c >&5
configure:4315: $? = 0
configure:4319: test -z 
			 || test ! -s conftest.err
configure:4322: $? = 0
configure:4325: test -s conftest.o
configure:4328: $? = 0
configure:4339: result: yes
configure:4293: checking for strings.h
configure:4309: gcc -c -g -O2  conftest.c >&5
configure:4315: $? = 0
configure:4319: test -z 
			 || test ! -s conftest.err
configure:4322: $? = 0
configure:4325: test -s conftest.o
configure:4328: $? = 0
configure:4339: result: yes
configure:4293: checking for inttypes.h
configure:4309: gcc -c -g -O2  conftest.c >&5
configure:4315: $? = 0
configure:4319: test -z 
			 || test ! -s conftest.err
configure:4322: $? = 0
configure:4325: test -s conftest.o
configure:4328: $? = 0
configure:4339: result: yes
configure:4293: checking for stdint.h
configure:4309: gcc -c -g -O2  conftest.c >&5
configure:4315: $? = 0
configure:4319: test -z 
			 || test ! -s conftest.err
configure:4322: $? = 0
configure:4325: test -s conftest.o
configure:4328: $? = 0
configure:4339: result: yes
configure:4293: checking for unistd.h
configure:4309: gcc -c -g -O2  conftest.c >&5
configure:4315: $? = 0
configure:4319: test -z 
			 || test ! -s conftest.err
configure:4322: $? = 0
configure:4325: test -s conftest.o
configure:4328: $? = 0
configure:4339: result: yes
configure:4365: checking dlfcn.h usability
configure:4377: gcc -c -g -O2  conftest.c >&5
configure:4383: $? = 0
configure:4387: test -z 
			 || test ! -s conftest.err
configure:4390: $? = 0
configure:4393: test -s conftest.o
configure:4396: $? = 0
configure:4406: result: yes
configure:4410: checking dlfcn.h presence
configure:4420: gcc -E  conftest.c
configure:4426: $? = 0
configure:4446: result: yes
configure:4481: checking for dlfcn.h
configure:4488: result: yes
configure:4553: checking for g++
configure:4569: found /usr/bin/g++
configure:4579: result: g++
configure:4595: checking for C++ compiler version
configure:4598: g++ --version </dev/null >&5
i686-apple-darwin8-g++-4.0.1 (GCC) 4.0.1 (Apple Computer, Inc. build 5367)
Copyright (C) 2005 Free Software Foundation, Inc.
This is free software; see the source for copying conditions.  There is NO
warranty; not even for MERCHANTABILITY or FITNESS FOR A PARTICULAR PURPOSE.

configure:4601: $? = 0
configure:4603: g++ -v </dev/null >&5
Using built-in specs.
Target: i686-apple-darwin8
Configured with: /private/var/tmp/gcc/gcc-5367.obj~1/src/configure --disable-checking -enable-werror --prefix=/usr --mandir=/share/man --enable-languages=c,objc,c++,obj-c++ --program-transform-name=/^[cg][^.-]*$/s/$/-4.0/ --with-gxx-include-dir=/include/c++/4.0.0 --with-slibdir=/usr/lib --build=powerpc-apple-darwin8 --with-arch=nocona --with-tune=generic --program-prefix= --host=i686-apple-darwin8 --target=i686-apple-darwin8
Thread model: posix
gcc version 4.0.1 (Apple Computer, Inc. build 5367)
configure:4606: $? = 0
configure:4608: g++ -V </dev/null >&5
g++: argument to `-V' is missing
configure:4611: $? = 1
configure:4614: checking whether we are using the GNU C++ compiler
configure:4638: g++ -c -O2   conftest.cc >&5
configure:4644: $? = 0
configure:4648: test -z 
			 || test ! -s conftest.err
configure:4651: $? = 0
configure:4654: test -s conftest.o
configure:4657: $? = 0
configure:4670: result: yes
configure:4676: checking whether g++ accepts -g
configure:4697: g++ -c -g  conftest.cc >&5
configure:4703: $? = 0
configure:4707: test -z 
			 || test ! -s conftest.err
configure:4710: $? = 0
configure:4713: test -s conftest.o
configure:4716: $? = 0
configure:4727: result: yes
configure:4769: g++ -c -O2   conftest.cc >&5
configure:4775: $? = 0
configure:4779: test -z 
			 || test ! -s conftest.err
configure:4782: $? = 0
configure:4785: test -s conftest.o
configure:4788: $? = 0
configure:4814: g++ -c -O2   conftest.cc >&5
conftest.cc: In function 'int main()':
conftest.cc:26: error: 'exit' was not declared in this scope
configure:4820: $? = 1
configure: failed program was:
| /* confdefs.h.  */
| 
| #define PACKAGE_NAME ""
| #define PACKAGE_TARNAME ""
| #define PACKAGE_VERSION ""
| #define PACKAGE_STRING ""
| #define PACKAGE_BUGREPORT ""
| #define PACKAGE "jrtplib"
| #define VERSION "3.7.0"
| #define STDC_HEADERS 1
| #define HAVE_SYS_TYPES_H 1
| #define HAVE_SYS_STAT_H 1
| #define HAVE_STDLIB_H 1
| #define HAVE_STRING_H 1
| #define HAVE_MEMORY_H 1
| #define HAVE_STRINGS_H 1
| #define HAVE_INTTYPES_H 1
| #define HAVE_STDINT_H 1
| #define HAVE_UNISTD_H 1
| #define HAVE_DLFCN_H 1
| /* end confdefs.h.  */
| 
| int
| main ()
| {
| exit (42);
|   ;
|   return 0;
| }
configure:4769: g++ -c -O2   conftest.cc >&5
/usr/include/stdlib.h:158: error: declaration of 'void std::exit(int)' throws different exceptions
conftest.cc:22: error: than previous declaration 'void std::exit(int) throw ()'
configure:4775: $? = 1
configure: failed program was:
| /* confdefs.h.  */
| 
| #define PACKAGE_NAME ""
| #define PACKAGE_TARNAME ""
| #define PACKAGE_VERSION ""
| #define PACKAGE_STRING ""
| #define PACKAGE_BUGREPORT ""
| #define PACKAGE "jrtplib"
| #define VERSION "3.7.0"
| #define STDC_HEADERS 1
| #define HAVE_SYS_TYPES_H 1
| #define HAVE_SYS_STAT_H 1
| #define HAVE_STDLIB_H 1
| #define HAVE_STRING_H 1
| #define HAVE_MEMORY_H 1
| #define HAVE_STRINGS_H 1
| #define HAVE_INTTYPES_H 1
| #define HAVE_STDINT_H 1
| #define HAVE_UNISTD_H 1
| #define HAVE_DLFCN_H 1
| /* end confdefs.h.  */
| extern "C" void std::exit (int) throw (); using std::exit;
| #include <stdlib.h>
| int
| main ()
| {
| exit (42);
|   ;
|   return 0;
| }
configure:4769: g++ -c -O2   conftest.cc >&5
configure:4775: $? = 0
configure:4779: test -z 
			 || test ! -s conftest.err
configure:4782: $? = 0
configure:4785: test -s conftest.o
configure:4788: $? = 0
configure:4814: g++ -c -O2   conftest.cc >&5
configure:4820: $? = 0
configure:4824: test -z 
			 || test ! -s conftest.err
configure:4827: $? = 0
configure:4830: test -s conftest.o
configure:4833: $? = 0
configure:4858: checking dependency style of g++
configure:4948: result: gcc3
configure:4975: checking how to run the C++ preprocessor
configure:5006: g++ -E  conftest.cc
configure:5012: $? = 0
configure:5044: g++ -E  conftest.cc
conftest.cc:25:28: error: ac_nonexistent.h: No such file or directory
configure:5050: $? = 1
configure: failed program was:
| /* confdefs.h.  */
| 
| #define PACKAGE_NAME ""
| #define PACKAGE_TARNAME ""
| #define PACKAGE_VERSION ""
| #define PACKAGE_STRING ""
| #define PACKAGE_BUGREPORT ""
| #define PACKAGE "jrtplib"
| #define VERSION "3.7.0"
| #define STDC_HEADERS 1
| #define HAVE_SYS_TYPES_H 1
| #define HAVE_SYS_STAT_H 1
| #define HAVE_STDLIB_H 1
| #define HAVE_STRING_H 1
| #define HAVE_MEMORY_H 1
| #define HAVE_STRINGS_H 1
| #define HAVE_INTTYPES_H 1
| #define HAVE_STDINT_H 1
| #define HAVE_UNISTD_H 1
| #define HAVE_DLFCN_H 1
| #ifdef __cplusplus
| extern "C" void std::exit (int); using std::exit;
| #endif
| /* end confdefs.h.  */
| #include <ac_nonexistent.h>
configure:5089: result: g++ -E
configure:5113: g++ -E  conftest.cc
configure:5119: $? = 0
configure:5151: g++ -E  conftest.cc
conftest.cc:25:28: error: ac_nonexistent.h: No such file or directory
configure:5157: $? = 1
configure: failed program was:
| /* confdefs.h.  */
| 
| #define PACKAGE_NAME ""
| #define PACKAGE_TARNAME ""
| #define PACKAGE_VERSION ""
| #define PACKAGE_STRING ""
| #define PACKAGE_BUGREPORT ""
| #define PACKAGE "jrtplib"
| #define VERSION "3.7.0"
| #define STDC_HEADERS 1
| #define HAVE_SYS_TYPES_H 1
| #define HAVE_SYS_STAT_H 1
| #define HAVE_STDLIB_H 1
| #define HAVE_STRING_H 1
| #define HAVE_MEMORY_H 1
| #define HAVE_STRINGS_H 1
| #define HAVE_INTTYPES_H 1
| #define HAVE_STDINT_H 1
| #define HAVE_UNISTD_H 1
| #define HAVE_DLFCN_H 1
| #ifdef __cplusplus
| extern "C" void std::exit (int); using std::exit;
| #endif
| /* end confdefs.h.  */
| #include <ac_nonexistent.h>
configure:5254: checking for g77
configure:5283: result: no
configure:5254: checking for f77
configure:5283: result: no
configure:5254: checking for xlf
configure:5283: result: no
configure:5254: checking for frt
configure:5283: result: no
configure:5254: checking for pgf77
configure:5283: result: no
configure:5254: checking for fort77
configure:5283: result: no
configure:5254: checking for fl32
configure:5283: result: no
configure:5254: checking for af77
configure:5283: result: no
configure:5254: checking for f90
configure:5283: result: no
configure:5254: checking for xlf90
configure:5283: result: no
configure:5254: checking for pgf90
configure:5283: result: no
configure:5254: checking for epcf90
configure:5283: result: no
configure:5254: checking for f95
configure:5283: result: no
configure:5254: checking for fort
configure:5283: result: no
configure:5254: checking for xlf95
configure:5283: result: no
configure:5254: checking for ifc
configure:5283: result: no
configure:5254: checking for efc
configure:5283: result: no
configure:5254: checking for pgf95
configure:5283: result: no
configure:5254: checking for lf95
configure:5283: result: no
configure:5254: checking for gfortran
configure:5283: result: no
configure:5298: checking for Fortran 77 compiler version
configure:5298:  --version </dev/null >&5
./configure: line 1: --version: command not found
configure:5301: $? = 127
configure:5303:  -v </dev/null >&5
./configure: line 1: -v: command not found
configure:5306: $? = 127
configure:5308:  -V </dev/null >&5
./configure: line 1: -V: command not found
configure:5311: $? = 127
configure:5319: checking whether we are using the GNU Fortran 77 compiler
configure:5333:  -c  conftest.F >&5
./configure: line 1: -c: command not found
configure:5339: $? = 127
configure: failed program was:
|       program main
| #ifndef __GNUC__
|        choke me
| #endif
| 
|       end
configure:5365: result: no
configure:5371: checking whether  accepts -g
configure:5383:  -c -g conftest.f >&5
./configure: line 1: -c: command not found
configure:5389: $? = 127
configure: failed program was:
|       program main
| 
|       end
configure:5414: result: no
configure:5444: checking the maximum length of command line arguments
configure:5553: result: 196608
configure:5564: checking command to parse /usr/bin/nm -p output from gcc object
configure:5669: g++ -c -O2   conftest.cc >&5
configure:5672: $? = 0
configure:5676: /usr/bin/nm -p conftest.o \| sed -n -e 's/^.*[ 	]\([BCDEGRST][BCDEGRST]*\)[ 	][ 	]*\([_A-Za-z][_A-Za-z0-9]*\)$/\1 \2 \2/p' \> conftest.nm
configure:5679: $? = 0
cannot find nm_test_var in conftest.nm
configure:5669: g++ -c -O2   conftest.cc >&5
configure:5672: $? = 0
configure:5676: /usr/bin/nm -p conftest.o \| sed -n -e 's/^.*[ 	]\([BCDEGRST][BCDEGRST]*\)[ 	][ 	]*_\([_A-Za-z][_A-Za-z0-9]*\)$/\1 _\2 \2/p' \> conftest.nm
configure:5679: $? = 0
configure:5731: g++ -o conftest -O2    conftest.cc conftstm.o >&5
configure:5734: $? = 0
configure:5772: result: ok
configure:5776: checking for objdir
configure:5791: result: .libs
configure:5881: checking for ar
configure:5897: found /usr/bin/ar
configure:5908: result: ar
configure:5961: checking for ranlib
configure:5977: found /usr/bin/ranlib
configure:5988: result: ranlib
configure:6041: checking for strip
configure:6057: found /usr/bin/strip
configure:6068: result: strip
configure:6340: checking if gcc supports -fno-rtti -fno-exceptions
configure:6361: gcc -c -g -O2  -fno-rtti -fno-exceptions conftest.c >&5
cc1: warning: command line option "-fno-rtti" is valid for C++/ObjC++ but not for C
configure:6365: $? = 0
configure:6375: result: no
configure:6390: checking for gcc option to produce PIC
configure:6600: result: -fno-common
configure:6608: checking if gcc PIC flag -fno-common works
configure:6629: gcc -c -g -O2  -fno-common -DPIC conftest.c >&5
configure:6633: $? = 0
configure:6643: result: yes
configure:6671: checking if gcc static flag -static works
configure:6699: result: no
configure:6709: checking if gcc supports -c -o file.o
configure:6733: gcc -c -g -O2  -o out/conftest2.o conftest.c >&5
configure:6737: $? = 0
configure:6756: result: yes
configure:6782: checking whether the gcc linker (/usr/bin/ld) supports shared libraries
configure:7740: result: yes
configure:7807: checking dynamic linker characteristics
configure:8395: result: darwin8.8.1 dyld
configure:8404: checking how to hardcode library paths into programs
configure:8429: result: immediate
configure:8443: checking whether stripping libraries is possible
configure:8456: result: yes
configure:9282: checking if libtool supports shared libraries
configure:9284: result: yes
configure:9287: checking whether to build shared libraries
configure:9308: result: yes
configure:9311: checking whether to build static libraries
configure:9315: result: yes
configure:9407: creating libtool
configure:9995: checking for ld used by g++
configure:10062: result: /usr/bin/ld
configure:10071: checking if the linker (/usr/bin/ld) is GNU ld
configure:10086: result: no
configure:10137: checking whether the g++ linker (/usr/bin/ld) supports shared libraries
configure:11075: result: yes
configure:11093: g++ -c -O2   conftest.cpp >&5
configure:11096: $? = 0
configure:11215: checking for g++ option to produce PIC
configure:11489: result: -fno-common
configure:11497: checking if g++ PIC flag -fno-common works
configure:11518: g++ -c -O2   -fno-common -DPIC conftest.cpp >&5
configure:11522: $? = 0
configure:11532: result: yes
configure:11560: checking if g++ static flag -static works
configure:11588: result: no
configure:11598: checking if g++ supports -c -o file.o
configure:11622: g++ -c -O2   -o out/conftest2.o conftest.cpp >&5
configure:11626: $? = 0
configure:11645: result: yes
configure:11671: checking whether the g++ linker (/usr/bin/ld) supports shared libraries
configure:11696: result: yes
configure:11763: checking dynamic linker characteristics
configure:12351: result: darwin8.8.1 dyld
configure:12360: checking how to hardcode library paths into programs
configure:12385: result: immediate
configure:18635: checking for JThread include files
configure:18713: result: not found
configure:18715: WARNING: Unable to locate the JThread include files. Please specify the include path with --with-jthread-includes if they exist on your system. JThread support has been disabled
configure:18830: checking sys/filio.h usability
configure:18842: g++ -c -O2   conftest.cc >&5
configure:18848: $? = 0
configure:18852: test -z 
			 || test ! -s conftest.err
configure:18855: $? = 0
configure:18858: test -s conftest.o
configure:18861: $? = 0
configure:18871: result: yes
configure:18875: checking sys/filio.h presence
configure:18885: g++ -E  conftest.cc
configure:18891: $? = 0
configure:18911: result: yes
configure:18946: checking for sys/filio.h
configure:18953: result: yes
configure:18974: checking sys/sockio.h usability
configure:18986: g++ -c -O2   conftest.cc >&5
configure:18992: $? = 0
configure:18996: test -z 
			 || test ! -s conftest.err
configure:18999: $? = 0
configure:19002: test -s conftest.o
configure:19005: $? = 0
configure:19015: result: yes
configure:19019: checking sys/sockio.h presence
configure:19029: g++ -E  conftest.cc
configure:19035: $? = 0
configure:19055: result: yes
configure:19090: checking for sys/sockio.h
configure:19097: result: yes
configure:19126: checking whether byte ordering is bigendian
configure:19153: g++ -c -O2   conftest.cc >&5
configure:19159: $? = 0
configure:19163: test -z 
			 || test ! -s conftest.err
configure:19166: $? = 0
configure:19169: test -s conftest.o
configure:19172: $? = 0
configure:19196: g++ -c -O2   conftest.cc >&5
conftest.cc: In function 'int main()':
conftest.cc:32: error: 'big' was not declared in this scope
conftest.cc:32: error: expected `;' before 'endian'
configure:19202: $? = 1
configure: failed program was:
| /* confdefs.h.  */
| 
| #define PACKAGE_NAME ""
| #define PACKAGE_TARNAME ""
| #define PACKAGE_VERSION ""
| #define PACKAGE_STRING ""
| #define PACKAGE_BUGREPORT ""
| #define PACKAGE "jrtplib"
| #define VERSION "3.7.0"
| #define STDC_HEADERS 1
| #define HAVE_SYS_TYPES_H 1
| #define HAVE_SYS_STAT_H 1
| #define HAVE_STDLIB_H 1
| #define HAVE_STRING_H 1
| #define HAVE_MEMORY_H 1
| #define HAVE_STRINGS_H 1
| #define HAVE_INTTYPES_H 1
| #define HAVE_STDINT_H 1
| #define HAVE_UNISTD_H 1
| #define HAVE_DLFCN_H 1
| #ifdef __cplusplus
| extern "C" void std::exit (int); using std::exit;
| #endif
| /* end confdefs.h.  */
| #include <sys/types.h>
| #include <sys/param.h>
| 
| int
| main ()
| {
| #if BYTE_ORDER != BIG_ENDIAN
|  not big endian
| #endif
| 
|   ;
|   return 0;
| }
configure:19337: result: no
configure:19363: checking if compiler supports -Werror -Wall
configure:19383: g++ -c -O2  -Werror -Wall  conftest.cc >&5
configure:19389: $? = 0
configure:19393: test -z 
			 || test ! -s conftest.err
configure:19396: $? = 0
configure:19399: test -s conftest.o
configure:19402: $? = 0
configure:19404: result: yes
configure:19418: checking last argument of getsockname
configure:19440: g++ -c -O2  -Werror -Wall  conftest.cc >&5
conftest.cc: In function 'int main()':
conftest.cc:33: error: invalid conversion from 'int*' to 'socklen_t*'
conftest.cc:33: error:   initializing argument 3 of 'int getsockname(int, sockaddr*, socklen_t*)'
configure:19446: $? = 1
configure: failed program was:
| /* confdefs.h.  */
| 
| #define PACKAGE_NAME ""
| #define PACKAGE_TARNAME ""
| #define PACKAGE_VERSION ""
| #define PACKAGE_STRING ""
| #define PACKAGE_BUGREPORT ""
| #define PACKAGE "jrtplib"
| #define VERSION "3.7.0"
| #define STDC_HEADERS 1
| #define HAVE_SYS_TYPES_H 1
| #define HAVE_SYS_STAT_H 1
| #define HAVE_STDLIB_H 1
| #define HAVE_STRING_H 1
| #define HAVE_MEMORY_H 1
| #define HAVE_STRINGS_H 1
| #define HAVE_INTTYPES_H 1
| #define HAVE_STDINT_H 1
| #define HAVE_UNISTD_H 1
| #define HAVE_DLFCN_H 1
| #ifdef __cplusplus
| extern "C" void std::exit (int); using std::exit;
| #endif
| /* end confdefs.h.  */
| #include <sys/types.h>
| 	#include <sys/socket.h>
| int
| main ()
| {
| int param;
| 	int sock = 0;
| 	struct sockaddr addr;
| 	getsockname(sock,&addr,&param);
|   ;
|   return 0;
| }
configure:19468: result: unsigned int
configure:19478: checking if necessary options for IPv4 multicasting are available
configure:19505: g++ -c -O2   conftest.cc >&5
configure:19511: $? = 0
configure:19515: test -z 
			 || test ! -s conftest.err
configure:19518: $? = 0
configure:19521: test -s conftest.o
configure:19524: $? = 0
configure:19527: result: yes
configure:19540: checking if struct sockaddr has sa_len member
configure:19562: g++ -c -O2   conftest.cc >&5
configure:19568: $? = 0
configure:19572: test -z 
			 || test ! -s conftest.err
configure:19575: $? = 0
configure:19578: test -s conftest.o
configure:19581: $? = 0
configure:19584: result: yes
configure:19597: checking if compiler can compile programs with STL
configure:19617: g++ -c -O2   conftest.cc >&5
configure:19623: $? = 0
configure:19627: test -z 
			 || test ! -s conftest.err
configure:19630: $? = 0
configure:19633: test -s conftest.o
configure:19636: $? = 0
configure:19638: result: yes
configure:19708: checking if types like uint32_t exist
configure:19729: g++ -c -O2   conftest.cc >&5
configure:19735: $? = 0
configure:19739: test -z 
			 || test ! -s conftest.err
configure:19742: $? = 0
configure:19745: test -s conftest.o
configure:19748: $? = 0
configure:19750: result: yes
configure:19777: checking for drand48_r and srand48_r
configure:19793: g++ -c -O2   conftest.cc >&5
conftest.cc: In function 'int main()':
conftest.cc:5: error: aggregate 'drand48_data drandbuffer' has incomplete type and cannot be defined
conftest.cc:7: error: 'srand48_r' was not declared in this scope
conftest.cc:8: error: 'drand48_r' was not declared in this scope
configure:19799: $? = 1
configure: failed program was:
| 
| 	#include <stdlib.h>
| 	int main(void)
| 	{
| 		struct drand48_data drandbuffer;
| 		double x;
| 		srand48_r(12345,&drandbuffer);
| 		drand48_r(&drandbuffer,&x);
| 		return 0;
| 	}
| 
configure:19822: result: no
configure:19824: checking for rand_r
configure:19839: g++ -c -O2   conftest.cc >&5
configure:19845: $? = 0
configure:19849: test -z 
			 || test ! -s conftest.err
configure:19852: $? = 0
configure:19855: test -s conftest.o
configure:19858: $? = 0
configure:19860: result: yes
configure:19876: checking for getlogin_r
configure:19890: g++ -c -O2   conftest.cc >&5
configure:19896: $? = 0
configure:19900: test -z 
			 || test ! -s conftest.err
configure:19903: $? = 0
configure:19906: test -s conftest.o
configure:19909: $? = 0
configure:19911: result: yes
configure:19955: checking IPv6 support
configure:19980: g++ -o conftest -O2    conftest.cc  >&5
configure:19983: $? = 0
configure:19985: ./conftest
configure:19988: $? = 0
configure:19990: result: enabled
configure:19995: checking if necessary options for IPv6 multicasting are available
configure:20016: g++ -c -O2   conftest.cc >&5
configure:20022: $? = 0
configure:20026: test -z 
			 || test ! -s conftest.err
configure:20029: $? = 0
configure:20032: test -s conftest.o
configure:20035: $? = 0
configure:20038: result: yes
configure:20076: checking ifaddrs.h usability
configure:20088: g++ -c -O2   conftest.cc >&5
configure:20094: $? = 0
configure:20098: test -z 
			 || test ! -s conftest.err
configure:20101: $? = 0
configure:20104: test -s conftest.o
configure:20107: $? = 0
configure:20117: result: yes
configure:20121: checking ifaddrs.h presence
configure:20131: g++ -E  conftest.cc
configure:20137: $? = 0
configure:20157: result: yes
configure:20192: checking for ifaddrs.h
configure:20199: result: yes
configure:20378: creating ./config.status

## ---------------------- ##
## Running config.status. ##
## ---------------------- ##

This file was extended by config.status, which was
generated by GNU Autoconf 2.59.  Invocation command line was

  CONFIG_FILES    = 
  CONFIG_HEADERS  = 
  CONFIG_LINKS    = 
  CONFIG_COMMANDS = 
  $ ./config.status 

on stp-iMac.local

config.status:734: creating Makefile
config.status:734: creating src/Makefile
config.status:734: creating src/rtpconfig_unix.h
config.status:734: creating doc/Makefile
config.status:734: creating tools/Makefile
config.status:734: creating examples/Makefile
config.status:734: creating pkgconfig/Makefile
config.status:734: creating pkgconfig/jrtplib.pc
config.status:734: creating pkgconfig/jrtplib-uninstalled.pc
config.status:917: executing depfiles commands

## ---------------- ##
## Cache variables. ##
## ---------------- ##

ac_cv_build=i686-apple-darwin8.8.1
ac_cv_build_alias=i686-apple-darwin8.8.1
ac_cv_c_bigendian=no
ac_cv_c_compiler_gnu=yes
ac_cv_cxx_compiler_gnu=yes
ac_cv_env_CC_set=
ac_cv_env_CC_value=
ac_cv_env_CFLAGS_set=
ac_cv_env_CFLAGS_value=
ac_cv_env_CPPFLAGS_set=
ac_cv_env_CPPFLAGS_value=
ac_cv_env_CPP_set=
ac_cv_env_CPP_value=
ac_cv_env_CXXCPP_set=
ac_cv_env_CXXCPP_value=
ac_cv_env_CXXFLAGS_set=
ac_cv_env_CXXFLAGS_value=
ac_cv_env_CXX_set=
ac_cv_env_CXX_value=
ac_cv_env_F77_set=
ac_cv_env_F77_value=
ac_cv_env_FFLAGS_set=
ac_cv_env_FFLAGS_value=
ac_cv_env_LDFLAGS_set=
ac_cv_env_LDFLAGS_value=
ac_cv_env_build_alias_set=
ac_cv_env_build_alias_value=
ac_cv_env_host_alias_set=
ac_cv_env_host_alias_value=
ac_cv_env_target_alias_set=
ac_cv_env_target_alias_value=
ac_cv_exeext=
ac_cv_f77_compiler_gnu=no
ac_cv_header_dlfcn_h=yes
ac_cv_header_ifaddrs_h=yes
ac_cv_header_inttypes_h=yes
ac_cv_header_memory_h=yes
ac_cv_header_stdc=yes
ac_cv_header_stdint_h=yes
ac_cv_header_stdlib_h=yes
ac_cv_header_string_h=yes
ac_cv_header_strings_h=yes
ac_cv_header_sys_filio_h=yes
ac_cv_header_sys_sockio_h=yes
ac_cv_header_sys_stat_h=yes
ac_cv_header_sys_types_h=yes
ac_cv_header_unistd_h=yes
ac_cv_host=i686-apple-darwin8.8.1
ac_cv_host_alias=i686-apple-darwin8.8.1
ac_cv_objext=o
ac_cv_path_install='/usr/bin/install -c'
ac_cv_prog_AWK=awk
ac_cv_prog_CPP='gcc -E'
ac_cv_prog_CXXCPP='g++ -E'
ac_cv_prog_ac_ct_AR=ar
ac_cv_prog_ac_ct_CC=gcc
ac_cv_prog_ac_ct_CXX=g++
ac_cv_prog_ac_ct_RANLIB=ranlib
ac_cv_prog_ac_ct_STRIP=strip
ac_cv_prog_cc_g=yes
ac_cv_prog_cc_stdc=
ac_cv_prog_cxx_g=yes
ac_cv_prog_egrep='grep -E'
ac_cv_prog_f77_g=no
ac_cv_prog_make_make_set=yes
am_cv_CC_dependencies_compiler_type=gcc3
am_cv_CXX_dependencies_compiler_type=gcc3
lt_cv_deplibs_check_method=pass_all
lt_cv_file_magic_cmd='$MAGIC_CMD'
lt_cv_file_magic_test_file=
lt_cv_ld_reload_flag=-r
lt_cv_objdir=.libs
lt_cv_path_LD=/usr/bin/ld
lt_cv_path_LDCXX=/usr/bin/ld
lt_cv_path_NM='/usr/bin/nm -p'
lt_cv_path_SED=/usr/bin/sed
lt_cv_prog_compiler_c_o=yes
lt_cv_prog_compiler_c_o_CXX=yes
lt_cv_prog_compiler_rtti_exceptions=no
lt_cv_prog_gnu_ld=no
lt_cv_prog_gnu_ldcxx=no
lt_cv_sys_global_symbol_pipe='sed -n -e '\''s/^.*[ 	]\([BCDEGRST][BCDEGRST]*\)[ 	][ 	]*_\([_A-Za-z][_A-Za-z0-9]*\)$/\1 _\2 \2/p'\'''
lt_cv_sys_global_symbol_to_c_name_address='sed -n -e '\''s/^: \([^ ]*\) $/  {\"\1\", (lt_ptr) 0},/p'\'' -e '\''s/^[BCDEGRST] \([^ ]*\) \([^ ]*\)$/  {"\2", (lt_ptr) \&\2},/p'\'''
lt_cv_sys_global_symbol_to_cdecl='sed -n -e '\''s/^. .* \(.*\)$/extern int \1;/p'\'''
lt_cv_sys_max_cmd_len=196608
lt_lt_cv_prog_compiler_c_o='"yes"'
lt_lt_cv_prog_compiler_c_o_CXX='"yes"'
lt_lt_cv_sys_global_symbol_pipe='"sed -n -e '\''s/^.*[ 	]\\([BCDEGRST][BCDEGRST]*\\)[ 	][ 	]*_\\([_A-Za-z][_A-Za-z0-9]*\\)\$/\\1 _\\2 \\2/p'\''"'
lt_lt_cv_sys_global_symbol_to_c_name_address='"sed -n -e '\''s/^: \\([^ ]*\\) \$/  {\\\"\\1\\\", (lt_ptr) 0},/p'\'' -e '\''s/^[BCDEGRST] \\([^ ]*\\) \\([^ ]*\\)\$/  {\"\\2\", (lt_ptr) \\&\\2},/p'\''"'
lt_lt_cv_sys_global_symbol_to_cdecl='"sed -n -e '\''s/^. .* \\(.*\\)\$/extern int \\1;/p'\''"'

## ----------------- ##
## Output variables. ##
## ----------------- ##

ACLOCAL='${SHELL} /Users/stp/Code/MacLibs/jrtplib-3.7.0/missing --run aclocal-1.9'
AMDEPBACKSLASH='\'
AMDEP_FALSE='#'
AMDEP_TRUE=''
AMTAR='${SHELL} /Users/stp/Code/MacLibs/jrtplib-3.7.0/missing --run tar'
AR='ar'
AUTOCONF='${SHELL} /Users/stp/Code/MacLibs/jrtplib-3.7.0/missing --run autoconf'
AUTOHEADER='${SHELL} /Users/stp/Code/MacLibs/jrtplib-3.7.0/missing --run autoheader'
AUTOMAKE='${SHELL} /Users/stp/Code/MacLibs/jrtplib-3.7.0/missing --run automake-1.9'
AWK='awk'
CC='gcc'
CCDEPMODE='depmode=gcc3'
CFLAGS='-g -O2'
CPP='gcc -E'
CPPFLAGS=''
CXX='g++'
CXXCPP='g++ -E'
CXXDEPMODE='depmode=gcc3'
CXXFLAGS='-O2 '
CYGPATH_W='echo'
DEFS='-DPACKAGE_NAME=\"\" -DPACKAGE_TARNAME=\"\" -DPACKAGE_VERSION=\"\" -DPACKAGE_STRING=\"\" -DPACKAGE_BUGREPORT=\"\" -DPACKAGE=\"jrtplib\" -DVERSION=\"3.7.0\" -DSTDC_HEADERS=1 -DHAVE_SYS_TYPES_H=1 -DHAVE_SYS_STAT_H=1 -DHAVE_STDLIB_H=1 -DHAVE_STRING_H=1 -DHAVE_MEMORY_H=1 -DHAVE_STRINGS_H=1 -DHAVE_INTTYPES_H=1 -DHAVE_STDINT_H=1 -DHAVE_UNISTD_H=1 -DHAVE_DLFCN_H=1 '
DEPDIR='.deps'
ECHO='echo'
ECHO_C=''
ECHO_N='-n'
ECHO_T=''
EGREP='grep -E'
EXEEXT=''
F77=''
FFLAGS=''
INSTALL_DATA='${INSTALL} -m 644'
INSTALL_PROGRAM='${INSTALL}'
INSTALL_SCRIPT='${INSTALL}'
INSTALL_STRIP_PROGRAM='${SHELL} $(install_sh) -c -s'
LDFLAGS=''
LIBOBJS=''
LIBS=''
LIBTOOL='$(SHELL) $(top_builddir)/libtool'
LN_S='ln -s'
LTLIBOBJS=''
MAKEINFO='${SHELL} /Users/stp/Code/MacLibs/jrtplib-3.7.0/missing --run makeinfo'
OBJEXT='o'
PACKAGE='jrtplib'
PACKAGE_BUGREPORT=''
PACKAGE_NAME=''
PACKAGE_STRING=''
PACKAGE_TARNAME=''
PACKAGE_VERSION=''
PATH_SEPARATOR=':'
RANLIB='ranlib'
RTP_ENDIAN='// Little endian system'
RTP_FILIO='#define RTP_HAVE_SYS_FILIO'
RTP_HAVE_SOCKADDR_LEN='#define RTP_HAVE_SOCKADDR_LEN'
RTP_JTHREADINCLUDES=''
RTP_LINKLIBS=''
RTP_SOCKIO='#define RTP_HAVE_SYS_SOCKIO'
RTP_SOCKLENTYPE_UINT='#define RTP_SOCKLENTYPE_UINT'
RTP_SUPPORT_GETLOGINR='#define RTP_SUPPORT_GETLOGINR'
RTP_SUPPORT_GNUDRAND='// Not using drand48_r and srand48_r'
RTP_SUPPORT_IFADDRS='#define RTP_SUPPORT_IFADDRS'
RTP_SUPPORT_INLINETEMPLATEPARAM=''
RTP_SUPPORT_IPV4MULTICAST='#define RTP_SUPPORT_IPV4MULTICAST'
RTP_SUPPORT_IPV6='#define RTP_SUPPORT_IPV6'
RTP_SUPPORT_IPV6MULTICAST='#define RTP_SUPPORT_IPV6MULTICAST'
RTP_SUPPORT_MEMORYMANAGEMENT='#define RTP_SUPPORT_MEMORYMANAGEMENT'
RTP_SUPPORT_PROBATION='#define RTP_SUPPORT_PROBATION'
RTP_SUPPORT_RANDR='#define RTP_SUPPORT_RANDR'
RTP_SUPPORT_SDESPRIV='#define RTP_SUPPORT_SDESPRIV'
RTP_SUPPORT_SENDAPP='#define RTP_SUPPORT_SENDAPP'
RTP_SUPPORT_THREAD='// No support for jthread'
SET_MAKE=''
SHELL='/bin/sh'
STRIP='strip'
VERSION='3.7.0'
ac_ct_AR='ar'
ac_ct_CC='gcc'
ac_ct_CXX='g++'
ac_ct_F77=''
ac_ct_RANLIB='ranlib'
ac_ct_STRIP='strip'
am__fastdepCC_FALSE='#'
am__fastdepCC_TRUE=''
am__fastdepCXX_FALSE='#'
am__fastdepCXX_TRUE=''
am__include='include'
am__leading_dot='.'
am__quote=''
am__tar='${AMTAR} chof - "$$tardir"'
am__untar='${AMTAR} xf -'
bindir='${exec_prefix}/bin'
build='i686-apple-darwin8.8.1'
build_alias=''
build_cpu='i686'
build_os='darwin8.8.1'
build_vendor='apple'
datadir='${prefix}/share'
exec_prefix='${prefix}'
host='i686-apple-darwin8.8.1'
host_alias=''
host_cpu='i686'
host_os='darwin8.8.1'
host_vendor='apple'
includedir='${prefix}/include'
infodir='${prefix}/info'
install_sh='/Users/stp/Code/MacLibs/jrtplib-3.7.0/install-sh'
libdir='${exec_prefix}/lib'
libexecdir='${exec_prefix}/libexec'
localstatedir='${prefix}/var'
mandir='${prefix}/man'
mkdir_p='$(mkinstalldirs)'
oldincludedir='/usr/include'
prefix='/usr/local'
program_transform_name='s,x,x,'
sbindir='${exec_prefix}/sbin'
sharedstatedir='${prefix}/com'
sysconfdir='${prefix}/etc'
target_alias=''

## ----------- ##
## confdefs.h. ##
## ----------- ##

#define HAVE_DLFCN_H 1
#define HAVE_INTTYPES_H 1
#define HAVE_MEMORY_H 1
#define HAVE_STDINT_H 1
#define HAVE_STDLIB_H 1
#define HAVE_STRINGS_H 1
#define HAVE_STRING_H 1
#define HAVE_SYS_STAT_H 1
#define HAVE_SYS_TYPES_H 1
#define HAVE_UNISTD_H 1
#define PACKAGE "jrtplib"
#define PACKAGE_BUGREPORT ""
#define PACKAGE_NAME ""
#define PACKAGE_STRING ""
#define PACKAGE_TARNAME ""
#define PACKAGE_VERSION ""
#define STDC_HEADERS 1
#define VERSION "3.7.0"
#endif
#ifdef __cplusplus
extern "C" void std::exit (int); using std::exit;

configure: exit 0

## ---------------------- ##
## Running config.status. ##
## ---------------------- ##

This file was extended by config.status, which was
generated by GNU Autoconf 2.59.  Invocation command line was

  CONFIG_FILES    = 
  CONFIG_HEADERS  = 
  CONFIG_LINKS    = 
  CONFIG_COMMANDS = 
  $ ./config.status pkgconfig/jrtplib.pc

on STP-MacBook.local

config.status:734: creating pkgconfig/jrtplib.pc

## ---------------------- ##
## Running config.status. ##
## ---------------------- ##

This file was extended by config.status, which was
generated by GNU Autoconf 2.59.  Invocation command line was

  CONFIG_FILES    = 
  CONFIG_HEADERS  = 
  CONFIG_LINKS    = 
  CONFIG_COMMANDS = 
  $ ./config.status pkgconfig/jrtplib-uninstalled.pc

on STP-MacBook.local

config.status:734: creating pkgconfig/jrtplib-uninstalled.pc
