This file contains any messages produced by compilers while
running configure, to aid debugging if configure makes a mistake.

It was created by configure, which was
generated by GNU Autoconf 2.61.  Invocation command line was

  $ ./configure 

## --------- ##
## Platform. ##
## --------- ##

hostname = STP.local
uname -m = i386
uname -r = 10.2.0
uname -s = Darwin
uname -v = Darwin Kernel Version 10.2.0: Tue Nov  3 10:37:10 PST 2009; root:xnu-1486.2.11~1/RELEASE_I386

/usr/bin/uname -p = i386
/bin/uname -X     = unknown

/bin/arch              = unknown
/usr/bin/arch -k       = unknown
/usr/convex/getsysinfo = unknown
/usr/bin/hostinfo      = Mach kernel version:
	 Darwin Kernel Version 10.2.0: Tue Nov  3 10:37:10 PST 2009; root:xnu-1486.2.11~1/RELEASE_I386
Kernel configured for up to 2 processors.
2 processors are physically available.
2 processors are logically available.
Processor type: i486 (Intel 80486)
Processors active: 0 1
Primary memory available: 4.00 gigabytes
Default processor set: 83 tasks, 405 threads, 2 processors
Load average: 2.65, Mach factor: 0.20
/bin/machine           = unknown
/usr/bin/oslevel       = unknown
/bin/universe          = unknown

PATH: /opt/local/bin
PATH: /opt/local/sbin
PATH: /opt/local/bin
PATH: /opt/local/sbin
PATH: /opt/local/bin
PATH: /opt/local/sbin
PATH: /opt/local/bin
PATH: /opt/local/sbin
PATH: .
PATH: /Users/stp/Applications
PATH: /opt/subversion/bin
PATH: /opt/local/bin
PATH: .
PATH: /usr/local/bin
PATH: /usr/local/pgsql/bin
PATH: /usr/X11R6/bin
PATH: /usr/bin
PATH: /bin
PATH: /usr/sbin
PATH: /sbin
PATH: /usr/local/bin
PATH: /usr/X11/bin
PATH: /usr/local/ec2/bin


## ----------- ##
## Core tests. ##
## ----------- ##

configure:2087: checking for gcc
configure:2103: found /usr/bin/gcc
configure:2114: result: gcc
configure:2352: checking for C compiler version
configure:2359: gcc --version >&5
i686-apple-darwin10-gcc-4.2.1 (GCC) 4.2.1 (Apple Inc. build 5646) (dot 1)
Copyright (C) 2007 Free Software Foundation, Inc.
This is free software; see the source for copying conditions.  There is NO
warranty; not even for MERCHANTABILITY or FITNESS FOR A PARTICULAR PURPOSE.

configure:2362: $? = 0
configure:2369: gcc -v >&5
Using built-in specs.
Target: i686-apple-darwin10
Configured with: /var/tmp/gcc/gcc-5646.1~2/src/configure --disable-checking --enable-werror --prefix=/usr --mandir=/share/man --enable-languages=c,objc,c++,obj-c++ --program-transform-name=/^[cg][^.-]*$/s/$/-4.2/ --with-slibdir=/usr/lib --build=i686-apple-darwin10 --with-gxx-include-dir=/include/c++/4.2.1 --program-prefix=i686-apple-darwin10- --host=x86_64-apple-darwin10 --target=i686-apple-darwin10
Thread model: posix
gcc version 4.2.1 (Apple Inc. build 5646) (dot 1)
configure:2372: $? = 0
configure:2379: gcc -V >&5
gcc-4.2: argument to `-V' is missing
configure:2382: $? = 1
configure:2405: checking for C compiler default output file name
configure:2432: gcc    conftest.c  >&5
configure:2435: $? = 0
configure:2473: result: a.out
configure:2490: checking whether the C compiler works
configure:2500: ./a.out
configure:2503: $? = 0
configure:2520: result: yes
configure:2527: checking whether we are cross compiling
configure:2529: result: no
configure:2532: checking for suffix of executables
configure:2539: gcc -o conftest    conftest.c  >&5
configure:2542: $? = 0
configure:2566: result: 
configure:2572: checking for suffix of object files
configure:2598: gcc -c   conftest.c >&5
configure:2601: $? = 0
configure:2624: result: o
configure:2628: checking whether we are using the GNU C compiler
configure:2657: gcc -c   conftest.c >&5
configure:2663: $? = 0
configure:2680: result: yes
configure:2685: checking whether gcc accepts -g
configure:2715: gcc -c -g  conftest.c >&5
configure:2721: $? = 0
configure:2820: result: yes
configure:2837: checking for gcc option to accept ISO C89
configure:2911: gcc  -c -g -O2  conftest.c >&5
configure:2917: $? = 0
configure:2940: result: none needed
configure:3069: checking build system type
configure:3087: result: i686-apple-darwin10.2.0
configure:3109: checking host system type
configure:3124: result: i686-apple-darwin10.2.0
configure:3146: checking for a sed that does not truncate output
configure:3200: result: /usr/bin/sed
configure:3203: checking for grep that handles long lines and -e
configure:3277: result: /usr/bin/grep
configure:3282: checking for egrep
configure:3360: result: /usr/bin/grep -E
configure:3376: checking for ld used by gcc
configure:3443: result: /usr/libexec/gcc/i686-apple-darwin10/4.2.1/ld
configure:3452: checking if the linker (/usr/libexec/gcc/i686-apple-darwin10/4.2.1/ld) is GNU ld
configure:3467: result: no
configure:3472: checking for /usr/libexec/gcc/i686-apple-darwin10/4.2.1/ld option to reload object files
configure:3479: result: -r
configure:3497: checking for BSD-compatible nm
configure:3546: result: /usr/bin/nm
configure:3550: checking whether ln -s works
configure:3554: result: yes
configure:3561: checking how to recognise dependent libraries
configure:3737: result: pass_all
configure:4261: checking how to run the C preprocessor
configure:4301: gcc -E  conftest.c
configure:4307: $? = 0
configure:4338: gcc -E  conftest.c
conftest.c:8:28: error: ac_nonexistent.h: No such file or directory
configure:4344: $? = 1
configure: failed program was:
| /* confdefs.h.  */
| #define PACKAGE_NAME ""
| #define PACKAGE_TARNAME ""
| #define PACKAGE_VERSION ""
| #define PACKAGE_STRING ""
| #define PACKAGE_BUGREPORT ""
| /* end confdefs.h.  */
| #include <ac_nonexistent.h>
configure:4377: result: gcc -E
configure:4406: gcc -E  conftest.c
configure:4412: $? = 0
configure:4443: gcc -E  conftest.c
conftest.c:8:28: error: ac_nonexistent.h: No such file or directory
configure:4449: $? = 1
configure: failed program was:
| /* confdefs.h.  */
| #define PACKAGE_NAME ""
| #define PACKAGE_TARNAME ""
| #define PACKAGE_VERSION ""
| #define PACKAGE_STRING ""
| #define PACKAGE_BUGREPORT ""
| /* end confdefs.h.  */
| #include <ac_nonexistent.h>
configure:4487: checking for ANSI C header files
configure:4517: gcc -c -g -O2  conftest.c >&5
configure:4523: $? = 0
configure:4622: gcc -o conftest -g -O2   conftest.c  >&5
configure:4625: $? = 0
configure:4631: ./conftest
configure:4634: $? = 0
configure:4651: result: yes
configure:4675: checking for sys/types.h
configure:4696: gcc -c -g -O2  conftest.c >&5
configure:4702: $? = 0
configure:4718: result: yes
configure:4675: checking for sys/stat.h
configure:4696: gcc -c -g -O2  conftest.c >&5
configure:4702: $? = 0
configure:4718: result: yes
configure:4675: checking for stdlib.h
configure:4696: gcc -c -g -O2  conftest.c >&5
configure:4702: $? = 0
configure:4718: result: yes
configure:4675: checking for string.h
configure:4696: gcc -c -g -O2  conftest.c >&5
configure:4702: $? = 0
configure:4718: result: yes
configure:4675: checking for memory.h
configure:4696: gcc -c -g -O2  conftest.c >&5
configure:4702: $? = 0
configure:4718: result: yes
configure:4675: checking for strings.h
configure:4696: gcc -c -g -O2  conftest.c >&5
configure:4702: $? = 0
configure:4718: result: yes
configure:4675: checking for inttypes.h
configure:4696: gcc -c -g -O2  conftest.c >&5
configure:4702: $? = 0
configure:4718: result: yes
configure:4675: checking for stdint.h
configure:4696: gcc -c -g -O2  conftest.c >&5
configure:4702: $? = 0
configure:4718: result: yes
configure:4675: checking for unistd.h
configure:4696: gcc -c -g -O2  conftest.c >&5
configure:4702: $? = 0
configure:4718: result: yes
configure:4745: checking dlfcn.h usability
configure:4762: gcc -c -g -O2  conftest.c >&5
configure:4768: $? = 0
configure:4782: result: yes
configure:4786: checking dlfcn.h presence
configure:4801: gcc -E  conftest.c
configure:4807: $? = 0
configure:4821: result: yes
configure:4849: checking for dlfcn.h
configure:4857: result: yes
configure:4928: checking for g++
configure:4944: found /usr/bin/g++
configure:4955: result: g++
configure:4986: checking for C++ compiler version
configure:4993: g++ --version >&5
i686-apple-darwin10-g++-4.2.1 (GCC) 4.2.1 (Apple Inc. build 5646) (dot 1)
Copyright (C) 2007 Free Software Foundation, Inc.
This is free software; see the source for copying conditions.  There is NO
warranty; not even for MERCHANTABILITY or FITNESS FOR A PARTICULAR PURPOSE.

configure:4996: $? = 0
configure:5003: g++ -v >&5
Using built-in specs.
Target: i686-apple-darwin10
Configured with: /var/tmp/gcc/gcc-5646.1~2/src/configure --disable-checking --enable-werror --prefix=/usr --mandir=/share/man --enable-languages=c,objc,c++,obj-c++ --program-transform-name=/^[cg][^.-]*$/s/$/-4.2/ --with-slibdir=/usr/lib --build=i686-apple-darwin10 --with-gxx-include-dir=/include/c++/4.2.1 --program-prefix=i686-apple-darwin10- --host=x86_64-apple-darwin10 --target=i686-apple-darwin10
Thread model: posix
gcc version 4.2.1 (Apple Inc. build 5646) (dot 1)
configure:5006: $? = 0
configure:5013: g++ -V >&5
g++-4.2: argument to `-V' is missing
configure:5016: $? = 1
configure:5019: checking whether we are using the GNU C++ compiler
configure:5048: g++ -c   conftest.cpp >&5
configure:5054: $? = 0
configure:5071: result: yes
configure:5076: checking whether g++ accepts -g
configure:5106: g++ -c -g  conftest.cpp >&5
configure:5112: $? = 0
configure:5211: result: yes
configure:5244: checking how to run the C++ preprocessor
configure:5280: g++ -E  conftest.cpp
configure:5286: $? = 0
configure:5317: g++ -E  conftest.cpp
conftest.cpp:19:28: error: ac_nonexistent.h: No such file or directory
configure:5323: $? = 1
configure: failed program was:
| /* confdefs.h.  */
| #define PACKAGE_NAME ""
| #define PACKAGE_TARNAME ""
| #define PACKAGE_VERSION ""
| #define PACKAGE_STRING ""
| #define PACKAGE_BUGREPORT ""
| #define STDC_HEADERS 1
| #define HAVE_SYS_TYPES_H 1
| #define HAVE_SYS_STAT_H 1
| #define HAVE_STDLIB_H 1
| #define HAVE_STRING_H 1
| #define HAVE_MEMORY_H 1
| #define HAVE_STRINGS_H 1
| #define HAVE_INTTYPES_H 1
| #define HAVE_STDINT_H 1
| #define HAVE_UNISTD_H 1
| #define HAVE_DLFCN_H 1
| /* end confdefs.h.  */
| #include <ac_nonexistent.h>
configure:5356: result: g++ -E
configure:5385: g++ -E  conftest.cpp
configure:5391: $? = 0
configure:5422: g++ -E  conftest.cpp
conftest.cpp:19:28: error: ac_nonexistent.h: No such file or directory
configure:5428: $? = 1
configure: failed program was:
| /* confdefs.h.  */
| #define PACKAGE_NAME ""
| #define PACKAGE_TARNAME ""
| #define PACKAGE_VERSION ""
| #define PACKAGE_STRING ""
| #define PACKAGE_BUGREPORT ""
| #define STDC_HEADERS 1
| #define HAVE_SYS_TYPES_H 1
| #define HAVE_SYS_STAT_H 1
| #define HAVE_STDLIB_H 1
| #define HAVE_STRING_H 1
| #define HAVE_MEMORY_H 1
| #define HAVE_STRINGS_H 1
| #define HAVE_INTTYPES_H 1
| #define HAVE_STDINT_H 1
| #define HAVE_UNISTD_H 1
| #define HAVE_DLFCN_H 1
| /* end confdefs.h.  */
| #include <ac_nonexistent.h>
configure:5521: checking for g77
configure:5551: result: no
configure:5521: checking for xlf
configure:5551: result: no
configure:5521: checking for f77
configure:5551: result: no
configure:5521: checking for frt
configure:5551: result: no
configure:5521: checking for pgf77
configure:5551: result: no
configure:5521: checking for cf77
configure:5551: result: no
configure:5521: checking for fort77
configure:5551: result: no
configure:5521: checking for fl32
configure:5551: result: no
configure:5521: checking for af77
configure:5551: result: no
configure:5521: checking for xlf90
configure:5551: result: no
configure:5521: checking for f90
configure:5551: result: no
configure:5521: checking for pgf90
configure:5551: result: no
configure:5521: checking for pghpf
configure:5551: result: no
configure:5521: checking for epcf90
configure:5551: result: no
configure:5521: checking for gfortran
configure:5551: result: no
configure:5521: checking for g95
configure:5551: result: no
configure:5521: checking for xlf95
configure:5551: result: no
configure:5521: checking for f95
configure:5551: result: no
configure:5521: checking for fort
configure:5551: result: no
configure:5521: checking for ifort
configure:5551: result: no
configure:5521: checking for ifc
configure:5551: result: no
configure:5521: checking for efc
configure:5551: result: no
configure:5521: checking for pgf95
configure:5551: result: no
configure:5521: checking for lf95
configure:5551: result: no
configure:5521: checking for ftn
configure:5551: result: no
configure:5578: checking for Fortran 77 compiler version
configure:5585:  --version >&5
./configure: line 5586: --version: command not found
configure:5588: $? = 127
configure:5595:  -v >&5
./configure: line 5596: -v: command not found
configure:5598: $? = 127
configure:5605:  -V >&5
./configure: line 5606: -V: command not found
configure:5608: $? = 127
configure:5616: checking whether we are using the GNU Fortran 77 compiler
configure:5635:  -c  conftest.F >&5
./configure: line 5636: -c: command not found
configure:5641: $? = 127
configure: failed program was:
|       program main
| #ifndef __GNUC__
|        choke me
| #endif
| 
|       end
configure:5658: result: no
configure:5664: checking whether  accepts -g
configure:5681:  -c -g conftest.f >&5
./configure: line 5682: -c: command not found
configure:5687: $? = 127
configure: failed program was:
|       program main
| 
|       end
configure:5703: result: no
configure:5733: checking the maximum length of command line arguments
configure:5842: result: 196608
configure:5853: checking command to parse /usr/bin/nm output from gcc object
configure:5958: gcc -c -g -O2  conftest.c >&5
configure:5961: $? = 0
configure:5965: /usr/bin/nm conftest.o \| sed -n -e 's/^.*[ 	]\([BCDEGRST][BCDEGRST]*\)[ 	][ 	]*\([_A-Za-z][_A-Za-z0-9]*\)$/\1 \2 \2/p' \> conftest.nm
configure:5968: $? = 0
cannot find nm_test_var in conftest.nm
configure:5958: gcc -c -g -O2  conftest.c >&5
configure:5961: $? = 0
configure:5965: /usr/bin/nm conftest.o \| sed -n -e 's/^.*[ 	]\([BCDEGRST][BCDEGRST]*\)[ 	][ 	]*_\([_A-Za-z][_A-Za-z0-9]*\)$/\1 _\2 \2/p' \> conftest.nm
configure:5968: $? = 0
configure:6020: gcc -o conftest -g -O2   conftest.c conftstm.o >&5
configure:6023: $? = 0
configure:6061: result: ok
configure:6065: checking for objdir
configure:6080: result: .libs
configure:6172: checking for ar
configure:6188: found /usr/bin/ar
configure:6199: result: ar
configure:6268: checking for ranlib
configure:6284: found /usr/bin/ranlib
configure:6295: result: ranlib
configure:6364: checking for strip
configure:6380: found /usr/bin/strip
configure:6391: result: strip
configure:6628: checking for correct ltmain.sh version
configure:6678: result: yes
configure:6738: checking if gcc supports -fno-rtti -fno-exceptions
configure:6756: gcc -c -g -O2  -fno-rtti -fno-exceptions conftest.c >&5
cc1: warning: command line option "-fno-rtti" is valid for C++/ObjC++ but not for C
configure:6760: $? = 0
configure:6773: result: no
configure:6788: checking for gcc option to produce PIC
configure:6998: result: -fno-common
configure:7006: checking if gcc PIC flag -fno-common works
configure:7024: gcc -c -g -O2  -fno-common -DPIC conftest.c >&5
configure:7028: $? = 0
configure:7041: result: yes
configure:7069: checking if gcc static flag -static works
configure:7097: result: no
configure:7107: checking if gcc supports -c -o file.o
configure:7128: gcc -c -g -O2  -o out/conftest2.o conftest.c >&5
configure:7132: $? = 0
configure:7154: result: yes
configure:7180: checking whether the gcc linker (/usr/libexec/gcc/i686-apple-darwin10/4.2.1/ld) supports shared libraries
configure:8134: result: yes
configure:8201: checking dynamic linker characteristics
configure:8826: result: darwin10.2.0 dyld
configure:8835: checking how to hardcode library paths into programs
configure:8860: result: immediate
configure:8874: checking whether stripping libraries is possible
configure:8887: result: yes
configure:9680: checking if libtool supports shared libraries
configure:9682: result: yes
configure:9685: checking whether to build shared libraries
configure:9706: result: yes
configure:9709: checking whether to build static libraries
configure:9713: result: yes
configure:9805: creating libtool
configure:10393: checking for ld used by g++
configure:10460: result: /usr/libexec/gcc/i686-apple-darwin10/4.2.1/ld
configure:10469: checking if the linker (/usr/libexec/gcc/i686-apple-darwin10/4.2.1/ld) is GNU ld
configure:10484: result: no
configure:10535: checking whether the g++ linker (/usr/libexec/gcc/i686-apple-darwin10/4.2.1/ld) supports shared libraries
configure:11469: result: yes
configure:11487: g++ -c -g -O2  conftest.cpp >&5
configure:11490: $? = 0
configure:11609: checking for g++ option to produce PIC
configure:11883: result: -fno-common
configure:11891: checking if g++ PIC flag -fno-common works
configure:11909: g++ -c -g -O2  -fno-common -DPIC conftest.cpp >&5
configure:11913: $? = 0
configure:11926: result: yes
configure:11954: checking if g++ static flag -static works
configure:11982: result: no
configure:11992: checking if g++ supports -c -o file.o
configure:12013: g++ -c -g -O2  -o out/conftest2.o conftest.cpp >&5
configure:12017: $? = 0
configure:12039: result: yes
configure:12065: checking whether the g++ linker (/usr/libexec/gcc/i686-apple-darwin10/4.2.1/ld) supports shared libraries
configure:12090: result: yes
configure:12157: checking dynamic linker characteristics
configure:12782: result: darwin10.2.0 dyld
configure:12791: checking how to hardcode library paths into programs
configure:12816: result: immediate
configure:19043: checking for a BSD-compatible install
configure:19099: result: /usr/bin/install -c
configure:19110: checking whether ln -s works
configure:19114: result: yes
configure:19123: checking for ar
configure:19141: found /usr/bin/ar
configure:19154: result: /usr/bin/ar
configure:19168: checking whether byte ordering is bigendian
configure:19201: gcc -c -g -O2  conftest.c >&5
configure:19207: $? = 0
configure:19239: gcc -c -g -O2  conftest.c >&5
conftest.c: In function 'main':
conftest.c:26: error: 'not' undeclared (first use in this function)
conftest.c:26: error: (Each undeclared identifier is reported only once
conftest.c:26: error: for each function it appears in.)
conftest.c:26: error: expected ';' before 'big'
configure:19245: $? = 1
configure: failed program was:
| /* confdefs.h.  */
| #define PACKAGE_NAME ""
| #define PACKAGE_TARNAME ""
| #define PACKAGE_VERSION ""
| #define PACKAGE_STRING ""
| #define PACKAGE_BUGREPORT ""
| #define STDC_HEADERS 1
| #define HAVE_SYS_TYPES_H 1
| #define HAVE_SYS_STAT_H 1
| #define HAVE_STDLIB_H 1
| #define HAVE_STRING_H 1
| #define HAVE_MEMORY_H 1
| #define HAVE_STRINGS_H 1
| #define HAVE_INTTYPES_H 1
| #define HAVE_STDINT_H 1
| #define HAVE_UNISTD_H 1
| #define HAVE_DLFCN_H 1
| /* end confdefs.h.  */
| #include <sys/types.h>
| #include <sys/param.h>
| 
| int
| main ()
| {
| #if BYTE_ORDER != BIG_ENDIAN
|  not big endian
| #endif
| 
|   ;
|   return 0;
| }
configure:19385: result: no
configure:19406: checking for snd_pcm_open in -lasound
configure:19441: gcc -o conftest -g -O2   conftest.c -lasound   >&5
ld: library not found for -lasound
collect2: ld returned 1 exit status
configure:19447: $? = 1
configure: failed program was:
| /* confdefs.h.  */
| #define PACKAGE_NAME ""
| #define PACKAGE_TARNAME ""
| #define PACKAGE_VERSION ""
| #define PACKAGE_STRING ""
| #define PACKAGE_BUGREPORT ""
| #define STDC_HEADERS 1
| #define HAVE_SYS_TYPES_H 1
| #define HAVE_SYS_STAT_H 1
| #define HAVE_STDLIB_H 1
| #define HAVE_STRING_H 1
| #define HAVE_MEMORY_H 1
| #define HAVE_STRINGS_H 1
| #define HAVE_INTTYPES_H 1
| #define HAVE_STDINT_H 1
| #define HAVE_UNISTD_H 1
| #define HAVE_DLFCN_H 1
| /* end confdefs.h.  */
| 
| /* Override any GCC internal prototype to avoid an error.
|    Use char because int might match the return type of a GCC
|    builtin and then its argument prototype would still apply.  */
| #ifdef __cplusplus
| extern "C"
| #endif
| char snd_pcm_open ();
| int
| main ()
| {
| return snd_pcm_open ();
|   ;
|   return 0;
| }
configure:19465: result: no
configure:19473: checking for HPI_SubSysCreate in -lhpi
configure:19508: gcc -o conftest -g -O2   conftest.c -lhpi -lm  >&5
ld: library not found for -lhpi
collect2: ld returned 1 exit status
configure:19514: $? = 1
configure: failed program was:
| /* confdefs.h.  */
| #define PACKAGE_NAME ""
| #define PACKAGE_TARNAME ""
| #define PACKAGE_VERSION ""
| #define PACKAGE_STRING ""
| #define PACKAGE_BUGREPORT ""
| #define STDC_HEADERS 1
| #define HAVE_SYS_TYPES_H 1
| #define HAVE_SYS_STAT_H 1
| #define HAVE_STDLIB_H 1
| #define HAVE_STRING_H 1
| #define HAVE_MEMORY_H 1
| #define HAVE_STRINGS_H 1
| #define HAVE_INTTYPES_H 1
| #define HAVE_STDINT_H 1
| #define HAVE_UNISTD_H 1
| #define HAVE_DLFCN_H 1
| /* end confdefs.h.  */
| 
| /* Override any GCC internal prototype to avoid an error.
|    Use char because int might match the return type of a GCC
|    builtin and then its argument prototype would still apply.  */
| #ifdef __cplusplus
| extern "C"
| #endif
| char HPI_SubSysCreate ();
| int
| main ()
| {
| return HPI_SubSysCreate ();
|   ;
|   return 0;
| }
configure:19532: result: no
configure:19540: checking for _oss_ioctl in -lossaudio
configure:19575: gcc -o conftest -g -O2   conftest.c -lossaudio   >&5
ld: library not found for -lossaudio
collect2: ld returned 1 exit status
configure:19581: $? = 1
configure: failed program was:
| /* confdefs.h.  */
| #define PACKAGE_NAME ""
| #define PACKAGE_TARNAME ""
| #define PACKAGE_VERSION ""
| #define PACKAGE_STRING ""
| #define PACKAGE_BUGREPORT ""
| #define STDC_HEADERS 1
| #define HAVE_SYS_TYPES_H 1
| #define HAVE_SYS_STAT_H 1
| #define HAVE_STDLIB_H 1
| #define HAVE_STRING_H 1
| #define HAVE_MEMORY_H 1
| #define HAVE_STRINGS_H 1
| #define HAVE_INTTYPES_H 1
| #define HAVE_STDINT_H 1
| #define HAVE_UNISTD_H 1
| #define HAVE_DLFCN_H 1
| /* end confdefs.h.  */
| 
| /* Override any GCC internal prototype to avoid an error.
|    Use char because int might match the return type of a GCC
|    builtin and then its argument prototype would still apply.  */
| #ifdef __cplusplus
| extern "C"
| #endif
| char _oss_ioctl ();
| int
| main ()
| {
| return _oss_ioctl ();
|   ;
|   return 0;
| }
configure:19599: result: no
configure:19658: checking for pkg-config
configure:19676: found /opt/local/bin/pkg-config
configure:19688: result: /opt/local/bin/pkg-config
configure:19717: checking pkg-config is at least version 0.9.0
configure:19720: result: yes
configure:19731: checking for JACK
configure:19739: $PKG_CONFIG --exists --print-errors "jack"
Package jack was not found in the pkg-config search path.
Perhaps you should add the directory containing `jack.pc'
to the PKG_CONFIG_PATH environment variable
No package 'jack' found
configure:19742: $? = 1
configure:19757: $PKG_CONFIG --exists --print-errors "jack"
Package jack was not found in the pkg-config search path.
Perhaps you should add the directory containing `jack.pc'
to the PKG_CONFIG_PATH environment variable
No package 'jack' found
configure:19760: $? = 1
No package 'jack' found
configure:19816: checking sys/soundcard.h usability
configure:19833: gcc -c -g -O2  conftest.c >&5
conftest.c:52:27: error: sys/soundcard.h: No such file or directory
configure:19839: $? = 1
configure: failed program was:
| /* confdefs.h.  */
| #define PACKAGE_NAME ""
| #define PACKAGE_TARNAME ""
| #define PACKAGE_VERSION ""
| #define PACKAGE_STRING ""
| #define PACKAGE_BUGREPORT ""
| #define STDC_HEADERS 1
| #define HAVE_SYS_TYPES_H 1
| #define HAVE_SYS_STAT_H 1
| #define HAVE_STDLIB_H 1
| #define HAVE_STRING_H 1
| #define HAVE_MEMORY_H 1
| #define HAVE_STRINGS_H 1
| #define HAVE_INTTYPES_H 1
| #define HAVE_STDINT_H 1
| #define HAVE_UNISTD_H 1
| #define HAVE_DLFCN_H 1
| /* end confdefs.h.  */
| #include <stdio.h>
| #ifdef HAVE_SYS_TYPES_H
| # include <sys/types.h>
| #endif
| #ifdef HAVE_SYS_STAT_H
| # include <sys/stat.h>
| #endif
| #ifdef STDC_HEADERS
| # include <stdlib.h>
| # include <stddef.h>
| #else
| # ifdef HAVE_STDLIB_H
| #  include <stdlib.h>
| # endif
| #endif
| #ifdef HAVE_STRING_H
| # if !defined STDC_HEADERS && defined HAVE_MEMORY_H
| #  include <memory.h>
| # endif
| # include <string.h>
| #endif
| #ifdef HAVE_STRINGS_H
| # include <strings.h>
| #endif
| #ifdef HAVE_INTTYPES_H
| # include <inttypes.h>
| #endif
| #ifdef HAVE_STDINT_H
| # include <stdint.h>
| #endif
| #ifdef HAVE_UNISTD_H
| # include <unistd.h>
| #endif
| #include <sys/soundcard.h>
configure:19853: result: no
configure:19857: checking sys/soundcard.h presence
configure:19872: gcc -E  conftest.c
conftest.c:19:27: error: sys/soundcard.h: No such file or directory
configure:19878: $? = 1
configure: failed program was:
| /* confdefs.h.  */
| #define PACKAGE_NAME ""
| #define PACKAGE_TARNAME ""
| #define PACKAGE_VERSION ""
| #define PACKAGE_STRING ""
| #define PACKAGE_BUGREPORT ""
| #define STDC_HEADERS 1
| #define HAVE_SYS_TYPES_H 1
| #define HAVE_SYS_STAT_H 1
| #define HAVE_STDLIB_H 1
| #define HAVE_STRING_H 1
| #define HAVE_MEMORY_H 1
| #define HAVE_STRINGS_H 1
| #define HAVE_INTTYPES_H 1
| #define HAVE_STDINT_H 1
| #define HAVE_UNISTD_H 1
| #define HAVE_DLFCN_H 1
| /* end confdefs.h.  */
| #include <sys/soundcard.h>
configure:19892: result: no
configure:19920: checking for sys/soundcard.h
configure:19928: result: no
configure:19816: checking linux/soundcard.h usability
configure:19833: gcc -c -g -O2  conftest.c >&5
conftest.c:52:29: error: linux/soundcard.h: No such file or directory
configure:19839: $? = 1
configure: failed program was:
| /* confdefs.h.  */
| #define PACKAGE_NAME ""
| #define PACKAGE_TARNAME ""
| #define PACKAGE_VERSION ""
| #define PACKAGE_STRING ""
| #define PACKAGE_BUGREPORT ""
| #define STDC_HEADERS 1
| #define HAVE_SYS_TYPES_H 1
| #define HAVE_SYS_STAT_H 1
| #define HAVE_STDLIB_H 1
| #define HAVE_STRING_H 1
| #define HAVE_MEMORY_H 1
| #define HAVE_STRINGS_H 1
| #define HAVE_INTTYPES_H 1
| #define HAVE_STDINT_H 1
| #define HAVE_UNISTD_H 1
| #define HAVE_DLFCN_H 1
| /* end confdefs.h.  */
| #include <stdio.h>
| #ifdef HAVE_SYS_TYPES_H
| # include <sys/types.h>
| #endif
| #ifdef HAVE_SYS_STAT_H
| # include <sys/stat.h>
| #endif
| #ifdef STDC_HEADERS
| # include <stdlib.h>
| # include <stddef.h>
| #else
| # ifdef HAVE_STDLIB_H
| #  include <stdlib.h>
| # endif
| #endif
| #ifdef HAVE_STRING_H
| # if !defined STDC_HEADERS && defined HAVE_MEMORY_H
| #  include <memory.h>
| # endif
| # include <string.h>
| #endif
| #ifdef HAVE_STRINGS_H
| # include <strings.h>
| #endif
| #ifdef HAVE_INTTYPES_H
| # include <inttypes.h>
| #endif
| #ifdef HAVE_STDINT_H
| # include <stdint.h>
| #endif
| #ifdef HAVE_UNISTD_H
| # include <unistd.h>
| #endif
| #include <linux/soundcard.h>
configure:19853: result: no
configure:19857: checking linux/soundcard.h presence
configure:19872: gcc -E  conftest.c
conftest.c:19:29: error: linux/soundcard.h: No such file or directory
configure:19878: $? = 1
configure: failed program was:
| /* confdefs.h.  */
| #define PACKAGE_NAME ""
| #define PACKAGE_TARNAME ""
| #define PACKAGE_VERSION ""
| #define PACKAGE_STRING ""
| #define PACKAGE_BUGREPORT ""
| #define STDC_HEADERS 1
| #define HAVE_SYS_TYPES_H 1
| #define HAVE_SYS_STAT_H 1
| #define HAVE_STDLIB_H 1
| #define HAVE_STRING_H 1
| #define HAVE_MEMORY_H 1
| #define HAVE_STRINGS_H 1
| #define HAVE_INTTYPES_H 1
| #define HAVE_STDINT_H 1
| #define HAVE_UNISTD_H 1
| #define HAVE_DLFCN_H 1
| /* end confdefs.h.  */
| #include <linux/soundcard.h>
configure:19892: result: no
configure:19920: checking for linux/soundcard.h
configure:19928: result: no
configure:19816: checking machine/soundcard.h usability
configure:19833: gcc -c -g -O2  conftest.c >&5
conftest.c:52:31: error: machine/soundcard.h: No such file or directory
configure:19839: $? = 1
configure: failed program was:
| /* confdefs.h.  */
| #define PACKAGE_NAME ""
| #define PACKAGE_TARNAME ""
| #define PACKAGE_VERSION ""
| #define PACKAGE_STRING ""
| #define PACKAGE_BUGREPORT ""
| #define STDC_HEADERS 1
| #define HAVE_SYS_TYPES_H 1
| #define HAVE_SYS_STAT_H 1
| #define HAVE_STDLIB_H 1
| #define HAVE_STRING_H 1
| #define HAVE_MEMORY_H 1
| #define HAVE_STRINGS_H 1
| #define HAVE_INTTYPES_H 1
| #define HAVE_STDINT_H 1
| #define HAVE_UNISTD_H 1
| #define HAVE_DLFCN_H 1
| /* end confdefs.h.  */
| #include <stdio.h>
| #ifdef HAVE_SYS_TYPES_H
| # include <sys/types.h>
| #endif
| #ifdef HAVE_SYS_STAT_H
| # include <sys/stat.h>
| #endif
| #ifdef STDC_HEADERS
| # include <stdlib.h>
| # include <stddef.h>
| #else
| # ifdef HAVE_STDLIB_H
| #  include <stdlib.h>
| # endif
| #endif
| #ifdef HAVE_STRING_H
| # if !defined STDC_HEADERS && defined HAVE_MEMORY_H
| #  include <memory.h>
| # endif
| # include <string.h>
| #endif
| #ifdef HAVE_STRINGS_H
| # include <strings.h>
| #endif
| #ifdef HAVE_INTTYPES_H
| # include <inttypes.h>
| #endif
| #ifdef HAVE_STDINT_H
| # include <stdint.h>
| #endif
| #ifdef HAVE_UNISTD_H
| # include <unistd.h>
| #endif
| #include <machine/soundcard.h>
configure:19853: result: no
configure:19857: checking machine/soundcard.h presence
configure:19872: gcc -E  conftest.c
conftest.c:19:31: error: machine/soundcard.h: No such file or directory
configure:19878: $? = 1
configure: failed program was:
| /* confdefs.h.  */
| #define PACKAGE_NAME ""
| #define PACKAGE_TARNAME ""
| #define PACKAGE_VERSION ""
| #define PACKAGE_STRING ""
| #define PACKAGE_BUGREPORT ""
| #define STDC_HEADERS 1
| #define HAVE_SYS_TYPES_H 1
| #define HAVE_SYS_STAT_H 1
| #define HAVE_STDLIB_H 1
| #define HAVE_STRING_H 1
| #define HAVE_MEMORY_H 1
| #define HAVE_STRINGS_H 1
| #define HAVE_INTTYPES_H 1
| #define HAVE_STDINT_H 1
| #define HAVE_UNISTD_H 1
| #define HAVE_DLFCN_H 1
| /* end confdefs.h.  */
| #include <machine/soundcard.h>
configure:19892: result: no
configure:19920: checking for machine/soundcard.h
configure:19928: result: no
configure:19943: checking for short
configure:19973: gcc -c -g -O2  conftest.c >&5
configure:19979: $? = 0
configure:19994: result: yes
configure:20001: checking size of short
configure:20303: gcc -o conftest -g -O2   conftest.c  >&5
configure:20306: $? = 0
configure:20312: ./conftest
configure:20315: $? = 0
configure:20338: result: 2
configure:20348: checking for int
configure:20378: gcc -c -g -O2  conftest.c >&5
configure:20384: $? = 0
configure:20399: result: yes
configure:20406: checking size of int
configure:20708: gcc -o conftest -g -O2   conftest.c  >&5
configure:20711: $? = 0
configure:20717: ./conftest
configure:20720: $? = 0
configure:20743: result: 4
configure:20753: checking for long
configure:20783: gcc -c -g -O2  conftest.c >&5
configure:20789: $? = 0
configure:20804: result: yes
configure:20811: checking size of long
configure:21113: gcc -o conftest -g -O2   conftest.c  >&5
configure:21116: $? = 0
configure:21122: ./conftest
configure:21125: $? = 0
configure:21148: result: 8
configure:21160: checking for clock_gettime in -lrt
configure:21195: gcc -o conftest -g -O2   conftest.c -lrt   >&5
ld: library not found for -lrt
collect2: ld returned 1 exit status
configure:21201: $? = 1
configure: failed program was:
| /* confdefs.h.  */
| #define PACKAGE_NAME ""
| #define PACKAGE_TARNAME ""
| #define PACKAGE_VERSION ""
| #define PACKAGE_STRING ""
| #define PACKAGE_BUGREPORT ""
| #define STDC_HEADERS 1
| #define HAVE_SYS_TYPES_H 1
| #define HAVE_SYS_STAT_H 1
| #define HAVE_STDLIB_H 1
| #define HAVE_STRING_H 1
| #define HAVE_MEMORY_H 1
| #define HAVE_STRINGS_H 1
| #define HAVE_INTTYPES_H 1
| #define HAVE_STDINT_H 1
| #define HAVE_UNISTD_H 1
| #define HAVE_DLFCN_H 1
| #define SIZEOF_SHORT 2
| #define SIZEOF_INT 4
| #define SIZEOF_LONG 8
| /* end confdefs.h.  */
| 
| /* Override any GCC internal prototype to avoid an error.
|    Use char because int might match the return type of a GCC
|    builtin and then its argument prototype would still apply.  */
| #ifdef __cplusplus
| extern "C"
| #endif
| char clock_gettime ();
| int
| main ()
| {
| return clock_gettime ();
|   ;
|   return 0;
| }
configure:21219: result: no
configure:21232: checking for clock_gettime
configure:21288: gcc -o conftest -g -O2   conftest.c  >&5
Undefined symbols:
  "_clock_gettime", referenced from:
      _main in ccNtOTLr.o
ld: symbol(s) not found
collect2: ld returned 1 exit status
configure:21294: $? = 1
configure: failed program was:
| /* confdefs.h.  */
| #define PACKAGE_NAME ""
| #define PACKAGE_TARNAME ""
| #define PACKAGE_VERSION ""
| #define PACKAGE_STRING ""
| #define PACKAGE_BUGREPORT ""
| #define STDC_HEADERS 1
| #define HAVE_SYS_TYPES_H 1
| #define HAVE_SYS_STAT_H 1
| #define HAVE_STDLIB_H 1
| #define HAVE_STRING_H 1
| #define HAVE_MEMORY_H 1
| #define HAVE_STRINGS_H 1
| #define HAVE_INTTYPES_H 1
| #define HAVE_STDINT_H 1
| #define HAVE_UNISTD_H 1
| #define HAVE_DLFCN_H 1
| #define SIZEOF_SHORT 2
| #define SIZEOF_INT 4
| #define SIZEOF_LONG 8
| /* end confdefs.h.  */
| /* Define clock_gettime to an innocuous variant, in case <limits.h> declares clock_gettime.
|    For example, HP-UX 11i <limits.h> declares gettimeofday.  */
| #define clock_gettime innocuous_clock_gettime
| 
| /* System header to define __stub macros and hopefully few prototypes,
|     which can conflict with char clock_gettime (); below.
|     Prefer <limits.h> to <assert.h> if __STDC__ is defined, since
|     <limits.h> exists even on freestanding compilers.  */
| 
| #ifdef __STDC__
| # include <limits.h>
| #else
| # include <assert.h>
| #endif
| 
| #undef clock_gettime
| 
| /* Override any GCC internal prototype to avoid an error.
|    Use char because int might match the return type of a GCC
|    builtin and then its argument prototype would still apply.  */
| #ifdef __cplusplus
| extern "C"
| #endif
| char clock_gettime ();
| /* The GNU C library defines this for functions which it implements
|     to always fail with ENOSYS.  Some functions are actually named
|     something starting with __ and the normal name is an alias.  */
| #if defined __stub_clock_gettime || defined __stub___clock_gettime
| choke me
| #endif
| 
| int
| main ()
| {
| return clock_gettime ();
|   ;
|   return 0;
| }
configure:21312: result: no
configure:21232: checking for nanosleep
configure:21288: gcc -o conftest -g -O2   conftest.c  >&5
configure:21294: $? = 0
configure:21312: result: yes
configure:21991: creating ./config.status

## ---------------------- ##
## Running config.status. ##
## ---------------------- ##

This file was extended by config.status, which was
generated by GNU Autoconf 2.61.  Invocation command line was

  CONFIG_FILES    = 
  CONFIG_HEADERS  = 
  CONFIG_LINKS    = 
  CONFIG_COMMANDS = 
  $ ./config.status 

on STP.local

config.status:619: creating Makefile
config.status:619: creating portaudio-2.0.pc

## ---------------- ##
## Cache variables. ##
## ---------------- ##

ac_cv_build=i686-apple-darwin10.2.0
ac_cv_c_bigendian=no
ac_cv_c_compiler_gnu=yes
ac_cv_cxx_compiler_gnu=yes
ac_cv_env_CCC_set=
ac_cv_env_CCC_value=
ac_cv_env_CC_set=
ac_cv_env_CC_value=
ac_cv_env_CFLAGS_set=
ac_cv_env_CFLAGS_value=
ac_cv_env_CPPFLAGS_set=
ac_cv_env_CPPFLAGS_value=
ac_cv_env_CPP_set=
ac_cv_env_CPP_value=
ac_cv_env_CXXCPP_set=
ac_cv_env_CXXCPP_value=
ac_cv_env_CXXFLAGS_set=
ac_cv_env_CXXFLAGS_value=
ac_cv_env_CXX_set=
ac_cv_env_CXX_value=
ac_cv_env_F77_set=
ac_cv_env_F77_value=
ac_cv_env_FFLAGS_set=
ac_cv_env_FFLAGS_value=
ac_cv_env_JACK_CFLAGS_set=
ac_cv_env_JACK_CFLAGS_value=
ac_cv_env_JACK_LIBS_set=
ac_cv_env_JACK_LIBS_value=
ac_cv_env_LDFLAGS_set=
ac_cv_env_LDFLAGS_value=
ac_cv_env_LIBS_set=
ac_cv_env_LIBS_value=
ac_cv_env_PKG_CONFIG_set=
ac_cv_env_PKG_CONFIG_value=
ac_cv_env_build_alias_set=
ac_cv_env_build_alias_value=
ac_cv_env_host_alias_set=
ac_cv_env_host_alias_value=
ac_cv_env_target_alias_set=
ac_cv_env_target_alias_value=
ac_cv_f77_compiler_gnu=no
ac_cv_func_clock_gettime=no
ac_cv_func_nanosleep=yes
ac_cv_header_dlfcn_h=yes
ac_cv_header_inttypes_h=yes
ac_cv_header_linux_soundcard_h=no
ac_cv_header_machine_soundcard_h=no
ac_cv_header_memory_h=yes
ac_cv_header_stdc=yes
ac_cv_header_stdint_h=yes
ac_cv_header_stdlib_h=yes
ac_cv_header_string_h=yes
ac_cv_header_strings_h=yes
ac_cv_header_sys_soundcard_h=no
ac_cv_header_sys_stat_h=yes
ac_cv_header_sys_types_h=yes
ac_cv_header_unistd_h=yes
ac_cv_host=i686-apple-darwin10.2.0
ac_cv_lib_asound_snd_pcm_open=no
ac_cv_lib_hpi_HPI_SubSysCreate=no
ac_cv_lib_ossaudio__oss_ioctl=no
ac_cv_lib_rt_clock_gettime=no
ac_cv_objext=o
ac_cv_path_AR=/usr/bin/ar
ac_cv_path_EGREP='/usr/bin/grep -E'
ac_cv_path_GREP=/usr/bin/grep
ac_cv_path_ac_pt_PKG_CONFIG=/opt/local/bin/pkg-config
ac_cv_path_install='/usr/bin/install -c'
ac_cv_prog_CPP='gcc -E'
ac_cv_prog_CXXCPP='g++ -E'
ac_cv_prog_ac_ct_AR=ar
ac_cv_prog_ac_ct_CC=gcc
ac_cv_prog_ac_ct_CXX=g++
ac_cv_prog_ac_ct_RANLIB=ranlib
ac_cv_prog_ac_ct_STRIP=strip
ac_cv_prog_cc_c89=
ac_cv_prog_cc_g=yes
ac_cv_prog_cxx_g=yes
ac_cv_prog_f77_g=no
ac_cv_sizeof_int=4
ac_cv_sizeof_long=8
ac_cv_sizeof_short=2
ac_cv_type_int=yes
ac_cv_type_long=yes
ac_cv_type_short=yes
lt_cv_deplibs_check_method=pass_all
lt_cv_file_magic_cmd='$MAGIC_CMD'
lt_cv_file_magic_test_file=
lt_cv_ld_reload_flag=-r
lt_cv_objdir=.libs
lt_cv_path_LD=/usr/libexec/gcc/i686-apple-darwin10/4.2.1/ld
lt_cv_path_LDCXX=/usr/libexec/gcc/i686-apple-darwin10/4.2.1/ld
lt_cv_path_NM=/usr/bin/nm
lt_cv_path_SED=/usr/bin/sed
lt_cv_prog_compiler_c_o=yes
lt_cv_prog_compiler_c_o_CXX=yes
lt_cv_prog_compiler_rtti_exceptions=no
lt_cv_prog_gnu_ld=no
lt_cv_prog_gnu_ldcxx=no
lt_cv_sys_global_symbol_pipe='sed -n -e '\''s/^.*[ 	]\([BCDEGRST][BCDEGRST]*\)[ 	][ 	]*_\([_A-Za-z][_A-Za-z0-9]*\)$/\1 _\2 \2/p'\'''
lt_cv_sys_global_symbol_to_c_name_address='sed -n -e '\''s/^: \([^ ]*\) $/  {\"\1\", (lt_ptr) 0},/p'\'' -e '\''s/^[BCDEGRST] \([^ ]*\) \([^ ]*\)$/  {"\2", (lt_ptr) \&\2},/p'\'''
lt_cv_sys_global_symbol_to_cdecl='sed -n -e '\''s/^. .* \(.*\)$/extern int \1;/p'\'''
lt_cv_sys_max_cmd_len=196608
lt_lt_cv_prog_compiler_c_o='"yes"'
lt_lt_cv_prog_compiler_c_o_CXX='"yes"'
lt_lt_cv_sys_global_symbol_pipe='"sed -n -e '\''s/^.*[ 	]\\([BCDEGRST][BCDEGRST]*\\)[ 	][ 	]*_\\([_A-Za-z][_A-Za-z0-9]*\\)\$/\\1 _\\2 \\2/p'\''"'
lt_lt_cv_sys_global_symbol_to_c_name_address='"sed -n -e '\''s/^: \\([^ ]*\\) \$/  {\\\"\\1\\\", (lt_ptr) 0},/p'\'' -e '\''s/^[BCDEGRST] \\([^ ]*\\) \\([^ ]*\\)\$/  {\"\\2\", (lt_ptr) \\&\\2},/p'\''"'
lt_lt_cv_sys_global_symbol_to_cdecl='"sed -n -e '\''s/^. .* \\(.*\\)\$/extern int \\1;/p'\''"'

## ----------------- ##
## Output variables. ##
## ----------------- ##

AR='/usr/bin/ar'
AS='as'
CC='gcc'
CFLAGS='-std=c99 -O2 -Wall -pedantic -pipe -fPIC -DNDEBUG -DPA_LITTLE_ENDIAN -Werror -arch i386 -arch ppc -arch x86_64 -arch ppc64 -isysroot /Developer/SDKs/MacOSX10.5.sdk -mmacosx-version-min=10.3 '
CPP='gcc -E'
CPPFLAGS=''
CXX='g++'
CXXCPP='g++ -E'
CXXFLAGS='-g -O2'
DEFS='-DPACKAGE_NAME=\"\" -DPACKAGE_TARNAME=\"\" -DPACKAGE_VERSION=\"\" -DPACKAGE_STRING=\"\" -DPACKAGE_BUGREPORT=\"\" -DSTDC_HEADERS=1 -DHAVE_SYS_TYPES_H=1 -DHAVE_SYS_STAT_H=1 -DHAVE_STDLIB_H=1 -DHAVE_STRING_H=1 -DHAVE_MEMORY_H=1 -DHAVE_STRINGS_H=1 -DHAVE_INTTYPES_H=1 -DHAVE_STDINT_H=1 -DHAVE_UNISTD_H=1 -DHAVE_DLFCN_H=1 -DSIZEOF_SHORT=2 -DSIZEOF_INT=4 -DSIZEOF_LONG=8 -DHAVE_NANOSLEEP=1 -DPA_USE_COREAUDIO=1'
DLLTOOL='dlltool'
DLL_LIBS=''
ECHO='/bin/echo'
ECHO_C='ECHO_N=''
ECHO_T=''
EGREP='/usr/bin/grep -E'
ENABLE_CXX_FALSE=''
ENABLE_CXX_TRUE='#'
EXEEXT=''
F77=''
FFLAGS=''
GREP='/usr/bin/grep'
INSTALL_DATA='${INSTALL} -m 644'
INSTALL_PROGRAM='${INSTALL}'
INSTALL_SCRIPT='${INSTALL}'
JACK_CFLAGS=''
JACK_LIBS=''
LDFLAGS=''
LIBOBJS=''
LIBS='-framework CoreAudio -framework AudioToolbox -framework AudioUnit -framework Carbon'
LIBTOOL='$(SHELL) $(top_builddir)/libtool'
LN_S='ln -s'
LTLIBOBJS=''
LT_AGE='0'
LT_CURRENT='2'
LT_REVISION='0'
NASM=''
NASMOPT=''
OBJDUMP='objdump'
OBJEXT='o'
OTHER_OBJS='src/os/unix/pa_unix_hostapis.o src/os/unix/pa_unix_util.o src/hostapi/coreaudio/pa_mac_core.o src/hostapi/coreaudio/pa_mac_core_utilities.o src/hostapi/coreaudio/pa_mac_core_blocking.o src/common/pa_ringbuffer.o'
PACKAGE_BUGREPORT=''
PACKAGE_NAME=''
PACKAGE_STRING=''
PACKAGE_TARNAME=''
PACKAGE_VERSION=''
PADLL='libportaudio.dylib'
PATH_SEPARATOR=':'
PKG_CONFIG='/opt/local/bin/pkg-config'
RANLIB='ranlib'
SHARED_FLAGS='-framework CoreAudio -framework AudioToolbox -framework AudioUnit -framework Carbon -dynamiclib -arch i386 -arch ppc -arch x86_64 -arch ppc64 -isysroot /Developer/SDKs/MacOSX10.5.sdk -mmacosx-version-min=10.3'
SHELL='/bin/sh'
STRIP='strip'
THREAD_CFLAGS=''
ac_ct_CC='gcc'
ac_ct_CXX='g++'
ac_ct_F77=''
bindir='${exec_prefix}/bin'
build='i686-apple-darwin10.2.0'
build_alias=''
build_cpu='i686'
build_os='darwin10.2.0'
build_vendor='apple'
datadir='${datarootdir}'
datarootdir='${prefix}/share'
docdir='${datarootdir}/doc/${PACKAGE}'
dvidir='${docdir}'
exec_prefix='${prefix}'
host='i686-apple-darwin10.2.0'
host_alias=''
host_cpu='i686'
host_os='darwin10.2.0'
host_vendor='apple'
htmldir='${docdir}'
includedir='${prefix}/include'
infodir='${datarootdir}/info'
libdir='${exec_prefix}/lib'
libexecdir='${exec_prefix}/libexec'
localedir='${datarootdir}/locale'
localstatedir='${prefix}/var'
mandir='${datarootdir}/man'
oldincludedir='/usr/include'
pdfdir='${docdir}'
prefix='/usr/local'
program_transform_name='s,x,x,'
psdir='${docdir}'
sbindir='${exec_prefix}/sbin'
sharedstatedir='${prefix}/com'
subdirs=''
sysconfdir='${prefix}/etc'
target_alias=''

## ----------- ##
## confdefs.h. ##
## ----------- ##

#define PACKAGE_NAME ""
#define PACKAGE_TARNAME ""
#define PACKAGE_VERSION ""
#define PACKAGE_STRING ""
#define PACKAGE_BUGREPORT ""
#define STDC_HEADERS 1
#define HAVE_SYS_TYPES_H 1
#define HAVE_SYS_STAT_H 1
#define HAVE_STDLIB_H 1
#define HAVE_STRING_H 1
#define HAVE_MEMORY_H 1
#define HAVE_STRINGS_H 1
#define HAVE_INTTYPES_H 1
#define HAVE_STDINT_H 1
#define HAVE_UNISTD_H 1
#define HAVE_DLFCN_H 1
#define SIZEOF_SHORT 2
#define SIZEOF_INT 4
#define SIZEOF_LONG 8
#define HAVE_NANOSLEEP 1
#define PA_USE_COREAUDIO 1

configure: exit 0
