This file contains any messages produced by compilers while
running configure, to aid debugging if configure makes a mistake.

It was created by liblo configure 0.31, which was
generated by GNU Autoconf 2.69.  Invocation command line was

  $ ./configure 

## --------- ##
## Platform. ##
## --------- ##

hostname = U1910
uname -m = x86_64
uname -r = 5.3.0-46-generic
uname -s = Linux
uname -v = #38-Ubuntu SMP Fri Mar 27 17:37:05 UTC 2020

/usr/bin/uname -p = x86_64
/bin/uname -X     = unknown

/bin/arch              = x86_64
/usr/bin/arch -k       = unknown
/usr/convex/getsysinfo = unknown
/usr/bin/hostinfo      = unknown
/bin/machine           = unknown
/usr/bin/oslevel       = unknown
/bin/universe          = unknown

PATH: /usr/local/sbin
PATH: /usr/local/bin
PATH: /usr/sbin
PATH: /usr/bin
PATH: /sbin
PATH: /bin
PATH: /usr/games
PATH: /usr/local/games
PATH: /snap/bin


## ----------- ##
## Core tests. ##
## ----------- ##

configure:2531: checking for a BSD-compatible install
configure:2599: result: /usr/bin/install -c
configure:2610: checking whether build environment is sane
configure:2665: result: yes
configure:2814: checking for a thread-safe mkdir -p
configure:2853: result: /usr/bin/mkdir -p
configure:2860: checking for gawk
configure:2890: result: no
configure:2860: checking for mawk
configure:2876: found /usr/bin/mawk
configure:2887: result: mawk
configure:2898: checking whether make sets $(MAKE)
configure:2920: result: yes
configure:2949: checking whether make supports nested variables
configure:2966: result: yes
configure:3093: checking whether to enable maintainer-specific portions of Makefiles
configure:3102: result: no
configure:3126: checking whether make supports nested variables
configure:3143: result: yes
configure:3289: checking for gcc
configure:3305: found /usr/bin/gcc
configure:3316: result: gcc
configure:3545: checking for C compiler version
configure:3554: gcc --version >&5
gcc (Ubuntu 9.2.1-9ubuntu2) 9.2.1 20191008
Copyright (C) 2019 Free Software Foundation, Inc.
This is free software; see the source for copying conditions.  There is NO
warranty; not even for MERCHANTABILITY or FITNESS FOR A PARTICULAR PURPOSE.

configure:3565: $? = 0
configure:3554: gcc -v >&5
Using built-in specs.
COLLECT_GCC=gcc
COLLECT_LTO_WRAPPER=/usr/lib/gcc/x86_64-linux-gnu/9/lto-wrapper
OFFLOAD_TARGET_NAMES=nvptx-none:hsa
OFFLOAD_TARGET_DEFAULT=1
Target: x86_64-linux-gnu
Configured with: ../src/configure -v --with-pkgversion='Ubuntu 9.2.1-9ubuntu2' --with-bugurl=file:///usr/share/doc/gcc-9/README.Bugs --enable-languages=c,ada,c++,go,brig,d,fortran,objc,obj-c++,gm2 --prefix=/usr --with-gcc-major-version-only --program-suffix=-9 --program-prefix=x86_64-linux-gnu- --enable-shared --enable-linker-build-id --libexecdir=/usr/lib --without-included-gettext --enable-threads=posix --libdir=/usr/lib --enable-nls --enable-bootstrap --enable-clocale=gnu --enable-libstdcxx-debug --enable-libstdcxx-time=yes --with-default-libstdcxx-abi=new --enable-gnu-unique-object --disable-vtable-verify --enable-plugin --enable-default-pie --with-system-zlib --with-target-system-zlib=auto --enable-multiarch --disable-werror --with-arch-32=i686 --with-abi=m64 --with-multilib-list=m32,m64,mx32 --enable-multilib --with-tune=generic --enable-offload-targets=nvptx-none,hsa --without-cuda-driver --enable-checking=release --build=x86_64-linux-gnu --host=x86_64-linux-gnu --target=x86_64-linux-gnu
Thread model: posix
gcc version 9.2.1 20191008 (Ubuntu 9.2.1-9ubuntu2) 
configure:3565: $? = 0
configure:3554: gcc -V >&5
gcc: error: unrecognized command line option '-V'
gcc: fatal error: no input files
compilation terminated.
configure:3565: $? = 1
configure:3554: gcc -qversion >&5
gcc: error: unrecognized command line option '-qversion'; did you mean '--version'?
gcc: fatal error: no input files
compilation terminated.
configure:3565: $? = 1
configure:3585: checking whether the C compiler works
configure:3607: gcc    conftest.c  >&5
configure:3611: $? = 0
configure:3659: result: yes
configure:3662: checking for C compiler default output file name
configure:3664: result: a.out
configure:3670: checking for suffix of executables
configure:3677: gcc -o conftest    conftest.c  >&5
configure:3681: $? = 0
configure:3703: result: 
configure:3725: checking whether we are cross compiling
configure:3733: gcc -o conftest    conftest.c  >&5
configure:3737: $? = 0
configure:3744: ./conftest
configure:3748: $? = 0
configure:3736: result: no
configure:3741: checking for suffix of object files
configure:3763: gcc -c   conftest.c >&5
configure:3767: $? = 0
configure:3788: result: o
configure:3792: checking whether we are using the GNU C compiler
configure:3811: gcc -c   conftest.c >&5
configure:3811: $? = 0
configure:3820: result: yes
configure:3829: checking whether gcc accepts -g
configure:3849: gcc -c -g  conftest.c >&5
configure:3849: $? = 0
configure:3890: result: yes
configure:3907: checking for gcc option to accept ISO C89
configure:3970: gcc  -c -g -O2  conftest.c >&5
configure:3970: $? = 0
configure:3983: result: none needed
configure:4008: checking whether gcc understands -c and -o together
configure:4030: gcc -c conftest.c -o conftest2.o
configure:4033: $? = 0
configure:4030: gcc -c conftest.c -o conftest2.o
configure:4033: $? = 0
configure:4045: result: yes
configure:4073: checking for style of include used by make
configure:4101: result: GNU
configure:4127: checking dependency style of gcc
configure:4238: result: gcc3
configure:4257: checking build system type
configure:4271: result: x86_64-pc-linux-gnu
configure:4291: checking host system type
configure:4304: result: x86_64-pc-linux-gnu
configure:4673: checking how to print strings
configure:4700: result: printf
configure:4721: checking for a sed that does not truncate output
configure:4785: result: /usr/bin/sed
configure:4803: checking for grep that handles long lines and -e
configure:4861: result: /usr/bin/grep
configure:4866: checking for egrep
configure:4928: result: /usr/bin/grep -E
configure:4933: checking for fgrep
configure:4995: result: /usr/bin/grep -F
configure:5030: checking for ld used by gcc
configure:5097: result: /usr/bin/ld
configure:5104: checking if the linker (/usr/bin/ld) is GNU ld
configure:5119: result: yes
configure:5131: checking for BSD- or MS-compatible name lister (nm)
configure:5185: result: /usr/bin/nm -B
configure:5315: checking the name lister (/usr/bin/nm -B) interface
configure:5322: gcc -c -g -O2  conftest.c >&5
configure:5325: /usr/bin/nm -B "conftest.o"
configure:5328: output
0000000000000000 B some_variable
configure:5329: result: BSD nm
configure:5332: checking whether ln -s works
configure:5339: result: no, using cp -pR
configure:5344: checking the maximum length of command line arguments
configure:5475: result: 1572864
configure:5523: checking how to convert x86_64-pc-linux-gnu file names to x86_64-pc-linux-gnu format
configure:5563: result: func_convert_file_noop
configure:5570: checking how to convert x86_64-pc-linux-gnu file names to toolchain format
configure:5590: result: func_convert_file_noop
configure:5597: checking for /usr/bin/ld option to reload object files
configure:5604: result: -r
configure:5678: checking for objdump
configure:5705: result: objdump
configure:5734: checking how to recognize dependent libraries
configure:5934: result: pass_all
configure:6019: checking for dlltool
configure:6046: result: dlltool
configure:6076: checking how to associate runtime and link libraries
configure:6103: result: printf %s\n
configure:6164: checking for ar
configure:6180: found /usr/bin/ar
configure:6191: result: ar
configure:6228: checking for archiver @FILE support
configure:6245: gcc -c -g -O2  conftest.c >&5
configure:6245: $? = 0
configure:6248: ar cru libconftest.a @conftest.lst >&5
ar: `u' modifier ignored since `D' is the default (see `U')
configure:6251: $? = 0
configure:6256: ar cru libconftest.a @conftest.lst >&5
ar: `u' modifier ignored since `D' is the default (see `U')
ar: conftest.o: No such file or directory
configure:6259: $? = 1
configure:6258: result: @
configure:6316: checking for strip
configure:6332: found /usr/bin/strip
configure:6343: result: strip
configure:6415: checking for ranlib
configure:6431: found /usr/bin/ranlib
configure:6442: result: ranlib
configure:6544: checking command to parse /usr/bin/nm -B output from gcc object
configure:6697: gcc -c -g -O2  conftest.c >&5
configure:6700: $? = 0
configure:6704: /usr/bin/nm -B conftest.o \| sed -n -e 's/^.*[ ]\([ABCDGIRSTW][ABCDGIRSTW]*\)[ ][ ]*\([_A-Za-z][_A-Za-z0-9]*\)$/\1 \2 \2/p' | sed '/ __gnu_lto/d' \> conftest.nm
configure:6707: $? = 0
configure:6773: gcc -o conftest -g -O2   conftest.c conftstm.o >&5
configure:6776: $? = 0
configure:6814: result: ok
configure:6861: checking for sysroot
configure:6891: result: no
configure:6898: checking for a working dd
configure:6936: result: /usr/bin/dd
configure:6940: checking how to truncate binary pipes
configure:6955: result: /usr/bin/dd bs=4096 count=1
configure:7091: gcc -c -g -O2  conftest.c >&5
configure:7094: $? = 0
configure:7284: checking for mt
configure:7300: found /usr/bin/mt
configure:7311: result: mt
configure:7334: checking if mt is a manifest tool
configure:7340: mt '-?'
configure:7348: result: no
configure:8025: checking how to run the C preprocessor
configure:8056: gcc -E  conftest.c
configure:8056: $? = 0
configure:8070: gcc -E  conftest.c
conftest.c:12:10: fatal error: ac_nonexistent.h: No such file or directory
   12 | #include <ac_nonexistent.h>
      |          ^~~~~~~~~~~~~~~~~~
compilation terminated.
configure:8070: $? = 1
configure: failed program was:
| /* confdefs.h */
| #define PACKAGE_NAME "liblo"
| #define PACKAGE_TARNAME "liblo"
| #define PACKAGE_VERSION "0.31"
| #define PACKAGE_STRING "liblo 0.31"
| #define PACKAGE_BUGREPORT "liblo-devel@lists.sourceforge.net"
| #define PACKAGE_URL ""
| #define PACKAGE "liblo"
| #define VERSION "0.31"
| #define LO_SO_VERSION {11, 1, 4}
| /* end confdefs.h.  */
| #include <ac_nonexistent.h>
configure:8095: result: gcc -E
configure:8115: gcc -E  conftest.c
configure:8115: $? = 0
configure:8129: gcc -E  conftest.c
conftest.c:12:10: fatal error: ac_nonexistent.h: No such file or directory
   12 | #include <ac_nonexistent.h>
      |          ^~~~~~~~~~~~~~~~~~
compilation terminated.
configure:8129: $? = 1
configure: failed program was:
| /* confdefs.h */
| #define PACKAGE_NAME "liblo"
| #define PACKAGE_TARNAME "liblo"
| #define PACKAGE_VERSION "0.31"
| #define PACKAGE_STRING "liblo 0.31"
| #define PACKAGE_BUGREPORT "liblo-devel@lists.sourceforge.net"
| #define PACKAGE_URL ""
| #define PACKAGE "liblo"
| #define VERSION "0.31"
| #define LO_SO_VERSION {11, 1, 4}
| /* end confdefs.h.  */
| #include <ac_nonexistent.h>
configure:8158: checking for ANSI C header files
configure:8178: gcc -c -g -O2  conftest.c >&5
configure:8178: $? = 0
configure:8251: gcc -o conftest -g -O2   conftest.c  >&5
configure:8251: $? = 0
configure:8251: ./conftest
configure:8251: $? = 0
configure:8262: result: yes
configure:8275: checking for sys/types.h
configure:8275: gcc -c -g -O2  conftest.c >&5
configure:8275: $? = 0
configure:8275: result: yes
configure:8275: checking for sys/stat.h
configure:8275: gcc -c -g -O2  conftest.c >&5
configure:8275: $? = 0
configure:8275: result: yes
configure:8275: checking for stdlib.h
configure:8275: gcc -c -g -O2  conftest.c >&5
configure:8275: $? = 0
configure:8275: result: yes
configure:8275: checking for string.h
configure:8275: gcc -c -g -O2  conftest.c >&5
configure:8275: $? = 0
configure:8275: result: yes
configure:8275: checking for memory.h
configure:8275: gcc -c -g -O2  conftest.c >&5
configure:8275: $? = 0
configure:8275: result: yes
configure:8275: checking for strings.h
configure:8275: gcc -c -g -O2  conftest.c >&5
configure:8275: $? = 0
configure:8275: result: yes
configure:8275: checking for inttypes.h
configure:8275: gcc -c -g -O2  conftest.c >&5
configure:8275: $? = 0
configure:8275: result: yes
configure:8275: checking for stdint.h
configure:8275: gcc -c -g -O2  conftest.c >&5
configure:8275: $? = 0
configure:8275: result: yes
configure:8275: checking for unistd.h
configure:8275: gcc -c -g -O2  conftest.c >&5
configure:8275: $? = 0
configure:8275: result: yes
configure:8289: checking for dlfcn.h
configure:8289: gcc -c -g -O2  conftest.c >&5
configure:8289: $? = 0
configure:8289: result: yes
configure:8483: checking for objdir
configure:8498: result: .libs
configure:8762: checking if gcc supports -fno-rtti -fno-exceptions
configure:8780: gcc -c -g -O2  -fno-rtti -fno-exceptions conftest.c >&5
cc1: warning: command line option '-fno-rtti' is valid for C++/D/ObjC++ but not for C
configure:8784: $? = 0
configure:8797: result: no
configure:9155: checking for gcc option to produce PIC
configure:9162: result: -fPIC -DPIC
configure:9170: checking if gcc PIC flag -fPIC -DPIC works
configure:9188: gcc -c -g -O2  -fPIC -DPIC -DPIC conftest.c >&5
configure:9192: $? = 0
configure:9205: result: yes
configure:9234: checking if gcc static flag -static works
configure:9262: result: yes
configure:9277: checking if gcc supports -c -o file.o
configure:9298: gcc -c -g -O2  -o out/conftest2.o conftest.c >&5
configure:9302: $? = 0
configure:9324: result: yes
configure:9332: checking if gcc supports -c -o file.o
configure:9379: result: yes
configure:9412: checking whether the gcc linker (/usr/bin/ld -m elf_x86_64) supports shared libraries
configure:10675: result: yes
configure:10712: checking whether -lc should be explicitly linked in
configure:10720: gcc -c -g -O2  conftest.c >&5
configure:10723: $? = 0
configure:10738: gcc -shared  -fPIC -DPIC conftest.o  -v -Wl,-soname -Wl,conftest -o conftest 2\>\&1 \| /usr/bin/grep  -lc  \>/dev/null 2\>\&1
configure:10741: $? = 0
configure:10755: result: no
configure:10915: checking dynamic linker characteristics
configure:11496: gcc -o conftest -g -O2   -Wl,-rpath -Wl,/foo conftest.c  >&5
configure:11496: $? = 0
configure:11745: result: GNU/Linux ld.so
configure:11867: checking how to hardcode library paths into programs
configure:11892: result: immediate
configure:12440: checking whether stripping libraries is possible
configure:12445: result: yes
configure:12480: checking if libtool supports shared libraries
configure:12482: result: yes
configure:12485: checking whether to build shared libraries
configure:12510: result: yes
configure:12513: checking whether to build static libraries
configure:12517: result: no
configure:9333: checking for doxygen
configure:9363: result: no
configure:9372: checking whether to add -Qunused-arguments (C)
configure:9387: gcc -c -g -O2 -Qunused-arguments  conftest.c >&5
gcc: error: unrecognized command line option '-Qunused-arguments'
configure:9387: $? = 1
configure: failed program was:
| /* confdefs.h */
| #define PACKAGE_NAME "liblo"
| #define PACKAGE_TARNAME "liblo"
| #define PACKAGE_VERSION "0.31"
| #define PACKAGE_STRING "liblo 0.31"
| #define PACKAGE_BUGREPORT "liblo-devel@lists.sourceforge.net"
| #define PACKAGE_URL ""
| #define PACKAGE "liblo"
| #define VERSION "0.31"
| #define LO_SO_VERSION {11, 1, 4}
| #define STDC_HEADERS 1
| #define HAVE_SYS_TYPES_H 1
| #define HAVE_SYS_STAT_H 1
| #define HAVE_STDLIB_H 1
| #define HAVE_STRING_H 1
| #define HAVE_MEMORY_H 1
| #define HAVE_STRINGS_H 1
| #define HAVE_INTTYPES_H 1
| #define HAVE_STDINT_H 1
| #define HAVE_UNISTD_H 1
| #define HAVE_DLFCN_H 1
| #define LT_OBJDIR ".libs/"
| /* end confdefs.h.  */
| 
| int
| main ()
| {
| 
|   ;
|   return 0;
| }
configure:9391: result: no
configure:9400: checking how to print long long int
configure:9415: gcc -c -g -O2 -Werror -Wall  conftest.c >&5
configure:9415: $? = 0
configure:9437: result: "ll"
configure:9505: checking for g++
configure:9521: found /usr/bin/g++
configure:9532: result: g++
configure:9559: checking for C++ compiler version
configure:9568: g++ --version >&5
g++ (Ubuntu 9.2.1-9ubuntu2) 9.2.1 20191008
Copyright (C) 2019 Free Software Foundation, Inc.
This is free software; see the source for copying conditions.  There is NO
warranty; not even for MERCHANTABILITY or FITNESS FOR A PARTICULAR PURPOSE.

configure:9579: $? = 0
configure:9568: g++ -v >&5
Using built-in specs.
COLLECT_GCC=g++
COLLECT_LTO_WRAPPER=/usr/lib/gcc/x86_64-linux-gnu/9/lto-wrapper
OFFLOAD_TARGET_NAMES=nvptx-none:hsa
OFFLOAD_TARGET_DEFAULT=1
Target: x86_64-linux-gnu
Configured with: ../src/configure -v --with-pkgversion='Ubuntu 9.2.1-9ubuntu2' --with-bugurl=file:///usr/share/doc/gcc-9/README.Bugs --enable-languages=c,ada,c++,go,brig,d,fortran,objc,obj-c++,gm2 --prefix=/usr --with-gcc-major-version-only --program-suffix=-9 --program-prefix=x86_64-linux-gnu- --enable-shared --enable-linker-build-id --libexecdir=/usr/lib --without-included-gettext --enable-threads=posix --libdir=/usr/lib --enable-nls --enable-bootstrap --enable-clocale=gnu --enable-libstdcxx-debug --enable-libstdcxx-time=yes --with-default-libstdcxx-abi=new --enable-gnu-unique-object --disable-vtable-verify --enable-plugin --enable-default-pie --with-system-zlib --with-target-system-zlib=auto --enable-multiarch --disable-werror --with-arch-32=i686 --with-abi=m64 --with-multilib-list=m32,m64,mx32 --enable-multilib --with-tune=generic --enable-offload-targets=nvptx-none,hsa --without-cuda-driver --enable-checking=release --build=x86_64-linux-gnu --host=x86_64-linux-gnu --target=x86_64-linux-gnu
Thread model: posix
gcc version 9.2.1 20191008 (Ubuntu 9.2.1-9ubuntu2) 
configure:9579: $? = 0
configure:9568: g++ -V >&5
g++: error: unrecognized command line option '-V'
g++: fatal error: no input files
compilation terminated.
configure:9579: $? = 1
configure:9568: g++ -qversion >&5
g++: error: unrecognized command line option '-qversion'; did you mean '--version'?
g++: fatal error: no input files
compilation terminated.
configure:9579: $? = 1
configure:9583: checking whether we are using the GNU C++ compiler
configure:9602: g++ -c   conftest.cpp >&5
configure:9602: $? = 0
configure:9611: result: yes
configure:9620: checking whether g++ accepts -g
configure:9640: g++ -c -g  conftest.cpp >&5
configure:9640: $? = 0
configure:9681: result: yes
configure:9706: checking dependency style of g++
configure:9817: result: gcc3
configure:9850: checking how to run the C++ preprocessor
configure:9877: g++ -E  conftest.cpp
configure:9877: $? = 0
configure:9891: g++ -E  conftest.cpp
conftest.cpp:25:10: fatal error: ac_nonexistent.h: No such file or directory
   25 | #include <ac_nonexistent.h>
      |          ^~~~~~~~~~~~~~~~~~
compilation terminated.
configure:9891: $? = 1
configure: failed program was:
| /* confdefs.h */
| #define PACKAGE_NAME "liblo"
| #define PACKAGE_TARNAME "liblo"
| #define PACKAGE_VERSION "0.31"
| #define PACKAGE_STRING "liblo 0.31"
| #define PACKAGE_BUGREPORT "liblo-devel@lists.sourceforge.net"
| #define PACKAGE_URL ""
| #define PACKAGE "liblo"
| #define VERSION "0.31"
| #define LO_SO_VERSION {11, 1, 4}
| #define STDC_HEADERS 1
| #define HAVE_SYS_TYPES_H 1
| #define HAVE_SYS_STAT_H 1
| #define HAVE_STDLIB_H 1
| #define HAVE_STRING_H 1
| #define HAVE_MEMORY_H 1
| #define HAVE_STRINGS_H 1
| #define HAVE_INTTYPES_H 1
| #define HAVE_STDINT_H 1
| #define HAVE_UNISTD_H 1
| #define HAVE_DLFCN_H 1
| #define LT_OBJDIR ".libs/"
| #define PRINTF_LL "ll"
| /* end confdefs.h.  */
| #include <ac_nonexistent.h>
configure:9916: result: g++ -E
configure:9936: g++ -E  conftest.cpp
configure:9936: $? = 0
configure:9950: g++ -E  conftest.cpp
conftest.cpp:25:10: fatal error: ac_nonexistent.h: No such file or directory
   25 | #include <ac_nonexistent.h>
      |          ^~~~~~~~~~~~~~~~~~
compilation terminated.
configure:9950: $? = 1
configure: failed program was:
| /* confdefs.h */
| #define PACKAGE_NAME "liblo"
| #define PACKAGE_TARNAME "liblo"
| #define PACKAGE_VERSION "0.31"
| #define PACKAGE_STRING "liblo 0.31"
| #define PACKAGE_BUGREPORT "liblo-devel@lists.sourceforge.net"
| #define PACKAGE_URL ""
| #define PACKAGE "liblo"
| #define VERSION "0.31"
| #define LO_SO_VERSION {11, 1, 4}
| #define STDC_HEADERS 1
| #define HAVE_SYS_TYPES_H 1
| #define HAVE_SYS_STAT_H 1
| #define HAVE_STDLIB_H 1
| #define HAVE_STRING_H 1
| #define HAVE_MEMORY_H 1
| #define HAVE_STRINGS_H 1
| #define HAVE_INTTYPES_H 1
| #define HAVE_STDINT_H 1
| #define HAVE_UNISTD_H 1
| #define HAVE_DLFCN_H 1
| #define LT_OBJDIR ".libs/"
| #define PRINTF_LL "ll"
| /* end confdefs.h.  */
| #include <ac_nonexistent.h>
configure:10112: checking for ld used by g++
configure:10179: result: /usr/bin/ld -m elf_x86_64
configure:10186: checking if the linker (/usr/bin/ld -m elf_x86_64) is GNU ld
configure:10201: result: yes
configure:10256: checking whether the g++ linker (/usr/bin/ld -m elf_x86_64) supports shared libraries
configure:11329: result: yes
configure:11365: g++ -c -g -O2  conftest.cpp >&5
configure:11368: $? = 0
configure:11849: checking for g++ option to produce PIC
configure:11856: result: -fPIC -DPIC
configure:11864: checking if g++ PIC flag -fPIC -DPIC works
configure:11882: g++ -c -g -O2  -fPIC -DPIC -DPIC conftest.cpp >&5
configure:11886: $? = 0
configure:11899: result: yes
configure:11922: checking if g++ static flag -static works
configure:11950: result: yes
configure:11962: checking if g++ supports -c -o file.o
configure:11983: g++ -c -g -O2  -o out/conftest2.o conftest.cpp >&5
configure:11987: $? = 0
configure:12009: result: yes
configure:12014: checking if g++ supports -c -o file.o
configure:12061: result: yes
configure:12091: checking whether the g++ linker (/usr/bin/ld -m elf_x86_64) supports shared libraries
configure:12134: result: yes
configure:12275: checking dynamic linker characteristics
configure:13032: result: GNU/Linux ld.so
configure:13097: checking how to hardcode library paths into programs
configure:13122: result: immediate
configure:12001: checking whether C++11 lambdas are supported
configure:12015: g++ -c -g -O2 -std=c++11  conftest.cpp >&5
configure:12015: $? = 0
configure:12016: result: yes
configure:12076: checking whether to add -Qunused-arguments (C++)
configure:12091: g++ -c -g -O2 -std=c++11 -Qunused-arguments  conftest.cpp >&5
g++: error: unrecognized command line option '-Qunused-arguments'
configure:12091: $? = 1
configure: failed program was:
| /* confdefs.h */
| #define PACKAGE_NAME "liblo"
| #define PACKAGE_TARNAME "liblo"
| #define PACKAGE_VERSION "0.31"
| #define PACKAGE_STRING "liblo 0.31"
| #define PACKAGE_BUGREPORT "liblo-devel@lists.sourceforge.net"
| #define PACKAGE_URL ""
| #define PACKAGE "liblo"
| #define VERSION "0.31"
| #define LO_SO_VERSION {11, 1, 4}
| #define STDC_HEADERS 1
| #define HAVE_SYS_TYPES_H 1
| #define HAVE_SYS_STAT_H 1
| #define HAVE_STDLIB_H 1
| #define HAVE_STRING_H 1
| #define HAVE_MEMORY_H 1
| #define HAVE_STRINGS_H 1
| #define HAVE_INTTYPES_H 1
| #define HAVE_STDINT_H 1
| #define HAVE_UNISTD_H 1
| #define HAVE_DLFCN_H 1
| #define LT_OBJDIR ".libs/"
| #define PRINTF_LL "ll"
| /* end confdefs.h.  */
| 
| int
| main ()
| {
| 
|   ;
|   return 0;
| }
configure:12095: result: no
configure:12126: checking winsock2.h usability
configure:12126: gcc -c -g -O2  conftest.c >&5
conftest.c:58:10: fatal error: winsock2.h: No such file or directory
   58 | #include <winsock2.h>
      |          ^~~~~~~~~~~~
compilation terminated.
configure:12126: $? = 1
configure: failed program was:
| /* confdefs.h */
| #define PACKAGE_NAME "liblo"
| #define PACKAGE_TARNAME "liblo"
| #define PACKAGE_VERSION "0.31"
| #define PACKAGE_STRING "liblo 0.31"
| #define PACKAGE_BUGREPORT "liblo-devel@lists.sourceforge.net"
| #define PACKAGE_URL ""
| #define PACKAGE "liblo"
| #define VERSION "0.31"
| #define LO_SO_VERSION {11, 1, 4}
| #define STDC_HEADERS 1
| #define HAVE_SYS_TYPES_H 1
| #define HAVE_SYS_STAT_H 1
| #define HAVE_STDLIB_H 1
| #define HAVE_STRING_H 1
| #define HAVE_MEMORY_H 1
| #define HAVE_STRINGS_H 1
| #define HAVE_INTTYPES_H 1
| #define HAVE_STDINT_H 1
| #define HAVE_UNISTD_H 1
| #define HAVE_DLFCN_H 1
| #define LT_OBJDIR ".libs/"
| #define PRINTF_LL "ll"
| /* end confdefs.h.  */
| #include <stdio.h>
| #ifdef HAVE_SYS_TYPES_H
| # include <sys/types.h>
| #endif
| #ifdef HAVE_SYS_STAT_H
| # include <sys/stat.h>
| #endif
| #ifdef STDC_HEADERS
| # include <stdlib.h>
| # include <stddef.h>
| #else
| # ifdef HAVE_STDLIB_H
| #  include <stdlib.h>
| # endif
| #endif
| #ifdef HAVE_STRING_H
| # if !defined STDC_HEADERS && defined HAVE_MEMORY_H
| #  include <memory.h>
| # endif
| # include <string.h>
| #endif
| #ifdef HAVE_STRINGS_H
| # include <strings.h>
| #endif
| #ifdef HAVE_INTTYPES_H
| # include <inttypes.h>
| #endif
| #ifdef HAVE_STDINT_H
| # include <stdint.h>
| #endif
| #ifdef HAVE_UNISTD_H
| # include <unistd.h>
| #endif
| #include <winsock2.h>
configure:12126: result: no
configure:12126: checking winsock2.h presence
configure:12126: gcc -E  conftest.c
conftest.c:25:10: fatal error: winsock2.h: No such file or directory
   25 | #include <winsock2.h>
      |          ^~~~~~~~~~~~
compilation terminated.
configure:12126: $? = 1
configure: failed program was:
| /* confdefs.h */
| #define PACKAGE_NAME "liblo"
| #define PACKAGE_TARNAME "liblo"
| #define PACKAGE_VERSION "0.31"
| #define PACKAGE_STRING "liblo 0.31"
| #define PACKAGE_BUGREPORT "liblo-devel@lists.sourceforge.net"
| #define PACKAGE_URL ""
| #define PACKAGE "liblo"
| #define VERSION "0.31"
| #define LO_SO_VERSION {11, 1, 4}
| #define STDC_HEADERS 1
| #define HAVE_SYS_TYPES_H 1
| #define HAVE_SYS_STAT_H 1
| #define HAVE_STDLIB_H 1
| #define HAVE_STRING_H 1
| #define HAVE_MEMORY_H 1
| #define HAVE_STRINGS_H 1
| #define HAVE_INTTYPES_H 1
| #define HAVE_STDINT_H 1
| #define HAVE_UNISTD_H 1
| #define HAVE_DLFCN_H 1
| #define LT_OBJDIR ".libs/"
| #define PRINTF_LL "ll"
| /* end confdefs.h.  */
| #include <winsock2.h>
configure:12126: result: no
configure:12126: checking for winsock2.h
configure:12126: result: no
configure:12149: checking for library containing recvfrom
configure:12180: gcc -o conftest -g -O2   conftest.c  >&5
configure:12180: $? = 0
configure:12197: result: none required
configure:12205: checking for log
configure:12205: gcc -o conftest -g -O2   conftest.c  >&5
conftest.c:48:6: warning: conflicting types for built-in function 'log'; expected 'double(double)' [-Wbuiltin-declaration-mismatch]
   48 | char log ();
      |      ^~~
conftest.c:36:1: note: 'log' is declared in header '<math.h>'
   35 | # include <limits.h>
   36 | #else
/usr/bin/ld: /tmp/ccb5kvlS.o: in function `main':
/home/stp/Code/CSL6/Old/CSL_Libs/liblo-0.31/conftest.c:59: undefined reference to `log'
collect2: error: ld returned 1 exit status
configure:12205: $? = 1
configure: failed program was:
| /* confdefs.h */
| #define PACKAGE_NAME "liblo"
| #define PACKAGE_TARNAME "liblo"
| #define PACKAGE_VERSION "0.31"
| #define PACKAGE_STRING "liblo 0.31"
| #define PACKAGE_BUGREPORT "liblo-devel@lists.sourceforge.net"
| #define PACKAGE_URL ""
| #define PACKAGE "liblo"
| #define VERSION "0.31"
| #define LO_SO_VERSION {11, 1, 4}
| #define STDC_HEADERS 1
| #define HAVE_SYS_TYPES_H 1
| #define HAVE_SYS_STAT_H 1
| #define HAVE_STDLIB_H 1
| #define HAVE_STRING_H 1
| #define HAVE_MEMORY_H 1
| #define HAVE_STRINGS_H 1
| #define HAVE_INTTYPES_H 1
| #define HAVE_STDINT_H 1
| #define HAVE_UNISTD_H 1
| #define HAVE_DLFCN_H 1
| #define LT_OBJDIR ".libs/"
| #define PRINTF_LL "ll"
| /* end confdefs.h.  */
| /* Define log to an innocuous variant, in case <limits.h> declares log.
|    For example, HP-UX 11i <limits.h> declares gettimeofday.  */
| #define log innocuous_log
| 
| /* System header to define __stub macros and hopefully few prototypes,
|     which can conflict with char log (); below.
|     Prefer <limits.h> to <assert.h> if __STDC__ is defined, since
|     <limits.h> exists even on freestanding compilers.  */
| 
| #ifdef __STDC__
| # include <limits.h>
| #else
| # include <assert.h>
| #endif
| 
| #undef log
| 
| /* Override any GCC internal prototype to avoid an error.
|    Use char because int might match the return type of a GCC
|    builtin and then its argument prototype would still apply.  */
| #ifdef __cplusplus
| extern "C"
| #endif
| char log ();
| /* The GNU C library defines this for functions which it implements
|     to always fail with ENOSYS.  Some functions are actually named
|     something starting with __ and the normal name is an alias.  */
| #if defined __stub_log || defined __stub___log
| choke me
| #endif
| 
| int
| main ()
| {
| return log ();
|   ;
|   return 0;
| }
configure:12205: result: no
configure:12209: checking for log in -lm
configure:12234: gcc -o conftest -g -O2   conftest.c -lm   >&5
conftest.c:32:6: warning: conflicting types for built-in function 'log'; expected 'double(double)' [-Wbuiltin-declaration-mismatch]
   32 | char log ();
      |      ^~~
conftest.c:1:1: note: 'log' is declared in header '<math.h>'
    1 | /* confdefs.h */
configure:12234: $? = 0
configure:12243: result: yes
configure:12258: checking for getifaddrs
configure:12258: gcc -o conftest -g -O2   conftest.c -lm  >&5
configure:12258: $? = 0
configure:12258: result: yes
configure:12275: checking for library containing pthread_create
configure:12306: gcc -o conftest -g -O2   conftest.c -lm  >&5
/usr/bin/ld: /tmp/ccFtkltP.o: in function `main':
/home/stp/Code/CSL6/Old/CSL_Libs/liblo-0.31/conftest.c:38: undefined reference to `pthread_create'
collect2: error: ld returned 1 exit status
configure:12306: $? = 1
configure: failed program was:
| /* confdefs.h */
| #define PACKAGE_NAME "liblo"
| #define PACKAGE_TARNAME "liblo"
| #define PACKAGE_VERSION "0.31"
| #define PACKAGE_STRING "liblo 0.31"
| #define PACKAGE_BUGREPORT "liblo-devel@lists.sourceforge.net"
| #define PACKAGE_URL ""
| #define PACKAGE "liblo"
| #define VERSION "0.31"
| #define LO_SO_VERSION {11, 1, 4}
| #define STDC_HEADERS 1
| #define HAVE_SYS_TYPES_H 1
| #define HAVE_SYS_STAT_H 1
| #define HAVE_STDLIB_H 1
| #define HAVE_STRING_H 1
| #define HAVE_MEMORY_H 1
| #define HAVE_STRINGS_H 1
| #define HAVE_INTTYPES_H 1
| #define HAVE_STDINT_H 1
| #define HAVE_UNISTD_H 1
| #define HAVE_DLFCN_H 1
| #define LT_OBJDIR ".libs/"
| #define PRINTF_LL "ll"
| #define HAVE_LIBM 1
| #define HAVE_GETIFADDRS 1
| /* end confdefs.h.  */
| 
| /* Override any GCC internal prototype to avoid an error.
|    Use char because int might match the return type of a GCC
|    builtin and then its argument prototype would still apply.  */
| #ifdef __cplusplus
| extern "C"
| #endif
| char pthread_create ();
| int
| main ()
| {
| return pthread_create ();
|   ;
|   return 0;
| }
configure:12306: gcc -o conftest -g -O2   conftest.c -lc  -lm  >&5
/usr/bin/ld: /tmp/ccmKqe1K.o: in function `main':
/home/stp/Code/CSL6/Old/CSL_Libs/liblo-0.31/conftest.c:38: undefined reference to `pthread_create'
collect2: error: ld returned 1 exit status
configure:12306: $? = 1
configure: failed program was:
| /* confdefs.h */
| #define PACKAGE_NAME "liblo"
| #define PACKAGE_TARNAME "liblo"
| #define PACKAGE_VERSION "0.31"
| #define PACKAGE_STRING "liblo 0.31"
| #define PACKAGE_BUGREPORT "liblo-devel@lists.sourceforge.net"
| #define PACKAGE_URL ""
| #define PACKAGE "liblo"
| #define VERSION "0.31"
| #define LO_SO_VERSION {11, 1, 4}
| #define STDC_HEADERS 1
| #define HAVE_SYS_TYPES_H 1
| #define HAVE_SYS_STAT_H 1
| #define HAVE_STDLIB_H 1
| #define HAVE_STRING_H 1
| #define HAVE_MEMORY_H 1
| #define HAVE_STRINGS_H 1
| #define HAVE_INTTYPES_H 1
| #define HAVE_STDINT_H 1
| #define HAVE_UNISTD_H 1
| #define HAVE_DLFCN_H 1
| #define LT_OBJDIR ".libs/"
| #define PRINTF_LL "ll"
| #define HAVE_LIBM 1
| #define HAVE_GETIFADDRS 1
| /* end confdefs.h.  */
| 
| /* Override any GCC internal prototype to avoid an error.
|    Use char because int might match the return type of a GCC
|    builtin and then its argument prototype would still apply.  */
| #ifdef __cplusplus
| extern "C"
| #endif
| char pthread_create ();
| int
| main ()
| {
| return pthread_create ();
|   ;
|   return 0;
| }
configure:12306: gcc -o conftest -g -O2   conftest.c -lpthread  -lm  >&5
configure:12306: $? = 0
configure:12323: result: -lpthread
configure:12379: checking for ANSI C header files
configure:12483: result: yes
configure:12494: checking netdb.h usability
configure:12494: gcc -c -g -O2  conftest.c >&5
configure:12494: $? = 0
configure:12494: result: yes
configure:12494: checking netdb.h presence
configure:12494: gcc -E  conftest.c
configure:12494: $? = 0
configure:12494: result: yes
configure:12494: checking for netdb.h
configure:12494: result: yes
configure:12494: checking netinet/in.h usability
configure:12494: gcc -c -g -O2  conftest.c >&5
configure:12494: $? = 0
configure:12494: result: yes
configure:12494: checking netinet/in.h presence
configure:12494: gcc -E  conftest.c
configure:12494: $? = 0
configure:12494: result: yes
configure:12494: checking for netinet/in.h
configure:12494: result: yes
configure:12494: checking for stdlib.h
configure:12494: result: yes
configure:12494: checking for string.h
configure:12494: result: yes
configure:12494: checking sys/socket.h usability
configure:12494: gcc -c -g -O2  conftest.c >&5
configure:12494: $? = 0
configure:12494: result: yes
configure:12494: checking sys/socket.h presence
configure:12494: gcc -E  conftest.c
configure:12494: $? = 0
configure:12494: result: yes
configure:12494: checking for sys/socket.h
configure:12494: result: yes
configure:12494: checking for unistd.h
configure:12494: result: yes
configure:12506: checking for an ANSI C-conforming const
configure:12572: gcc -c -g -O2  conftest.c >&5
configure:12572: $? = 0
configure:12579: result: yes
configure:12587: checking for size_t
configure:12587: gcc -c -g -O2  conftest.c >&5
configure:12587: $? = 0
configure:12587: gcc -c -g -O2  conftest.c >&5
conftest.c: In function 'main':
conftest.c:72:21: error: expected expression before ')' token
   72 | if (sizeof ((size_t)))
      |                     ^
configure:12587: $? = 1
configure: failed program was:
| /* confdefs.h */
| #define PACKAGE_NAME "liblo"
| #define PACKAGE_TARNAME "liblo"
| #define PACKAGE_VERSION "0.31"
| #define PACKAGE_STRING "liblo 0.31"
| #define PACKAGE_BUGREPORT "liblo-devel@lists.sourceforge.net"
| #define PACKAGE_URL ""
| #define PACKAGE "liblo"
| #define VERSION "0.31"
| #define LO_SO_VERSION {11, 1, 4}
| #define STDC_HEADERS 1
| #define HAVE_SYS_TYPES_H 1
| #define HAVE_SYS_STAT_H 1
| #define HAVE_STDLIB_H 1
| #define HAVE_STRING_H 1
| #define HAVE_MEMORY_H 1
| #define HAVE_STRINGS_H 1
| #define HAVE_INTTYPES_H 1
| #define HAVE_STDINT_H 1
| #define HAVE_UNISTD_H 1
| #define HAVE_DLFCN_H 1
| #define LT_OBJDIR ".libs/"
| #define PRINTF_LL "ll"
| #define HAVE_LIBM 1
| #define HAVE_GETIFADDRS 1
| #define HAVE_LIBPTHREAD 1
| #define ENABLE_THREADS 1
| #define STDC_HEADERS 1
| #define HAVE_NETDB_H 1
| #define HAVE_NETINET_IN_H 1
| #define HAVE_STDLIB_H 1
| #define HAVE_STRING_H 1
| #define HAVE_SYS_SOCKET_H 1
| #define HAVE_UNISTD_H 1
| /* end confdefs.h.  */
| #include <stdio.h>
| #ifdef HAVE_SYS_TYPES_H
| # include <sys/types.h>
| #endif
| #ifdef HAVE_SYS_STAT_H
| # include <sys/stat.h>
| #endif
| #ifdef STDC_HEADERS
| # include <stdlib.h>
| # include <stddef.h>
| #else
| # ifdef HAVE_STDLIB_H
| #  include <stdlib.h>
| # endif
| #endif
| #ifdef HAVE_STRING_H
| # if !defined STDC_HEADERS && defined HAVE_MEMORY_H
| #  include <memory.h>
| # endif
| # include <string.h>
| #endif
| #ifdef HAVE_STRINGS_H
| # include <strings.h>
| #endif
| #ifdef HAVE_INTTYPES_H
| # include <inttypes.h>
| #endif
| #ifdef HAVE_STDINT_H
| # include <stdint.h>
| #endif
| #ifdef HAVE_UNISTD_H
| # include <unistd.h>
| #endif
| int
| main ()
| {
| if (sizeof ((size_t)))
| 	    return 0;
|   ;
|   return 0;
| }
configure:12587: result: yes
configure:12599: checking for uintptr_t
configure:12599: gcc -c -g -O2  conftest.c >&5
configure:12599: $? = 0
configure:12599: gcc -c -g -O2  conftest.c >&5
conftest.c: In function 'main':
conftest.c:72:24: error: expected expression before ')' token
   72 | if (sizeof ((uintptr_t)))
      |                        ^
configure:12599: $? = 1
configure: failed program was:
| /* confdefs.h */
| #define PACKAGE_NAME "liblo"
| #define PACKAGE_TARNAME "liblo"
| #define PACKAGE_VERSION "0.31"
| #define PACKAGE_STRING "liblo 0.31"
| #define PACKAGE_BUGREPORT "liblo-devel@lists.sourceforge.net"
| #define PACKAGE_URL ""
| #define PACKAGE "liblo"
| #define VERSION "0.31"
| #define LO_SO_VERSION {11, 1, 4}
| #define STDC_HEADERS 1
| #define HAVE_SYS_TYPES_H 1
| #define HAVE_SYS_STAT_H 1
| #define HAVE_STDLIB_H 1
| #define HAVE_STRING_H 1
| #define HAVE_MEMORY_H 1
| #define HAVE_STRINGS_H 1
| #define HAVE_INTTYPES_H 1
| #define HAVE_STDINT_H 1
| #define HAVE_UNISTD_H 1
| #define HAVE_DLFCN_H 1
| #define LT_OBJDIR ".libs/"
| #define PRINTF_LL "ll"
| #define HAVE_LIBM 1
| #define HAVE_GETIFADDRS 1
| #define HAVE_LIBPTHREAD 1
| #define ENABLE_THREADS 1
| #define STDC_HEADERS 1
| #define HAVE_NETDB_H 1
| #define HAVE_NETINET_IN_H 1
| #define HAVE_STDLIB_H 1
| #define HAVE_STRING_H 1
| #define HAVE_SYS_SOCKET_H 1
| #define HAVE_UNISTD_H 1
| /* end confdefs.h.  */
| #include <stdio.h>
| #ifdef HAVE_SYS_TYPES_H
| # include <sys/types.h>
| #endif
| #ifdef HAVE_SYS_STAT_H
| # include <sys/stat.h>
| #endif
| #ifdef STDC_HEADERS
| # include <stdlib.h>
| # include <stddef.h>
| #else
| # ifdef HAVE_STDLIB_H
| #  include <stdlib.h>
| # endif
| #endif
| #ifdef HAVE_STRING_H
| # if !defined STDC_HEADERS && defined HAVE_MEMORY_H
| #  include <memory.h>
| # endif
| # include <string.h>
| #endif
| #ifdef HAVE_STRINGS_H
| # include <strings.h>
| #endif
| #ifdef HAVE_INTTYPES_H
| # include <inttypes.h>
| #endif
| #ifdef HAVE_STDINT_H
| # include <stdint.h>
| #endif
| #ifdef HAVE_UNISTD_H
| # include <unistd.h>
| #endif
| int
| main ()
| {
| if (sizeof ((uintptr_t)))
| 	    return 0;
|   ;
|   return 0;
| }
configure:12599: result: yes
configure:12637: checking for inet_pton
configure:12637: gcc -o conftest -g -O2   conftest.c -lpthread -lm  >&5
configure:12637: $? = 0
configure:12637: result: yes
configure:12644: checking for select
configure:12644: gcc -o conftest -g -O2   conftest.c -lpthread -lm  >&5
configure:12644: $? = 0
configure:12644: result: yes
configure:12684: checking for poll
configure:12684: gcc -o conftest -g -O2   conftest.c -lpthread -lm  >&5
configure:12684: $? = 0
configure:12684: result: yes
configure:12691: checking for setvbuf
configure:12691: gcc -o conftest -g -O2   conftest.c -lpthread -lm  >&5
configure:12691: $? = 0
configure:12691: result: yes
configure:12723: checking whether byte ordering is bigendian
configure:12738: gcc -c -g -O2  conftest.c >&5
conftest.c:42:9: error: unknown type name 'not'
   42 |         not a universal capable compiler
      |         ^~~
conftest.c:42:15: error: expected '=', ',', ';', 'asm' or '__attribute__' before 'universal'
   42 |         not a universal capable compiler
      |               ^~~~~~~~~
conftest.c:42:15: error: unknown type name 'universal'
configure:12738: $? = 1
configure: failed program was:
| /* confdefs.h */
| #define PACKAGE_NAME "liblo"
| #define PACKAGE_TARNAME "liblo"
| #define PACKAGE_VERSION "0.31"
| #define PACKAGE_STRING "liblo 0.31"
| #define PACKAGE_BUGREPORT "liblo-devel@lists.sourceforge.net"
| #define PACKAGE_URL ""
| #define PACKAGE "liblo"
| #define VERSION "0.31"
| #define LO_SO_VERSION {11, 1, 4}
| #define STDC_HEADERS 1
| #define HAVE_SYS_TYPES_H 1
| #define HAVE_SYS_STAT_H 1
| #define HAVE_STDLIB_H 1
| #define HAVE_STRING_H 1
| #define HAVE_MEMORY_H 1
| #define HAVE_STRINGS_H 1
| #define HAVE_INTTYPES_H 1
| #define HAVE_STDINT_H 1
| #define HAVE_UNISTD_H 1
| #define HAVE_DLFCN_H 1
| #define LT_OBJDIR ".libs/"
| #define PRINTF_LL "ll"
| #define HAVE_LIBM 1
| #define HAVE_GETIFADDRS 1
| #define HAVE_LIBPTHREAD 1
| #define ENABLE_THREADS 1
| #define STDC_HEADERS 1
| #define HAVE_NETDB_H 1
| #define HAVE_NETINET_IN_H 1
| #define HAVE_STDLIB_H 1
| #define HAVE_STRING_H 1
| #define HAVE_SYS_SOCKET_H 1
| #define HAVE_UNISTD_H 1
| #define HAVE_UINTPTR_T 1
| #define HAVE_INET_PTON 1
| #define HAVE_SELECT 1
| #define HAVE_POLL 1
| #define HAVE_SETVBUF 1
| /* end confdefs.h.  */
| #ifndef __APPLE_CC__
| 	       not a universal capable compiler
| 	     #endif
| 	     typedef int dummy;
| 
configure:12783: gcc -c -g -O2  conftest.c >&5
configure:12783: $? = 0
configure:12801: gcc -c -g -O2  conftest.c >&5
conftest.c: In function 'main':
conftest.c:48:4: error: unknown type name 'not'; did you mean 'ino_t'?
   48 |    not big endian
      |    ^~~
      |    ino_t
conftest.c:48:12: error: expected '=', ',', ';', 'asm' or '__attribute__' before 'endian'
   48 |    not big endian
      |            ^~~~~~
configure:12801: $? = 1
configure: failed program was:
| /* confdefs.h */
| #define PACKAGE_NAME "liblo"
| #define PACKAGE_TARNAME "liblo"
| #define PACKAGE_VERSION "0.31"
| #define PACKAGE_STRING "liblo 0.31"
| #define PACKAGE_BUGREPORT "liblo-devel@lists.sourceforge.net"
| #define PACKAGE_URL ""
| #define PACKAGE "liblo"
| #define VERSION "0.31"
| #define LO_SO_VERSION {11, 1, 4}
| #define STDC_HEADERS 1
| #define HAVE_SYS_TYPES_H 1
| #define HAVE_SYS_STAT_H 1
| #define HAVE_STDLIB_H 1
| #define HAVE_STRING_H 1
| #define HAVE_MEMORY_H 1
| #define HAVE_STRINGS_H 1
| #define HAVE_INTTYPES_H 1
| #define HAVE_STDINT_H 1
| #define HAVE_UNISTD_H 1
| #define HAVE_DLFCN_H 1
| #define LT_OBJDIR ".libs/"
| #define PRINTF_LL "ll"
| #define HAVE_LIBM 1
| #define HAVE_GETIFADDRS 1
| #define HAVE_LIBPTHREAD 1
| #define ENABLE_THREADS 1
| #define STDC_HEADERS 1
| #define HAVE_NETDB_H 1
| #define HAVE_NETINET_IN_H 1
| #define HAVE_STDLIB_H 1
| #define HAVE_STRING_H 1
| #define HAVE_SYS_SOCKET_H 1
| #define HAVE_UNISTD_H 1
| #define HAVE_UINTPTR_T 1
| #define HAVE_INET_PTON 1
| #define HAVE_SELECT 1
| #define HAVE_POLL 1
| #define HAVE_SETVBUF 1
| /* end confdefs.h.  */
| #include <sys/types.h>
| 		#include <sys/param.h>
| 
| int
| main ()
| {
| #if BYTE_ORDER != BIG_ENDIAN
| 		 not big endian
| 		#endif
| 
|   ;
|   return 0;
| }
configure:12929: result: no
configure:13171: checking that generated files are newer than configure
configure:13177: result: done
configure:13241: creating ./config.status

## ---------------------- ##
## Running config.status. ##
## ---------------------- ##

This file was extended by liblo config.status 0.31, which was
generated by GNU Autoconf 2.69.  Invocation command line was

  CONFIG_FILES    = 
  CONFIG_HEADERS  = 
  CONFIG_LINKS    = 
  CONFIG_COMMANDS = 
  $ ./config.status 

on U1910

config.status:1206: creating Makefile
config.status:1206: creating src/Makefile
config.status:1206: creating src/tools/Makefile
config.status:1206: creating src/liblo.def
config.status:1206: creating examples/Makefile
config.status:1206: creating lo/Makefile
config.status:1206: creating lo/lo.h
config.status:1206: creating lo/lo_endian.h
config.status:1206: creating liblo.pc
config.status:1206: creating doc/Makefile
config.status:1206: creating doc/reference.doxygen
config.status:1206: creating build/Makefile
config.status:1206: creating cmake/Makefile
config.status:1206: creating config.h
config.status:1435: executing depfiles commands
config.status:1435: executing libtool commands

## ---------------- ##
## Cache variables. ##
## ---------------- ##

ac_cv_build=x86_64-pc-linux-gnu
ac_cv_c_bigendian=no
ac_cv_c_compiler_gnu=yes
ac_cv_c_const=yes
ac_cv_cxx_compiler_gnu=yes
ac_cv_env_CCC_set=
ac_cv_env_CCC_value=
ac_cv_env_CC_set=
ac_cv_env_CC_value=
ac_cv_env_CFLAGS_set=
ac_cv_env_CFLAGS_value=
ac_cv_env_CPPFLAGS_set=
ac_cv_env_CPPFLAGS_value=
ac_cv_env_CPP_set=
ac_cv_env_CPP_value=
ac_cv_env_CXXCPP_set=
ac_cv_env_CXXCPP_value=
ac_cv_env_CXXFLAGS_set=
ac_cv_env_CXXFLAGS_value=
ac_cv_env_CXX_set=
ac_cv_env_CXX_value=
ac_cv_env_LDFLAGS_set=
ac_cv_env_LDFLAGS_value=
ac_cv_env_LIBS_set=
ac_cv_env_LIBS_value=
ac_cv_env_LT_SYS_LIBRARY_PATH_set=
ac_cv_env_LT_SYS_LIBRARY_PATH_value=
ac_cv_env_build_alias_set=
ac_cv_env_build_alias_value=
ac_cv_env_host_alias_set=
ac_cv_env_host_alias_value=
ac_cv_env_target_alias_set=
ac_cv_env_target_alias_value=
ac_cv_func_getifaddrs=yes
ac_cv_func_inet_pton=yes
ac_cv_func_log=no
ac_cv_func_poll=yes
ac_cv_func_select=yes
ac_cv_func_setvbuf=yes
ac_cv_header_dlfcn_h=yes
ac_cv_header_inttypes_h=yes
ac_cv_header_memory_h=yes
ac_cv_header_netdb_h=yes
ac_cv_header_netinet_in_h=yes
ac_cv_header_stdc=yes
ac_cv_header_stdint_h=yes
ac_cv_header_stdlib_h=yes
ac_cv_header_string_h=yes
ac_cv_header_strings_h=yes
ac_cv_header_sys_socket_h=yes
ac_cv_header_sys_stat_h=yes
ac_cv_header_sys_types_h=yes
ac_cv_header_unistd_h=yes
ac_cv_header_winsock2_h=no
ac_cv_host=x86_64-pc-linux-gnu
ac_cv_lib_m_log=yes
ac_cv_objext=o
ac_cv_path_EGREP='/usr/bin/grep -E'
ac_cv_path_FGREP='/usr/bin/grep -F'
ac_cv_path_GREP=/usr/bin/grep
ac_cv_path_SED=/usr/bin/sed
ac_cv_path_install='/usr/bin/install -c'
ac_cv_path_lt_DD=/usr/bin/dd
ac_cv_path_mkdir=/usr/bin/mkdir
ac_cv_prog_AWK=mawk
ac_cv_prog_CPP='gcc -E'
ac_cv_prog_CXXCPP='g++ -E'
ac_cv_prog_ac_ct_AR=ar
ac_cv_prog_ac_ct_CC=gcc
ac_cv_prog_ac_ct_CXX=g++
ac_cv_prog_ac_ct_DLLTOOL=dlltool
ac_cv_prog_ac_ct_MANIFEST_TOOL=mt
ac_cv_prog_ac_ct_OBJDUMP=objdump
ac_cv_prog_ac_ct_RANLIB=ranlib
ac_cv_prog_ac_ct_STRIP=strip
ac_cv_prog_cc_c89=
ac_cv_prog_cc_g=yes
ac_cv_prog_cxx_g=yes
ac_cv_prog_make_make_set=yes
ac_cv_search_pthread_create=-lpthread
ac_cv_search_recvfrom='none required'
ac_cv_type_size_t=yes
ac_cv_type_uintptr_t=yes
am_cv_CC_dependencies_compiler_type=gcc3
am_cv_CXX_dependencies_compiler_type=gcc3
am_cv_make_support_nested_variables=yes
am_cv_prog_cc_c_o=yes
lt_cv_ar_at_file=@
lt_cv_archive_cmds_need_lc=no
lt_cv_deplibs_check_method=pass_all
lt_cv_file_magic_cmd='$MAGIC_CMD'
lt_cv_file_magic_test_file=
lt_cv_ld_reload_flag=-r
lt_cv_nm_interface='BSD nm'
lt_cv_objdir=.libs
lt_cv_path_LD=/usr/bin/ld
lt_cv_path_LDCXX='/usr/bin/ld -m elf_x86_64'
lt_cv_path_NM='/usr/bin/nm -B'
lt_cv_path_mainfest_tool=no
lt_cv_prog_compiler_c_o=yes
lt_cv_prog_compiler_c_o_CXX=yes
lt_cv_prog_compiler_pic='-fPIC -DPIC'
lt_cv_prog_compiler_pic_CXX='-fPIC -DPIC'
lt_cv_prog_compiler_pic_works=yes
lt_cv_prog_compiler_pic_works_CXX=yes
lt_cv_prog_compiler_rtti_exceptions=no
lt_cv_prog_compiler_static_works=yes
lt_cv_prog_compiler_static_works_CXX=yes
lt_cv_prog_gnu_ld=yes
lt_cv_prog_gnu_ldcxx=yes
lt_cv_sharedlib_from_linklib_cmd='printf %s\n'
lt_cv_shlibpath_overrides_runpath=yes
lt_cv_sys_global_symbol_pipe='sed -n -e '\''s/^.*[	 ]\([ABCDGIRSTW][ABCDGIRSTW]*\)[	 ][	 ]*\([_A-Za-z][_A-Za-z0-9]*\)$/\1 \2 \2/p'\'' | sed '\''/ __gnu_lto/d'\'''
lt_cv_sys_global_symbol_to_c_name_address='sed -n -e '\''s/^: \(.*\) .*$/  {"\1", (void *) 0},/p'\'' -e '\''s/^[ABCDGIRSTW][ABCDGIRSTW]* .* \(.*\)$/  {"\1", (void *) \&\1},/p'\'''
lt_cv_sys_global_symbol_to_c_name_address_lib_prefix='sed -n -e '\''s/^: \(.*\) .*$/  {"\1", (void *) 0},/p'\'' -e '\''s/^[ABCDGIRSTW][ABCDGIRSTW]* .* \(lib.*\)$/  {"\1", (void *) \&\1},/p'\'' -e '\''s/^[ABCDGIRSTW][ABCDGIRSTW]* .* \(.*\)$/  {"lib\1", (void *) \&\1},/p'\'''
lt_cv_sys_global_symbol_to_cdecl='sed -n -e '\''s/^T .* \(.*\)$/extern int \1();/p'\'' -e '\''s/^[ABCDGIRSTW][ABCDGIRSTW]* .* \(.*\)$/extern char \1;/p'\'''
lt_cv_sys_global_symbol_to_import=
lt_cv_sys_max_cmd_len=1572864
lt_cv_to_host_file_cmd=func_convert_file_noop
lt_cv_to_tool_file_cmd=func_convert_file_noop
lt_cv_truncate_bin='/usr/bin/dd bs=4096 count=1'

## ----------------- ##
## Output variables. ##
## ----------------- ##

ACLOCAL='${SHELL} /home/stp/Code/CSL6/Old/CSL_Libs/liblo-0.31/missing aclocal-1.15'
AMDEPBACKSLASH='\'
AMDEP_FALSE='#'
AMDEP_TRUE=''
AMTAR='$${TAR-tar}'
AM_BACKSLASH='\'
AM_DEFAULT_V='$(AM_DEFAULT_VERBOSITY)'
AM_DEFAULT_VERBOSITY='0'
AM_V='$(V)'
AR='ar'
AS='as'
AUTOCONF='${SHELL} /home/stp/Code/CSL6/Old/CSL_Libs/liblo-0.31/missing autoconf'
AUTOHEADER='${SHELL} /home/stp/Code/CSL6/Old/CSL_Libs/liblo-0.31/missing autoheader'
AUTOMAKE='${SHELL} /home/stp/Code/CSL6/Old/CSL_Libs/liblo-0.31/missing automake-1.15'
AWK='mawk'
CC='gcc'
CCDEPMODE='depmode=gcc3'
CFLAGS='-g -O2'
COMPILE_EXAMPLES_FALSE='#'
COMPILE_EXAMPLES_TRUE=''
COMPILE_TESTS_FALSE='#'
COMPILE_TESTS_TRUE=''
COMPILE_TOOLS_FALSE='#'
COMPILE_TOOLS_TRUE=''
CPP='gcc -E'
CPPFLAGS=''
CXX='g++'
CXXCPP='g++ -E'
CXXDEPMODE='depmode=gcc3'
CXXFLAGS='-g -O2 -std=c++11'
CYGPATH_W='echo'
DEFS='-DHAVE_CONFIG_H'
DEFTHREADS=''
DEPDIR='.deps'
DLLTOOL='dlltool'
DLL_NAME='liblo-7.dll'
DOXYGEN=''
DSYMUTIL=''
DUMPBIN=''
ECHO_C=''
ECHO_N='-n'
ECHO_T=''
EGREP='/usr/bin/grep -E'
ENABLE_NETWORK_TESTS_FALSE='#'
ENABLE_NETWORK_TESTS_TRUE=''
ENABLE_THREADS='1'
ENABLE_THREADS_FALSE='#'
ENABLE_THREADS_TRUE=''
EXEEXT=''
FGREP='/usr/bin/grep -F'
GREP='/usr/bin/grep'
HAVE_LAMBDA_FALSE='#'
HAVE_LAMBDA_TRUE=''
INSTALL_DATA='${INSTALL} -m 644'
INSTALL_PROGRAM='${INSTALL}'
INSTALL_SCRIPT='${INSTALL}'
INSTALL_STRIP_PROGRAM='$(install_sh) -c -s'
LD='/usr/bin/ld -m elf_x86_64'
LDFLAGS=''
LIBOBJS=''
LIBPTHREAD='-lpthread'
LIBS='-lpthread -lm '
LIBTOOL='$(SHELL) $(top_builddir)/libtool'
LIPO=''
LN_S='cp -pR'
LO_BIGENDIAN='0'
LO_SO_VERSION='11:1:4'
LTLIBOBJS=''
LT_CURRENT_MINUS_AGE='7'
LT_SYS_LIBRARY_PATH=''
MAINT='#'
MAINTAINER_MODE_FALSE=''
MAINTAINER_MODE_TRUE='#'
MAKEINFO='${SHELL} /home/stp/Code/CSL6/Old/CSL_Libs/liblo-0.31/missing makeinfo'
MANIFEST_TOOL=':'
MKDIR_P='/usr/bin/mkdir -p'
NM='/usr/bin/nm -B'
NMEDIT=''
OBJDUMP='objdump'
OBJEXT='o'
OTOOL64=''
OTOOL=''
PACKAGE='liblo'
PACKAGE_BUGREPORT='liblo-devel@lists.sourceforge.net'
PACKAGE_NAME='liblo'
PACKAGE_STRING='liblo 0.31'
PACKAGE_TARNAME='liblo'
PACKAGE_URL=''
PACKAGE_VERSION='0.31'
PATH_SEPARATOR=':'
RANLIB='ranlib'
SED='/usr/bin/sed'
SET_MAKE=''
SHELL='/bin/bash'
STRIP='strip'
THREADS_INCLUDE='#include "lo/lo_serverthread.h"'
VERSION='0.31'
WINDOWS_DLL_FALSE=''
WINDOWS_DLL_TRUE='#'
WINDOWS_FALSE=''
WINDOWS_TRUE='#'
ac_ct_AR='ar'
ac_ct_CC='gcc'
ac_ct_CXX='g++'
ac_ct_DUMPBIN=''
am__EXEEXT_FALSE=''
am__EXEEXT_TRUE='#'
am__fastdepCC_FALSE='#'
am__fastdepCC_TRUE=''
am__fastdepCXX_FALSE='#'
am__fastdepCXX_TRUE=''
am__include='include'
am__isrc=''
am__leading_dot='.'
am__nodep='_no'
am__quote=''
am__tar='$${TAR-tar} chof - "$$tardir"'
am__untar='$${TAR-tar} xf -'
bindir='${exec_prefix}/bin'
build='x86_64-pc-linux-gnu'
build_alias=''
build_cpu='x86_64'
build_os='linux-gnu'
build_vendor='pc'
datadir='${datarootdir}'
datarootdir='${prefix}/share'
docdir='${datarootdir}/doc/${PACKAGE_TARNAME}'
dvidir='${docdir}'
exec_prefix='${prefix}'
extralibs=''
host='x86_64-pc-linux-gnu'
host_alias=''
host_cpu='x86_64'
host_os='linux-gnu'
host_vendor='pc'
htmldir='${docdir}'
includedir='${prefix}/include'
infodir='${datarootdir}/info'
install_sh='${SHELL} /home/stp/Code/CSL6/Old/CSL_Libs/liblo-0.31/install-sh'
libdir='${exec_prefix}/lib'
libexecdir='${exec_prefix}/libexec'
localedir='${datarootdir}/locale'
localstatedir='${prefix}/var'
mandir='${datarootdir}/man'
mkdir_p='$(MKDIR_P)'
oldincludedir='/usr/include'
pdfdir='${docdir}'
prefix='/usr/local'
program_transform_name='s,x,x,'
psdir='${docdir}'
runstatedir='${localstatedir}/run'
sbindir='${exec_prefix}/sbin'
sharedstatedir='${prefix}/com'
sysconfdir='${prefix}/etc'
target_alias=''

## ----------- ##
## confdefs.h. ##
## ----------- ##

/* confdefs.h */
#define PACKAGE_NAME "liblo"
#define PACKAGE_TARNAME "liblo"
#define PACKAGE_VERSION "0.31"
#define PACKAGE_STRING "liblo 0.31"
#define PACKAGE_BUGREPORT "liblo-devel@lists.sourceforge.net"
#define PACKAGE_URL ""
#define PACKAGE "liblo"
#define VERSION "0.31"
#define LO_SO_VERSION {11, 1, 4}
#define STDC_HEADERS 1
#define HAVE_SYS_TYPES_H 1
#define HAVE_SYS_STAT_H 1
#define HAVE_STDLIB_H 1
#define HAVE_STRING_H 1
#define HAVE_MEMORY_H 1
#define HAVE_STRINGS_H 1
#define HAVE_INTTYPES_H 1
#define HAVE_STDINT_H 1
#define HAVE_UNISTD_H 1
#define HAVE_DLFCN_H 1
#define LT_OBJDIR ".libs/"
#define PRINTF_LL "ll"
#define HAVE_LIBM 1
#define HAVE_GETIFADDRS 1
#define HAVE_LIBPTHREAD 1
#define ENABLE_THREADS 1
#define STDC_HEADERS 1
#define HAVE_NETDB_H 1
#define HAVE_NETINET_IN_H 1
#define HAVE_STDLIB_H 1
#define HAVE_STRING_H 1
#define HAVE_SYS_SOCKET_H 1
#define HAVE_UNISTD_H 1
#define HAVE_UINTPTR_T 1
#define HAVE_INET_PTON 1
#define HAVE_SELECT 1
#define HAVE_POLL 1
#define HAVE_SETVBUF 1
#define LO_BIGENDIAN "0"
#define ENABLE_NETWORK_TESTS 1

configure: exit 0
