This file contains any messages produced by compilers while
running configure, to aid debugging if configure makes a mistake.

It was created by configure, which was
generated by GNU Autoconf 2.61.  Invocation command line was

  $ ./configure --disable-portaudio

## --------- ##
## Platform. ##
## --------- ##

hostname = stp-iMac.local
uname -m = i386
uname -r = 8.10.1
uname -s = Darwin
uname -v = Darwin Kernel Version 8.10.1: Wed May 23 16:33:00 PDT 2007; root:xnu-792.22.5~1/RELEASE_I386

/usr/bin/uname -p = i386
/bin/uname -X     = unknown

/bin/arch              = unknown
/usr/bin/arch -k       = unknown
/usr/convex/getsysinfo = unknown
/usr/bin/hostinfo      = Mach kernel version:
	 Darwin Kernel Version 8.10.1: Wed May 23 16:33:00 PDT 2007; root:xnu-792.22.5~1/RELEASE_I386
Kernel configured for up to 2 processors.
2 processors are physically available.
2 processors are logically available.
Processor type: i486 (Intel 80486)
Processors active: 0 1
Primary memory available: 2.00 gigabytes
Default processor set: 104 tasks, 354 threads, 2 processors
Load average: 1.00, Mach factor: 1.28
/bin/machine           = unknown
/usr/bin/oslevel       = unknown
/bin/universe          = unknown

PATH: /Developer/qt-3.3.6/bin
PATH: .
PATH: /usr/local/bin
PATH: /Users/stp/Applications
PATH: /usr/local/pgsql/bin
PATH: /usr/X11R6/bin
PATH: /bin
PATH: /sbin
PATH: /usr/bin
PATH: /usr/sbin


## ----------- ##
## Core tests. ##
## ----------- ##

configure:2058: checking build system type
configure:2076: result: i386-apple-darwin8.10.1
configure:2098: checking host system type
configure:2113: result: i386-apple-darwin8.10.1
configure:2135: checking target system type
configure:2150: result: i386-apple-darwin8.10.1
configure:2228: checking for a BSD-compatible install
configure:2284: result: /usr/bin/install -c
configure:2295: checking whether build environment is sane
configure:2338: result: yes
configure:2366: checking for a thread-safe mkdir -p
configure:2405: result: config/install-sh -c -d
configure:2418: checking for gawk
configure:2448: result: no
configure:2418: checking for mawk
configure:2448: result: no
configure:2418: checking for nawk
configure:2448: result: no
configure:2418: checking for awk
configure:2434: found /usr/bin/awk
configure:2445: result: awk
configure:2456: checking whether make sets $(MAKE)
configure:2477: result: yes
configure:2665: checking whether to enable maintainer-specific portions of Makefiles
configure:2674: result: no
configure:2786: checking for gcc
configure:2802: found /usr/bin/gcc
configure:2813: result: gcc
configure:3051: checking for C compiler version
configure:3058: gcc --version >&5
i686-apple-darwin8-gcc-4.0.1 (GCC) 4.0.1 (Apple Computer, Inc. build 5367)
Copyright (C) 2005 Free Software Foundation, Inc.
This is free software; see the source for copying conditions.  There is NO
warranty; not even for MERCHANTABILITY or FITNESS FOR A PARTICULAR PURPOSE.

configure:3061: $? = 0
configure:3068: gcc -v >&5
Using built-in specs.
Target: i686-apple-darwin8
Configured with: /private/var/tmp/gcc/gcc-5367.obj~1/src/configure --disable-checking -enable-werror --prefix=/usr --mandir=/share/man --enable-languages=c,objc,c++,obj-c++ --program-transform-name=/^[cg][^.-]*$/s/$/-4.0/ --with-gxx-include-dir=/include/c++/4.0.0 --with-slibdir=/usr/lib --build=powerpc-apple-darwin8 --with-arch=nocona --with-tune=generic --program-prefix= --host=i686-apple-darwin8 --target=i686-apple-darwin8
Thread model: posix
gcc version 4.0.1 (Apple Computer, Inc. build 5367)
configure:3071: $? = 0
configure:3078: gcc -V >&5
gcc: argument to `-V' is missing
configure:3081: $? = 1
configure:3104: checking for C compiler default output file name
configure:3131: gcc    conftest.c  >&5
configure:3134: $? = 0
configure:3172: result: a.out
configure:3189: checking whether the C compiler works
configure:3199: ./a.out
configure:3202: $? = 0
configure:3219: result: yes
configure:3226: checking whether we are cross compiling
configure:3228: result: no
configure:3231: checking for suffix of executables
configure:3238: gcc -o conftest    conftest.c  >&5
configure:3241: $? = 0
configure:3265: result: 
configure:3271: checking for suffix of object files
configure:3297: gcc -c   conftest.c >&5
configure:3300: $? = 0
configure:3323: result: o
configure:3327: checking whether we are using the GNU C compiler
configure:3356: gcc -c   conftest.c >&5
configure:3362: $? = 0
configure:3379: result: yes
configure:3384: checking whether gcc accepts -g
configure:3414: gcc -c -g  conftest.c >&5
configure:3420: $? = 0
configure:3519: result: yes
configure:3536: checking for gcc option to accept ISO C89
configure:3610: gcc  -c -g -O2  conftest.c >&5
configure:3616: $? = 0
configure:3639: result: none needed
configure:3668: checking for style of include used by make
configure:3696: result: GNU
configure:3721: checking dependency style of gcc
configure:3812: result: gcc3
configure:3885: checking for g++
configure:3901: found /usr/bin/g++
configure:3912: result: g++
configure:3943: checking for C++ compiler version
configure:3950: g++ --version >&5
i686-apple-darwin8-g++-4.0.1 (GCC) 4.0.1 (Apple Computer, Inc. build 5367)
Copyright (C) 2005 Free Software Foundation, Inc.
This is free software; see the source for copying conditions.  There is NO
warranty; not even for MERCHANTABILITY or FITNESS FOR A PARTICULAR PURPOSE.

configure:3953: $? = 0
configure:3960: g++ -v >&5
Using built-in specs.
Target: i686-apple-darwin8
Configured with: /private/var/tmp/gcc/gcc-5367.obj~1/src/configure --disable-checking -enable-werror --prefix=/usr --mandir=/share/man --enable-languages=c,objc,c++,obj-c++ --program-transform-name=/^[cg][^.-]*$/s/$/-4.0/ --with-gxx-include-dir=/include/c++/4.0.0 --with-slibdir=/usr/lib --build=powerpc-apple-darwin8 --with-arch=nocona --with-tune=generic --program-prefix= --host=i686-apple-darwin8 --target=i686-apple-darwin8
Thread model: posix
gcc version 4.0.1 (Apple Computer, Inc. build 5367)
configure:3963: $? = 0
configure:3970: g++ -V >&5
g++: argument to `-V' is missing
configure:3973: $? = 1
configure:3976: checking whether we are using the GNU C++ compiler
configure:4005: g++ -c   conftest.cpp >&5
configure:4011: $? = 0
configure:4028: result: yes
configure:4033: checking whether g++ accepts -g
configure:4063: g++ -c -g  conftest.cpp >&5
configure:4069: $? = 0
configure:4168: result: yes
configure:4193: checking dependency style of g++
configure:4284: result: gcc3
configure:4299: checking for a sed that does not truncate output
configure:4353: result: /usr/bin/sed
configure:4356: checking for grep that handles long lines and -e
configure:4430: result: /usr/bin/grep
configure:4435: checking for egrep
configure:4513: result: /usr/bin/grep -E
configure:4529: checking for ld used by gcc
configure:4596: result: /usr/bin/ld
configure:4605: checking if the linker (/usr/bin/ld) is GNU ld
configure:4620: result: no
configure:4649: checking for /usr/bin/ld option to reload object files
configure:4656: result: -r
configure:4674: checking for BSD-compatible nm
configure:4723: result: /usr/bin/nm -p
configure:4727: checking whether ln -s works
configure:4731: result: yes
configure:4738: checking how to recognise dependent libraries
configure:4914: result: pass_all
configure:5148: checking how to run the C preprocessor
configure:5188: gcc -E  conftest.c
configure:5194: $? = 0
configure:5225: gcc -E  conftest.c
conftest.c:11:28: error: ac_nonexistent.h: No such file or directory
configure:5231: $? = 1
configure: failed program was:
| /* confdefs.h.  */
| #define PACKAGE_NAME ""
| #define PACKAGE_TARNAME ""
| #define PACKAGE_VERSION ""
| #define PACKAGE_STRING ""
| #define PACKAGE_BUGREPORT ""
| #define PROTOCOL_VERSION "16"
| #define PACKAGE "jack-audio-connection-kit"
| #define VERSION "0.103.0"
| /* end confdefs.h.  */
| #include <ac_nonexistent.h>
configure:5264: result: gcc -E
configure:5293: gcc -E  conftest.c
configure:5299: $? = 0
configure:5330: gcc -E  conftest.c
conftest.c:11:28: error: ac_nonexistent.h: No such file or directory
configure:5336: $? = 1
configure: failed program was:
| /* confdefs.h.  */
| #define PACKAGE_NAME ""
| #define PACKAGE_TARNAME ""
| #define PACKAGE_VERSION ""
| #define PACKAGE_STRING ""
| #define PACKAGE_BUGREPORT ""
| #define PROTOCOL_VERSION "16"
| #define PACKAGE "jack-audio-connection-kit"
| #define VERSION "0.103.0"
| /* end confdefs.h.  */
| #include <ac_nonexistent.h>
configure:5374: checking for ANSI C header files
configure:5404: gcc -c -g -O2  conftest.c >&5
configure:5410: $? = 0
configure:5506: gcc -o conftest -g -O2   conftest.c  >&5
configure:5509: $? = 0
configure:5515: ./conftest
configure:5518: $? = 0
configure:5535: result: yes
configure:5559: checking for sys/types.h
configure:5580: gcc -c -g -O2  conftest.c >&5
configure:5586: $? = 0
configure:5602: result: yes
configure:5559: checking for sys/stat.h
configure:5580: gcc -c -g -O2  conftest.c >&5
configure:5586: $? = 0
configure:5602: result: yes
configure:5559: checking for stdlib.h
configure:5580: gcc -c -g -O2  conftest.c >&5
configure:5586: $? = 0
configure:5602: result: yes
configure:5559: checking for string.h
configure:5580: gcc -c -g -O2  conftest.c >&5
configure:5586: $? = 0
configure:5602: result: yes
configure:5559: checking for memory.h
configure:5580: gcc -c -g -O2  conftest.c >&5
configure:5586: $? = 0
configure:5602: result: yes
configure:5559: checking for strings.h
configure:5580: gcc -c -g -O2  conftest.c >&5
configure:5586: $? = 0
configure:5602: result: yes
configure:5559: checking for inttypes.h
configure:5580: gcc -c -g -O2  conftest.c >&5
configure:5586: $? = 0
configure:5602: result: yes
configure:5559: checking for stdint.h
configure:5580: gcc -c -g -O2  conftest.c >&5
configure:5586: $? = 0
configure:5602: result: yes
configure:5559: checking for unistd.h
configure:5580: gcc -c -g -O2  conftest.c >&5
configure:5586: $? = 0
configure:5602: result: yes
configure:5629: checking dlfcn.h usability
configure:5646: gcc -c -g -O2  conftest.c >&5
configure:5652: $? = 0
configure:5666: result: yes
configure:5670: checking dlfcn.h presence
configure:5685: gcc -E  conftest.c
configure:5691: $? = 0
configure:5705: result: yes
configure:5733: checking for dlfcn.h
configure:5741: result: yes
configure:5764: checking how to run the C++ preprocessor
configure:5800: g++ -E  conftest.cpp
configure:5806: $? = 0
configure:5837: g++ -E  conftest.cpp
conftest.cpp:22:28: error: ac_nonexistent.h: No such file or directory
configure:5843: $? = 1
configure: failed program was:
| /* confdefs.h.  */
| #define PACKAGE_NAME ""
| #define PACKAGE_TARNAME ""
| #define PACKAGE_VERSION ""
| #define PACKAGE_STRING ""
| #define PACKAGE_BUGREPORT ""
| #define PROTOCOL_VERSION "16"
| #define PACKAGE "jack-audio-connection-kit"
| #define VERSION "0.103.0"
| #define STDC_HEADERS 1
| #define HAVE_SYS_TYPES_H 1
| #define HAVE_SYS_STAT_H 1
| #define HAVE_STDLIB_H 1
| #define HAVE_STRING_H 1
| #define HAVE_MEMORY_H 1
| #define HAVE_STRINGS_H 1
| #define HAVE_INTTYPES_H 1
| #define HAVE_STDINT_H 1
| #define HAVE_UNISTD_H 1
| #define HAVE_DLFCN_H 1
| /* end confdefs.h.  */
| #include <ac_nonexistent.h>
configure:5876: result: g++ -E
configure:5905: g++ -E  conftest.cpp
configure:5911: $? = 0
configure:5942: g++ -E  conftest.cpp
conftest.cpp:22:28: error: ac_nonexistent.h: No such file or directory
configure:5948: $? = 1
configure: failed program was:
| /* confdefs.h.  */
| #define PACKAGE_NAME ""
| #define PACKAGE_TARNAME ""
| #define PACKAGE_VERSION ""
| #define PACKAGE_STRING ""
| #define PACKAGE_BUGREPORT ""
| #define PROTOCOL_VERSION "16"
| #define PACKAGE "jack-audio-connection-kit"
| #define VERSION "0.103.0"
| #define STDC_HEADERS 1
| #define HAVE_SYS_TYPES_H 1
| #define HAVE_SYS_STAT_H 1
| #define HAVE_STDLIB_H 1
| #define HAVE_STRING_H 1
| #define HAVE_MEMORY_H 1
| #define HAVE_STRINGS_H 1
| #define HAVE_INTTYPES_H 1
| #define HAVE_STDINT_H 1
| #define HAVE_UNISTD_H 1
| #define HAVE_DLFCN_H 1
| /* end confdefs.h.  */
| #include <ac_nonexistent.h>
configure:6041: checking for g77
configure:6071: result: no
configure:6041: checking for xlf
configure:6071: result: no
configure:6041: checking for f77
configure:6071: result: no
configure:6041: checking for frt
configure:6071: result: no
configure:6041: checking for pgf77
configure:6071: result: no
configure:6041: checking for cf77
configure:6071: result: no
configure:6041: checking for fort77
configure:6071: result: no
configure:6041: checking for fl32
configure:6071: result: no
configure:6041: checking for af77
configure:6071: result: no
configure:6041: checking for xlf90
configure:6071: result: no
configure:6041: checking for f90
configure:6071: result: no
configure:6041: checking for pgf90
configure:6071: result: no
configure:6041: checking for pghpf
configure:6071: result: no
configure:6041: checking for epcf90
configure:6071: result: no
configure:6041: checking for gfortran
configure:6071: result: no
configure:6041: checking for g95
configure:6071: result: no
configure:6041: checking for xlf95
configure:6071: result: no
configure:6041: checking for f95
configure:6071: result: no
configure:6041: checking for fort
configure:6071: result: no
configure:6041: checking for ifort
configure:6071: result: no
configure:6041: checking for ifc
configure:6071: result: no
configure:6041: checking for efc
configure:6071: result: no
configure:6041: checking for pgf95
configure:6071: result: no
configure:6041: checking for lf95
configure:6071: result: no
configure:6041: checking for ftn
configure:6071: result: no
configure:6098: checking for Fortran 77 compiler version
configure:6105:  --version >&5
./configure: line 1: --version: command not found
configure:6108: $? = 127
configure:6115:  -v >&5
./configure: line 1: -v: command not found
configure:6118: $? = 127
configure:6125:  -V >&5
./configure: line 1: -V: command not found
configure:6128: $? = 127
configure:6136: checking whether we are using the GNU Fortran 77 compiler
configure:6155:  -c  conftest.F >&5
./configure: line 1: -c: command not found
configure:6161: $? = 127
configure: failed program was:
|       program main
| #ifndef __GNUC__
|        choke me
| #endif
| 
|       end
configure:6178: result: no
configure:6184: checking whether  accepts -g
configure:6201:  -c -g conftest.f >&5
./configure: line 1: -c: command not found
configure:6207: $? = 127
configure: failed program was:
|       program main
| 
|       end
configure:6223: result: no
configure:6253: checking the maximum length of command line arguments
configure:6362: result: 196608
configure:6373: checking command to parse /usr/bin/nm -p output from gcc object
configure:6478: gcc -c -g -O2  conftest.c >&5
configure:6481: $? = 0
configure:6485: /usr/bin/nm -p conftest.o \| sed -n -e 's/^.*[ 	]\([BCDEGRST][BCDEGRST]*\)[ 	][ 	]*\([_A-Za-z][_A-Za-z0-9]*\)$/\1 \2 \2/p' \> conftest.nm
configure:6488: $? = 0
cannot find nm_test_var in conftest.nm
configure:6478: gcc -c -g -O2  conftest.c >&5
configure:6481: $? = 0
configure:6485: /usr/bin/nm -p conftest.o \| sed -n -e 's/^.*[ 	]\([BCDEGRST][BCDEGRST]*\)[ 	][ 	]*_\([_A-Za-z][_A-Za-z0-9]*\)$/\1 _\2 \2/p' \> conftest.nm
configure:6488: $? = 0
configure:6540: gcc -o conftest -g -O2   conftest.c conftstm.o >&5
configure:6543: $? = 0
configure:6581: result: ok
configure:6585: checking for objdir
configure:6600: result: .libs
configure:6692: checking for ar
configure:6708: found /usr/bin/ar
configure:6719: result: ar
configure:6788: checking for ranlib
configure:6804: found /usr/bin/ranlib
configure:6815: result: ranlib
configure:6884: checking for strip
configure:6900: found /usr/bin/strip
configure:6911: result: strip
configure:7197: checking if gcc supports -fno-rtti -fno-exceptions
configure:7218: gcc -c -g -O2  -fno-rtti -fno-exceptions conftest.c >&5
cc1: warning: command line option "-fno-rtti" is valid for C++/ObjC++ but not for C
configure:7222: $? = 0
configure:7232: result: no
configure:7247: checking for gcc option to produce PIC
configure:7457: result: -fno-common
configure:7465: checking if gcc PIC flag -fno-common works
configure:7486: gcc -c -g -O2  -fno-common -DPIC conftest.c >&5
configure:7490: $? = 0
configure:7500: result: yes
configure:7528: checking if gcc static flag -static works
configure:7556: result: no
configure:7566: checking if gcc supports -c -o file.o
configure:7590: gcc -c -g -O2  -o out/conftest2.o conftest.c >&5
configure:7594: $? = 0
configure:7613: result: yes
configure:7639: checking whether the gcc linker (/usr/bin/ld) supports shared libraries
configure:8593: result: yes
configure:8660: checking dynamic linker characteristics
configure:9248: result: darwin8.10.1 dyld
configure:9257: checking how to hardcode library paths into programs
configure:9282: result: immediate
configure:9296: checking whether stripping libraries is possible
configure:9309: result: yes
configure:10102: checking if libtool supports shared libraries
configure:10104: result: yes
configure:10107: checking whether to build shared libraries
configure:10128: result: yes
configure:10131: checking whether to build static libraries
configure:10135: result: no
configure:10227: creating libtool
configure:10815: checking for ld used by g++
configure:10882: result: /usr/bin/ld
configure:10891: checking if the linker (/usr/bin/ld) is GNU ld
configure:10906: result: no
configure:10957: checking whether the g++ linker (/usr/bin/ld) supports shared libraries
configure:11891: result: yes
configure:11909: g++ -c -g -O2  conftest.cpp >&5
configure:11912: $? = 0
configure:12031: checking for g++ option to produce PIC
configure:12305: result: -fno-common
configure:12313: checking if g++ PIC flag -fno-common works
configure:12334: g++ -c -g -O2  -fno-common -DPIC conftest.cpp >&5
configure:12338: $? = 0
configure:12348: result: yes
configure:12376: checking if g++ static flag -static works
configure:12404: result: no
configure:12414: checking if g++ supports -c -o file.o
configure:12438: g++ -c -g -O2  -o out/conftest2.o conftest.cpp >&5
configure:12442: $? = 0
configure:12461: result: yes
configure:12487: checking whether the g++ linker (/usr/bin/ld) supports shared libraries
configure:12512: result: yes
configure:12579: checking dynamic linker characteristics
configure:13167: result: darwin8.10.1 dyld
configure:13176: checking how to hardcode library paths into programs
configure:13201: result: immediate
configure:19341: checking whether ln -s works
configure:19345: result: yes
configure:19352: checking whether byte ordering is bigendian
configure:19384: gcc -c -g -O2  conftest.c >&5
configure:19390: $? = 0
configure:19422: gcc -c -g -O2  conftest.c >&5
conftest.c: In function 'main':
conftest.c:29: error: 'not' undeclared (first use in this function)
conftest.c:29: error: (Each undeclared identifier is reported only once
conftest.c:29: error: for each function it appears in.)
conftest.c:29: error: parse error before 'big'
configure:19428: $? = 1
configure: failed program was:
| /* confdefs.h.  */
| #define PACKAGE_NAME ""
| #define PACKAGE_TARNAME ""
| #define PACKAGE_VERSION ""
| #define PACKAGE_STRING ""
| #define PACKAGE_BUGREPORT ""
| #define PROTOCOL_VERSION "16"
| #define PACKAGE "jack-audio-connection-kit"
| #define VERSION "0.103.0"
| #define STDC_HEADERS 1
| #define HAVE_SYS_TYPES_H 1
| #define HAVE_SYS_STAT_H 1
| #define HAVE_STDLIB_H 1
| #define HAVE_STRING_H 1
| #define HAVE_MEMORY_H 1
| #define HAVE_STRINGS_H 1
| #define HAVE_INTTYPES_H 1
| #define HAVE_STDINT_H 1
| #define HAVE_UNISTD_H 1
| #define HAVE_DLFCN_H 1
| /* end confdefs.h.  */
| #include <sys/types.h>
| #include <sys/param.h>
| 
| int
| main ()
| {
| #if BYTE_ORDER != BIG_ENDIAN
|  not big endian
| #endif
| 
|   ;
|   return 0;
| }
configure:19568: result: no
configure:19588: checking platform dependencies
configure:19659: checking for string.h
configure:19665: result: yes
configure:19659: checking for strings.h
configure:19665: result: yes
configure:19809: checking getopt.h usability
configure:19826: gcc -c -g -O2  conftest.c >&5
configure:19832: $? = 0
configure:19846: result: yes
configure:19850: checking getopt.h presence
configure:19865: gcc -E  conftest.c
configure:19871: $? = 0
configure:19885: result: yes
configure:19913: checking for getopt.h
configure:19921: result: yes
configure:20090: checking /usr/include/nptl/pthread.h usability
configure:20107: gcc -c -g -O2  conftest.c >&5
conftest.c:61:39: error: /usr/include/nptl/pthread.h: No such file or directory
configure:20113: $? = 1
configure: failed program was:
| /* confdefs.h.  */
| #define PACKAGE_NAME ""
| #define PACKAGE_TARNAME ""
| #define PACKAGE_VERSION ""
| #define PACKAGE_STRING ""
| #define PACKAGE_BUGREPORT ""
| #define PROTOCOL_VERSION "16"
| #define PACKAGE "jack-audio-connection-kit"
| #define VERSION "0.103.0"
| #define STDC_HEADERS 1
| #define HAVE_SYS_TYPES_H 1
| #define HAVE_SYS_STAT_H 1
| #define HAVE_STDLIB_H 1
| #define HAVE_STRING_H 1
| #define HAVE_MEMORY_H 1
| #define HAVE_STRINGS_H 1
| #define HAVE_INTTYPES_H 1
| #define HAVE_STDINT_H 1
| #define HAVE_UNISTD_H 1
| #define HAVE_DLFCN_H 1
| #define JACK_THREAD_STACK_TOUCH 10000
| #define JACK_CPP_VARARGS_BROKEN 1
| #define JACK_USE_MACH_THREADS 1
| #define HAVE_STRING_H 1
| #define HAVE_STRINGS_H 1
| #define HAVE_GETOPT_H 1
| /* end confdefs.h.  */
| #include <stdio.h>
| #ifdef HAVE_SYS_TYPES_H
| # include <sys/types.h>
| #endif
| #ifdef HAVE_SYS_STAT_H
| # include <sys/stat.h>
| #endif
| #ifdef STDC_HEADERS
| # include <stdlib.h>
| # include <stddef.h>
| #else
| # ifdef HAVE_STDLIB_H
| #  include <stdlib.h>
| # endif
| #endif
| #ifdef HAVE_STRING_H
| # if !defined STDC_HEADERS && defined HAVE_MEMORY_H
| #  include <memory.h>
| # endif
| # include <string.h>
| #endif
| #ifdef HAVE_STRINGS_H
| # include <strings.h>
| #endif
| #ifdef HAVE_INTTYPES_H
| # include <inttypes.h>
| #endif
| #ifdef HAVE_STDINT_H
| # include <stdint.h>
| #endif
| #ifdef HAVE_UNISTD_H
| # include <unistd.h>
| #endif
| #include </usr/include/nptl/pthread.h>
configure:20127: result: no
configure:20131: checking /usr/include/nptl/pthread.h presence
configure:20146: gcc -E  conftest.c
conftest.c:28:39: error: /usr/include/nptl/pthread.h: No such file or directory
configure:20152: $? = 1
configure: failed program was:
| /* confdefs.h.  */
| #define PACKAGE_NAME ""
| #define PACKAGE_TARNAME ""
| #define PACKAGE_VERSION ""
| #define PACKAGE_STRING ""
| #define PACKAGE_BUGREPORT ""
| #define PROTOCOL_VERSION "16"
| #define PACKAGE "jack-audio-connection-kit"
| #define VERSION "0.103.0"
| #define STDC_HEADERS 1
| #define HAVE_SYS_TYPES_H 1
| #define HAVE_SYS_STAT_H 1
| #define HAVE_STDLIB_H 1
| #define HAVE_STRING_H 1
| #define HAVE_MEMORY_H 1
| #define HAVE_STRINGS_H 1
| #define HAVE_INTTYPES_H 1
| #define HAVE_STDINT_H 1
| #define HAVE_UNISTD_H 1
| #define HAVE_DLFCN_H 1
| #define JACK_THREAD_STACK_TOUCH 10000
| #define JACK_CPP_VARARGS_BROKEN 1
| #define JACK_USE_MACH_THREADS 1
| #define HAVE_STRING_H 1
| #define HAVE_STRINGS_H 1
| #define HAVE_GETOPT_H 1
| /* end confdefs.h.  */
| #include </usr/include/nptl/pthread.h>
configure:20166: result: no
configure:20194: checking for /usr/include/nptl/pthread.h
configure:20201: result: no
configure:20212: checking for getopt_long
configure:20268: gcc -o conftest -g -O2   conftest.c  >&5
configure:20274: $? = 0
configure:20291: result: yes
configure:20301: checking for gethostent
configure:20357: gcc -o conftest -g -O2   conftest.c  >&5
configure:20363: $? = 0
configure:20380: result: yes
configure:20458: checking for setsockopt
configure:20514: gcc -o conftest -g -O2   conftest.c  >&5
configure:20520: $? = 0
configure:20537: result: yes
configure:20615: checking for connect
configure:20671: gcc -o conftest -g -O2   conftest.c  >&5
configure:20677: $? = 0
configure:20694: result: yes
configure:20772: checking for dlopen
configure:20828: gcc -o conftest -g -O2   conftest.c  >&5
configure:20834: $? = 0
configure:20851: result: yes
configure:20933: checking for pthread_create
configure:20989: gcc -o conftest -g -O2   conftest.c  >&5
configure:20995: $? = 0
configure:21012: result: yes
configure:21099: checking for on_exit
configure:21155: gcc -o conftest -g -O2   conftest.c  >&5
/usr/bin/ld: Undefined symbols:
_on_exit
collect2: ld returned 1 exit status
configure:21161: $? = 1
configure: failed program was:
| /* confdefs.h.  */
| #define PACKAGE_NAME ""
| #define PACKAGE_TARNAME ""
| #define PACKAGE_VERSION ""
| #define PACKAGE_STRING ""
| #define PACKAGE_BUGREPORT ""
| #define PROTOCOL_VERSION "16"
| #define PACKAGE "jack-audio-connection-kit"
| #define VERSION "0.103.0"
| #define STDC_HEADERS 1
| #define HAVE_SYS_TYPES_H 1
| #define HAVE_SYS_STAT_H 1
| #define HAVE_STDLIB_H 1
| #define HAVE_STRING_H 1
| #define HAVE_MEMORY_H 1
| #define HAVE_STRINGS_H 1
| #define HAVE_INTTYPES_H 1
| #define HAVE_STDINT_H 1
| #define HAVE_UNISTD_H 1
| #define HAVE_DLFCN_H 1
| #define JACK_THREAD_STACK_TOUCH 10000
| #define JACK_CPP_VARARGS_BROKEN 1
| #define JACK_USE_MACH_THREADS 1
| #define HAVE_STRING_H 1
| #define HAVE_STRINGS_H 1
| #define HAVE_GETOPT_H 1
| /* end confdefs.h.  */
| /* Define on_exit to an innocuous variant, in case <limits.h> declares on_exit.
|    For example, HP-UX 11i <limits.h> declares gettimeofday.  */
| #define on_exit innocuous_on_exit
| 
| /* System header to define __stub macros and hopefully few prototypes,
|     which can conflict with char on_exit (); below.
|     Prefer <limits.h> to <assert.h> if __STDC__ is defined, since
|     <limits.h> exists even on freestanding compilers.  */
| 
| #ifdef __STDC__
| # include <limits.h>
| #else
| # include <assert.h>
| #endif
| 
| #undef on_exit
| 
| /* Override any GCC internal prototype to avoid an error.
|    Use char because int might match the return type of a GCC
|    builtin and then its argument prototype would still apply.  */
| #ifdef __cplusplus
| extern "C"
| #endif
| char on_exit ();
| /* The GNU C library defines this for functions which it implements
|     to always fail with ENOSYS.  Some functions are actually named
|     something starting with __ and the normal name is an alias.  */
| #if defined __stub_on_exit || defined __stub___on_exit
| choke me
| #endif
| 
| int
| main ()
| {
| return on_exit ();
|   ;
|   return 0;
| }
configure:21179: result: no
configure:21099: checking for atexit
configure:21155: gcc -o conftest -g -O2   conftest.c  >&5
configure:21161: $? = 0
configure:21179: result: yes
configure:21193: checking for posix_memalign
configure:21249: gcc -o conftest -g -O2   conftest.c  >&5
/usr/bin/ld: Undefined symbols:
_posix_memalign
collect2: ld returned 1 exit status
configure:21255: $? = 1
configure: failed program was:
| /* confdefs.h.  */
| #define PACKAGE_NAME ""
| #define PACKAGE_TARNAME ""
| #define PACKAGE_VERSION ""
| #define PACKAGE_STRING ""
| #define PACKAGE_BUGREPORT ""
| #define PROTOCOL_VERSION "16"
| #define PACKAGE "jack-audio-connection-kit"
| #define VERSION "0.103.0"
| #define STDC_HEADERS 1
| #define HAVE_SYS_TYPES_H 1
| #define HAVE_SYS_STAT_H 1
| #define HAVE_STDLIB_H 1
| #define HAVE_STRING_H 1
| #define HAVE_MEMORY_H 1
| #define HAVE_STRINGS_H 1
| #define HAVE_INTTYPES_H 1
| #define HAVE_STDINT_H 1
| #define HAVE_UNISTD_H 1
| #define HAVE_DLFCN_H 1
| #define JACK_THREAD_STACK_TOUCH 10000
| #define JACK_CPP_VARARGS_BROKEN 1
| #define JACK_USE_MACH_THREADS 1
| #define HAVE_STRING_H 1
| #define HAVE_STRINGS_H 1
| #define HAVE_GETOPT_H 1
| #define HAVE_ATEXIT 1
| /* end confdefs.h.  */
| /* Define posix_memalign to an innocuous variant, in case <limits.h> declares posix_memalign.
|    For example, HP-UX 11i <limits.h> declares gettimeofday.  */
| #define posix_memalign innocuous_posix_memalign
| 
| /* System header to define __stub macros and hopefully few prototypes,
|     which can conflict with char posix_memalign (); below.
|     Prefer <limits.h> to <assert.h> if __STDC__ is defined, since
|     <limits.h> exists even on freestanding compilers.  */
| 
| #ifdef __STDC__
| # include <limits.h>
| #else
| # include <assert.h>
| #endif
| 
| #undef posix_memalign
| 
| /* Override any GCC internal prototype to avoid an error.
|    Use char because int might match the return type of a GCC
|    builtin and then its argument prototype would still apply.  */
| #ifdef __cplusplus
| extern "C"
| #endif
| char posix_memalign ();
| /* The GNU C library defines this for functions which it implements
|     to always fail with ENOSYS.  Some functions are actually named
|     something starting with __ and the normal name is an alias.  */
| #if defined __stub_posix_memalign || defined __stub___posix_memalign
| choke me
| #endif
| 
| int
| main ()
| {
| return posix_memalign ();
|   ;
|   return 0;
| }
configure:21273: result: no
configure:21284: checking for sin in -lm
configure:21319: gcc -o conftest -g -O2   conftest.c -lm   >&5
conftest.c:36: warning: conflicting types for built-in function 'sin'
configure:21325: $? = 0
configure:21343: result: yes
configure:21355: checking for clock_gettime
configure:21411: gcc -o conftest -g -O2   conftest.c -lm  >&5
/usr/bin/ld: Undefined symbols:
_clock_gettime
collect2: ld returned 1 exit status
configure:21417: $? = 1
configure: failed program was:
| /* confdefs.h.  */
| #define PACKAGE_NAME ""
| #define PACKAGE_TARNAME ""
| #define PACKAGE_VERSION ""
| #define PACKAGE_STRING ""
| #define PACKAGE_BUGREPORT ""
| #define PROTOCOL_VERSION "16"
| #define PACKAGE "jack-audio-connection-kit"
| #define VERSION "0.103.0"
| #define STDC_HEADERS 1
| #define HAVE_SYS_TYPES_H 1
| #define HAVE_SYS_STAT_H 1
| #define HAVE_STDLIB_H 1
| #define HAVE_STRING_H 1
| #define HAVE_MEMORY_H 1
| #define HAVE_STRINGS_H 1
| #define HAVE_INTTYPES_H 1
| #define HAVE_STDINT_H 1
| #define HAVE_UNISTD_H 1
| #define HAVE_DLFCN_H 1
| #define JACK_THREAD_STACK_TOUCH 10000
| #define JACK_CPP_VARARGS_BROKEN 1
| #define JACK_USE_MACH_THREADS 1
| #define HAVE_STRING_H 1
| #define HAVE_STRINGS_H 1
| #define HAVE_GETOPT_H 1
| #define HAVE_ATEXIT 1
| #define HAVE_LIBM 1
| /* end confdefs.h.  */
| /* Define clock_gettime to an innocuous variant, in case <limits.h> declares clock_gettime.
|    For example, HP-UX 11i <limits.h> declares gettimeofday.  */
| #define clock_gettime innocuous_clock_gettime
| 
| /* System header to define __stub macros and hopefully few prototypes,
|     which can conflict with char clock_gettime (); below.
|     Prefer <limits.h> to <assert.h> if __STDC__ is defined, since
|     <limits.h> exists even on freestanding compilers.  */
| 
| #ifdef __STDC__
| # include <limits.h>
| #else
| # include <assert.h>
| #endif
| 
| #undef clock_gettime
| 
| /* Override any GCC internal prototype to avoid an error.
|    Use char because int might match the return type of a GCC
|    builtin and then its argument prototype would still apply.  */
| #ifdef __cplusplus
| extern "C"
| #endif
| char clock_gettime ();
| /* The GNU C library defines this for functions which it implements
|     to always fail with ENOSYS.  Some functions are actually named
|     something starting with __ and the normal name is an alias.  */
| #if defined __stub_clock_gettime || defined __stub___clock_gettime
| choke me
| #endif
| 
| int
| main ()
| {
| return clock_gettime ();
|   ;
|   return 0;
| }
configure:21434: result: no
configure:21448: checking for clock_gettime in -lrt
configure:21483: gcc -o conftest -g -O2   conftest.c -lrt  -lm  >&5
/usr/bin/ld: can't locate file for: -lrt
collect2: ld returned 1 exit status
configure:21489: $? = 1
configure: failed program was:
| /* confdefs.h.  */
| #define PACKAGE_NAME ""
| #define PACKAGE_TARNAME ""
| #define PACKAGE_VERSION ""
| #define PACKAGE_STRING ""
| #define PACKAGE_BUGREPORT ""
| #define PROTOCOL_VERSION "16"
| #define PACKAGE "jack-audio-connection-kit"
| #define VERSION "0.103.0"
| #define STDC_HEADERS 1
| #define HAVE_SYS_TYPES_H 1
| #define HAVE_SYS_STAT_H 1
| #define HAVE_STDLIB_H 1
| #define HAVE_STRING_H 1
| #define HAVE_MEMORY_H 1
| #define HAVE_STRINGS_H 1
| #define HAVE_INTTYPES_H 1
| #define HAVE_STDINT_H 1
| #define HAVE_UNISTD_H 1
| #define HAVE_DLFCN_H 1
| #define JACK_THREAD_STACK_TOUCH 10000
| #define JACK_CPP_VARARGS_BROKEN 1
| #define JACK_USE_MACH_THREADS 1
| #define HAVE_STRING_H 1
| #define HAVE_STRINGS_H 1
| #define HAVE_GETOPT_H 1
| #define HAVE_ATEXIT 1
| #define HAVE_LIBM 1
| /* end confdefs.h.  */
| 
| /* Override any GCC internal prototype to avoid an error.
|    Use char because int might match the return type of a GCC
|    builtin and then its argument prototype would still apply.  */
| #ifdef __cplusplus
| extern "C"
| #endif
| char clock_gettime ();
| int
| main ()
| {
| return clock_gettime ();
|   ;
|   return 0;
| }
configure:21507: result: no
configure:21754: checking for shm_open
configure:21810: gcc -o conftest -g -O2   conftest.c -lm  >&5
configure:21816: $? = 0
configure:21833: result: yes
configure:21914: checking shared memory support
configure:21918: result: POSIX shm_open().
configure:22083: checking whether we can compile MMX code
configure:22095: gcc -c -g -O2  conftest.c >&5
configure:22101: $? = 0
configure:22111: result: yes
configure:22122: result: yes
configure:22142: checking whether we can compile SSE code
configure:22154: gcc -c -g -O2  conftest.c >&5
configure:22160: $? = 0
configure:22179: result: yes
configure:22726: checking for pthread_barrier_init in -lpthread
configure:22761: gcc -o conftest -I$(top_srcdir)/config -I$(top_srcdir) -I$(top_srcdir) -D_REENTRANT -D_POSIX_PTHREAD_SEMANTICS -Wall -g -g -O2   conftest.c -lpthread  -lm  >&5
/usr/bin/ld: Undefined symbols:
_pthread_barrier_init
collect2: ld returned 1 exit status
configure:22767: $? = 1
configure: failed program was:
| /* confdefs.h.  */
| #define PACKAGE_NAME ""
| #define PACKAGE_TARNAME ""
| #define PACKAGE_VERSION ""
| #define PACKAGE_STRING ""
| #define PACKAGE_BUGREPORT ""
| #define PROTOCOL_VERSION "16"
| #define PACKAGE "jack-audio-connection-kit"
| #define VERSION "0.103.0"
| #define STDC_HEADERS 1
| #define HAVE_SYS_TYPES_H 1
| #define HAVE_SYS_STAT_H 1
| #define HAVE_STDLIB_H 1
| #define HAVE_STRING_H 1
| #define HAVE_MEMORY_H 1
| #define HAVE_STRINGS_H 1
| #define HAVE_INTTYPES_H 1
| #define HAVE_STDINT_H 1
| #define HAVE_UNISTD_H 1
| #define HAVE_DLFCN_H 1
| #define JACK_THREAD_STACK_TOUCH 10000
| #define JACK_CPP_VARARGS_BROKEN 1
| #define JACK_USE_MACH_THREADS 1
| #define HAVE_STRING_H 1
| #define HAVE_STRINGS_H 1
| #define HAVE_GETOPT_H 1
| #define HAVE_ATEXIT 1
| #define HAVE_LIBM 1
| #define USE_POSIX_SHM 1
| #define JACK_SHM_TYPE "POSIX"
| #define USE_MMX 1
| #define USE_SSE 1
| #define x86 1
| #define OLD_TRANSPORT
| #define ADDON_DIR "/usr/local/lib/jack"
| #define DEFAULT_TMP_DIR "/tmp"
| /* end confdefs.h.  */
| 
| /* Override any GCC internal prototype to avoid an error.
|    Use char because int might match the return type of a GCC
|    builtin and then its argument prototype would still apply.  */
| #ifdef __cplusplus
| extern "C"
| #endif
| char pthread_barrier_init ();
| int
| main ()
| {
| return pthread_barrier_init ();
|   ;
|   return 0;
| }
configure:22785: result: no
configure:22848: checking for pkg-config
configure:22866: found /usr/local/bin/pkg-config
configure:22878: result: /usr/local/bin/pkg-config
configure:22907: checking pkg-config is at least version 0.9.0
configure:22910: result: yes
configure:22921: checking for SNDFILE
configure:22929: $PKG_CONFIG --exists --print-errors "sndfile >= 1.0"
configure:22932: $? = 0
configure:22947: $PKG_CONFIG --exists --print-errors "sndfile >= 1.0"
configure:22950: $? = 0
configure:22986: result: yes
configure:23261: checking CoreAudio/CoreAudio.h usability
configure:23278: gcc -c -I$(top_srcdir)/config -I$(top_srcdir) -I$(top_srcdir) -D_REENTRANT -D_POSIX_PTHREAD_SEMANTICS -Wall -g -g -O2  conftest.c >&5
configure:23284: $? = 0
configure:23298: result: yes
configure:23302: checking CoreAudio/CoreAudio.h presence
configure:23317: gcc -E  conftest.c
configure:23323: $? = 0
configure:23337: result: yes
configure:23365: checking for CoreAudio/CoreAudio.h
configure:23373: result: yes
configure:23419: checking sys/soundcard.h usability
configure:23436: gcc -c -I$(top_srcdir)/config -I$(top_srcdir) -I$(top_srcdir) -D_REENTRANT -D_POSIX_PTHREAD_SEMANTICS -Wall -g -g -O2  conftest.c >&5
conftest.c:72:27: error: sys/soundcard.h: No such file or directory
configure:23442: $? = 1
configure: failed program was:
| /* confdefs.h.  */
| #define PACKAGE_NAME ""
| #define PACKAGE_TARNAME ""
| #define PACKAGE_VERSION ""
| #define PACKAGE_STRING ""
| #define PACKAGE_BUGREPORT ""
| #define PROTOCOL_VERSION "16"
| #define PACKAGE "jack-audio-connection-kit"
| #define VERSION "0.103.0"
| #define STDC_HEADERS 1
| #define HAVE_SYS_TYPES_H 1
| #define HAVE_SYS_STAT_H 1
| #define HAVE_STDLIB_H 1
| #define HAVE_STRING_H 1
| #define HAVE_MEMORY_H 1
| #define HAVE_STRINGS_H 1
| #define HAVE_INTTYPES_H 1
| #define HAVE_STDINT_H 1
| #define HAVE_UNISTD_H 1
| #define HAVE_DLFCN_H 1
| #define JACK_THREAD_STACK_TOUCH 10000
| #define JACK_CPP_VARARGS_BROKEN 1
| #define JACK_USE_MACH_THREADS 1
| #define HAVE_STRING_H 1
| #define HAVE_STRINGS_H 1
| #define HAVE_GETOPT_H 1
| #define HAVE_ATEXIT 1
| #define HAVE_LIBM 1
| #define USE_POSIX_SHM 1
| #define JACK_SHM_TYPE "POSIX"
| #define USE_MMX 1
| #define USE_SSE 1
| #define x86 1
| #define OLD_TRANSPORT
| #define ADDON_DIR "/usr/local/lib/jack"
| #define DEFAULT_TMP_DIR "/tmp"
| #define HAVE_COREAUDIO_COREAUDIO_H 1
| /* end confdefs.h.  */
| #include <stdio.h>
| #ifdef HAVE_SYS_TYPES_H
| # include <sys/types.h>
| #endif
| #ifdef HAVE_SYS_STAT_H
| # include <sys/stat.h>
| #endif
| #ifdef STDC_HEADERS
| # include <stdlib.h>
| # include <stddef.h>
| #else
| # ifdef HAVE_STDLIB_H
| #  include <stdlib.h>
| # endif
| #endif
| #ifdef HAVE_STRING_H
| # if !defined STDC_HEADERS && defined HAVE_MEMORY_H
| #  include <memory.h>
| # endif
| # include <string.h>
| #endif
| #ifdef HAVE_STRINGS_H
| # include <strings.h>
| #endif
| #ifdef HAVE_INTTYPES_H
| # include <inttypes.h>
| #endif
| #ifdef HAVE_STDINT_H
| # include <stdint.h>
| #endif
| #ifdef HAVE_UNISTD_H
| # include <unistd.h>
| #endif
| #include <sys/soundcard.h>
configure:23456: result: no
configure:23460: checking sys/soundcard.h presence
configure:23475: gcc -E  conftest.c
conftest.c:39:27: error: sys/soundcard.h: No such file or directory
configure:23481: $? = 1
configure: failed program was:
| /* confdefs.h.  */
| #define PACKAGE_NAME ""
| #define PACKAGE_TARNAME ""
| #define PACKAGE_VERSION ""
| #define PACKAGE_STRING ""
| #define PACKAGE_BUGREPORT ""
| #define PROTOCOL_VERSION "16"
| #define PACKAGE "jack-audio-connection-kit"
| #define VERSION "0.103.0"
| #define STDC_HEADERS 1
| #define HAVE_SYS_TYPES_H 1
| #define HAVE_SYS_STAT_H 1
| #define HAVE_STDLIB_H 1
| #define HAVE_STRING_H 1
| #define HAVE_MEMORY_H 1
| #define HAVE_STRINGS_H 1
| #define HAVE_INTTYPES_H 1
| #define HAVE_STDINT_H 1
| #define HAVE_UNISTD_H 1
| #define HAVE_DLFCN_H 1
| #define JACK_THREAD_STACK_TOUCH 10000
| #define JACK_CPP_VARARGS_BROKEN 1
| #define JACK_USE_MACH_THREADS 1
| #define HAVE_STRING_H 1
| #define HAVE_STRINGS_H 1
| #define HAVE_GETOPT_H 1
| #define HAVE_ATEXIT 1
| #define HAVE_LIBM 1
| #define USE_POSIX_SHM 1
| #define JACK_SHM_TYPE "POSIX"
| #define USE_MMX 1
| #define USE_SSE 1
| #define x86 1
| #define OLD_TRANSPORT
| #define ADDON_DIR "/usr/local/lib/jack"
| #define DEFAULT_TMP_DIR "/tmp"
| #define HAVE_COREAUDIO_COREAUDIO_H 1
| /* end confdefs.h.  */
| #include <sys/soundcard.h>
configure:23495: result: no
configure:23523: checking for sys/soundcard.h
configure:23530: result: no
configure:23563: checking for LIBFREEBOB
configure:23571: $PKG_CONFIG --exists --print-errors "libfreebob >= 1.0.0"
Package libfreebob was not found in the pkg-config search path.
Perhaps you should add the directory containing `libfreebob.pc'
to the PKG_CONFIG_PATH environment variable
No package 'libfreebob' found
configure:23574: $? = 1
configure:23589: $PKG_CONFIG --exists --print-errors "libfreebob >= 1.0.0"
Package libfreebob was not found in the pkg-config search path.
Perhaps you should add the directory containing `libfreebob.pc'
to the PKG_CONFIG_PATH environment variable
No package 'libfreebob' found
configure:23592: $? = 1
No package 'libfreebob' found
configure:23620: result: no
configure:23622: result: no
configure:23663: checking for ALSA
configure:23671: $PKG_CONFIG --exists --print-errors "alsa >= 1.0.0"
Package alsa was not found in the pkg-config search path.
Perhaps you should add the directory containing `alsa.pc'
to the PKG_CONFIG_PATH environment variable
No package 'alsa' found
configure:23674: $? = 1
configure:23689: $PKG_CONFIG --exists --print-errors "alsa >= 1.0.0"
Package alsa was not found in the pkg-config search path.
Perhaps you should add the directory containing `alsa.pc'
to the PKG_CONFIG_PATH environment variable
No package 'alsa' found
configure:23692: $? = 1
No package 'alsa' found
configure:23720: result: no
configure:23722: result: no
configure:23778: WARNING: *** the jack_transport example client will not be built
configure:23786: checking for doxygen
configure:23802: found /usr/local/bin/doxygen
configure:23814: result: true
configure:24075: creating ./config.status

## ---------------------- ##
## Running config.status. ##
## ---------------------- ##

This file was extended by config.status, which was
generated by GNU Autoconf 2.61.  Invocation command line was

  CONFIG_FILES    = 
  CONFIG_HEADERS  = 
  CONFIG_LINKS    = 
  CONFIG_COMMANDS = 
  $ ./config.status 

on stp-iMac.local

config.status:750: creating Makefile
config.status:750: creating config/Makefile
config.status:750: creating config/cpu/Makefile
config.status:750: creating config/cpu/alpha/Makefile
config.status:750: creating config/cpu/cris/Makefile
config.status:750: creating config/cpu/generic/Makefile
config.status:750: creating config/cpu/i386/Makefile
config.status:750: creating config/cpu/i486/Makefile
config.status:750: creating config/cpu/ia64/Makefile
config.status:750: creating config/cpu/m68k/Makefile
config.status:750: creating config/cpu/mips/Makefile
config.status:750: creating config/cpu/powerpc/Makefile
config.status:750: creating config/cpu/s390/Makefile
config.status:750: creating config/os/Makefile
config.status:750: creating config/os/generic/Makefile
config.status:750: creating config/os/gnu-linux/Makefile
config.status:750: creating config/os/macosx/Makefile
config.status:750: creating config/sysdeps/Makefile
config.status:750: creating doc/Makefile
config.status:750: creating doc/reference.doxygen
config.status:750: creating drivers/Makefile
config.status:750: creating drivers/alsa/Makefile
config.status:750: creating drivers/dummy/Makefile
config.status:750: creating drivers/oss/Makefile
config.status:750: creating drivers/portaudio/Makefile
config.status:750: creating drivers/coreaudio/Makefile
config.status:750: creating drivers/freebob/Makefile
config.status:750: creating example-clients/Makefile
config.status:750: creating jack.pc
config.status:750: creating jack.spec
config.status:750: creating jack/Makefile
config.status:750: creating jack/version.h
config.status:750: creating jackd/Makefile
config.status:750: creating jackd/jackd.1
config.status:750: creating libjack/Makefile
config.status:750: creating config.h
config.status:1042: executing depfiles commands

## ---------------- ##
## Cache variables. ##
## ---------------- ##

ac_cv_build=i386-apple-darwin8.10.1
ac_cv_c_bigendian=no
ac_cv_c_compiler_gnu=yes
ac_cv_cxx_compiler_gnu=yes
ac_cv_env_ALSA_CFLAGS_set=
ac_cv_env_ALSA_CFLAGS_value=
ac_cv_env_ALSA_LIBS_set=
ac_cv_env_ALSA_LIBS_value=
ac_cv_env_CCC_set=
ac_cv_env_CCC_value=
ac_cv_env_CC_set=
ac_cv_env_CC_value=
ac_cv_env_CFLAGS_set=
ac_cv_env_CFLAGS_value=
ac_cv_env_CPPFLAGS_set=
ac_cv_env_CPPFLAGS_value=
ac_cv_env_CPP_set=
ac_cv_env_CPP_value=
ac_cv_env_CXXCPP_set=
ac_cv_env_CXXCPP_value=
ac_cv_env_CXXFLAGS_set=
ac_cv_env_CXXFLAGS_value=
ac_cv_env_CXX_set=
ac_cv_env_CXX_value=
ac_cv_env_F77_set=
ac_cv_env_F77_value=
ac_cv_env_FFLAGS_set=
ac_cv_env_FFLAGS_value=
ac_cv_env_LDFLAGS_set=
ac_cv_env_LDFLAGS_value=
ac_cv_env_LIBFREEBOB_CFLAGS_set=
ac_cv_env_LIBFREEBOB_CFLAGS_value=
ac_cv_env_LIBFREEBOB_LIBS_set=
ac_cv_env_LIBFREEBOB_LIBS_value=
ac_cv_env_LIBS_set=
ac_cv_env_LIBS_value=
ac_cv_env_PKG_CONFIG_set=
ac_cv_env_PKG_CONFIG_value=
ac_cv_env_SNDFILE_CFLAGS_set=
ac_cv_env_SNDFILE_CFLAGS_value=
ac_cv_env_SNDFILE_LIBS_set=
ac_cv_env_SNDFILE_LIBS_value=
ac_cv_env_build_alias_set=
ac_cv_env_build_alias_value=
ac_cv_env_host_alias_set=
ac_cv_env_host_alias_value=
ac_cv_env_target_alias_set=
ac_cv_env_target_alias_value=
ac_cv_f77_compiler_gnu=no
ac_cv_func_atexit=yes
ac_cv_func_clock_gettime=no
ac_cv_func_connect=yes
ac_cv_func_dlopen=yes
ac_cv_func_gethostent=yes
ac_cv_func_getopt_long=yes
ac_cv_func_on_exit=no
ac_cv_func_posix_memalign=no
ac_cv_func_pthread_create=yes
ac_cv_func_setsockopt=yes
ac_cv_func_shm_open=yes
ac_cv_header_CoreAudio_CoreAudio_h=yes
ac_cv_header__usr_include_nptl_pthread_h=no
ac_cv_header_dlfcn_h=yes
ac_cv_header_getopt_h=yes
ac_cv_header_inttypes_h=yes
ac_cv_header_memory_h=yes
ac_cv_header_stdc=yes
ac_cv_header_stdint_h=yes
ac_cv_header_stdlib_h=yes
ac_cv_header_string_h=yes
ac_cv_header_strings_h=yes
ac_cv_header_sys_soundcard_h=no
ac_cv_header_sys_stat_h=yes
ac_cv_header_sys_types_h=yes
ac_cv_header_unistd_h=yes
ac_cv_host=i386-apple-darwin8.10.1
ac_cv_lib_m_sin=yes
ac_cv_lib_pthread_pthread_barrier_init=no
ac_cv_lib_rt_clock_gettime=no
ac_cv_objext=o
ac_cv_path_EGREP='/usr/bin/grep -E'
ac_cv_path_GREP=/usr/bin/grep
ac_cv_path_ac_pt_PKG_CONFIG=/usr/local/bin/pkg-config
ac_cv_path_install='/usr/bin/install -c'
ac_cv_prog_AWK=awk
ac_cv_prog_CPP='gcc -E'
ac_cv_prog_CXXCPP='g++ -E'
ac_cv_prog_HAVE_DOXYGEN=true
ac_cv_prog_ac_ct_AR=ar
ac_cv_prog_ac_ct_CC=gcc
ac_cv_prog_ac_ct_CXX=g++
ac_cv_prog_ac_ct_RANLIB=ranlib
ac_cv_prog_ac_ct_STRIP=strip
ac_cv_prog_cc_c89=
ac_cv_prog_cc_g=yes
ac_cv_prog_cxx_g=yes
ac_cv_prog_f77_g=no
ac_cv_prog_make_make_set=yes
ac_cv_target=i386-apple-darwin8.10.1
am_cv_CC_dependencies_compiler_type=gcc3
am_cv_CXX_dependencies_compiler_type=gcc3
lt_cv_deplibs_check_method=pass_all
lt_cv_file_magic_cmd='$MAGIC_CMD'
lt_cv_file_magic_test_file=
lt_cv_ld_reload_flag=-r
lt_cv_objdir=.libs
lt_cv_path_LD=/usr/bin/ld
lt_cv_path_LDCXX=/usr/bin/ld
lt_cv_path_NM='/usr/bin/nm -p'
lt_cv_path_SED=/usr/bin/sed
lt_cv_prog_compiler_c_o=yes
lt_cv_prog_compiler_c_o_CXX=yes
lt_cv_prog_compiler_rtti_exceptions=no
lt_cv_prog_gnu_ld=no
lt_cv_prog_gnu_ldcxx=no
lt_cv_sys_global_symbol_pipe='sed -n -e '\''s/^.*[ 	]\([BCDEGRST][BCDEGRST]*\)[ 	][ 	]*_\([_A-Za-z][_A-Za-z0-9]*\)$/\1 _\2 \2/p'\'''
lt_cv_sys_global_symbol_to_c_name_address='sed -n -e '\''s/^: \([^ ]*\) $/  {\"\1\", (lt_ptr) 0},/p'\'' -e '\''s/^[BCDEGRST] \([^ ]*\) \([^ ]*\)$/  {"\2", (lt_ptr) \&\2},/p'\'''
lt_cv_sys_global_symbol_to_cdecl='sed -n -e '\''s/^. .* \(.*\)$/extern int \1;/p'\'''
lt_cv_sys_max_cmd_len=196608
lt_lt_cv_prog_compiler_c_o='"yes"'
lt_lt_cv_prog_compiler_c_o_CXX='"yes"'
lt_lt_cv_sys_global_symbol_pipe='"sed -n -e '\''s/^.*[ 	]\\([BCDEGRST][BCDEGRST]*\\)[ 	][ 	]*_\\([_A-Za-z][_A-Za-z0-9]*\\)\$/\\1 _\\2 \\2/p'\''"'
lt_lt_cv_sys_global_symbol_to_c_name_address='"sed -n -e '\''s/^: \\([^ ]*\\) \$/  {\\\"\\1\\\", (lt_ptr) 0},/p'\'' -e '\''s/^[BCDEGRST] \\([^ ]*\\) \\([^ ]*\\)\$/  {\"\\2\", (lt_ptr) \\&\\2},/p'\''"'
lt_lt_cv_sys_global_symbol_to_cdecl='"sed -n -e '\''s/^. .* \\(.*\\)\$/extern int \\1;/p'\''"'
pkg_cv_SNDFILE_CFLAGS='-I/usr/local/include  '
pkg_cv_SNDFILE_LIBS='-L/usr/local/lib -lsndfile  '

## ----------------- ##
## Output variables. ##
## ----------------- ##

ACLOCAL='${SHELL} /Users/stp/Code/CSL_Libs/jack-audio-connection-kit-0.103.0/config/missing --run aclocal-1.10'
ADDON_DIR='${libdir}/jack'
ALSA_CFLAGS=''
ALSA_LIBS=''
AMDEPBACKSLASH='\'
AMDEP_FALSE='#'
AMDEP_TRUE=''
AMTAR='${SHELL} /Users/stp/Code/CSL_Libs/jack-audio-connection-kit-0.103.0/config/missing --run tar'
AR='ar'
AUTOCONF='${SHELL} /Users/stp/Code/CSL_Libs/jack-audio-connection-kit-0.103.0/config/missing --run autoconf'
AUTOHEADER='${SHELL} /Users/stp/Code/CSL_Libs/jack-audio-connection-kit-0.103.0/config/missing --run autoheader'
AUTOMAKE='${SHELL} /Users/stp/Code/CSL_Libs/jack-audio-connection-kit-0.103.0/config/missing --run automake-1.10'
AWK='awk'
CC='gcc'
CCDEPMODE='depmode=gcc3'
CFLAGS='-I$(top_srcdir)/config -I$(top_srcdir) -I$(top_srcdir) -D_REENTRANT -D_POSIX_PTHREAD_SEMANTICS -Wall -g -g -O2'
CPP='gcc -E'
CPPFLAGS=''
CXX='g++'
CXXCPP='g++ -E'
CXXDEPMODE='depmode=gcc3'
CXXFLAGS='-g -O2'
CYGPATH_W='echo'
DEFAULT_TMP_DIR='/tmp'
DEFS='-DHAVE_CONFIG_H'
DEPDIR='.deps'
ECHO='echo'
ECHO_C=''
ECHO_N='-n'
ECHO_T=''
EGREP='/usr/bin/grep -E'
EXEEXT=''
F77=''
FFLAGS=''
GREP='/usr/bin/grep'
HAVE_ALSA_FALSE=''
HAVE_ALSA_TRUE='#'
HAVE_CAPABILITIES=''
HAVE_COREAUDIO_FALSE='#'
HAVE_COREAUDIO_TRUE=''
HAVE_DOXYGEN='true'
HAVE_DOXYGEN_FALSE='#'
HAVE_DOXYGEN_TRUE=''
HAVE_FREEBOB_FALSE=''
HAVE_FREEBOB_TRUE='#'
HAVE_OSS_FALSE=''
HAVE_OSS_TRUE='#'
HAVE_PA_FALSE=''
HAVE_PA_TRUE='#'
HAVE_READLINE_FALSE=''
HAVE_READLINE_TRUE='#'
HAVE_SNDFILE_FALSE='#'
HAVE_SNDFILE_TRUE=''
HTML_DIR='${pkgdatadir}'
INSTALL_DATA='${INSTALL} -m 644'
INSTALL_PROGRAM='${INSTALL}'
INSTALL_SCRIPT='${INSTALL}'
INSTALL_STRIP_PROGRAM='$(install_sh) -c -s'
JACK_API_MAJOR_VERSION=''
JACK_API_MICRO_VERSION=''
JACK_API_MINOR_VERSION=''
JACK_CFLAGS='-I$(top_srcdir)/config -I$(top_srcdir) -I$(top_srcdir) -D_REENTRANT -D_POSIX_PTHREAD_SEMANTICS -Wall -g -g -O2'
JACK_MAJOR_VERSION='0'
JACK_MICRO_VERSION='0'
JACK_MINOR_VERSION='103'
JACK_PROTOCOL_VERSION='16'
JACK_RELEASE='0-103-0'
JACK_SO_VERSION='0:23:0'
JACK_VERSION='0.103.0'
LDFLAGS=''
LIBFREEBOB_CFLAGS=''
LIBFREEBOB_LIBS=''
LIBOBJS=''
LIBS='-lm '
LIBTOOL='$(SHELL) $(top_builddir)/libtool'
LN_S='ln -s'
LTLIBOBJS=''
MAINT='#'
MAINTAINER_MODE_FALSE=''
MAINTAINER_MODE_TRUE='#'
MAKEINFO='${SHELL} /Users/stp/Code/CSL_Libs/jack-audio-connection-kit-0.103.0/config/missing --run makeinfo'
OBJEXT='o'
OS_LDFLAGS='-framework CoreAudio -framework CoreServices -framework AudioUnit'
PACKAGE='jack-audio-connection-kit'
PACKAGE_BUGREPORT=''
PACKAGE_NAME=''
PACKAGE_STRING=''
PACKAGE_TARNAME=''
PACKAGE_VERSION=''
PATH_SEPARATOR=':'
PA_LIBS=''
PKG_CONFIG='/usr/local/bin/pkg-config'
RANLIB='ranlib'
READLINE_DEPS=''
SET_MAKE=''
SHELL='/bin/sh'
SNDFILE_CFLAGS='-I/usr/local/include  '
SNDFILE_LIBS='-L/usr/local/lib -lsndfile  '
STRIP='strip'
STRIPPED_JACKD_FALSE=''
STRIPPED_JACKD_TRUE='#'
USE_CAPABILITIES_FALSE=''
USE_CAPABILITIES_TRUE='#'
USE_POSIX_SHM_FALSE='#'
USE_POSIX_SHM_TRUE=''
VERSION='0.103.0'
ac_ct_CC='gcc'
ac_ct_CXX='g++'
ac_ct_F77=''
am__fastdepCC_FALSE='#'
am__fastdepCC_TRUE=''
am__fastdepCXX_FALSE='#'
am__fastdepCXX_TRUE=''
am__include='include'
am__isrc=''
am__leading_dot='.'
am__quote=''
am__tar='${AMTAR} chof - "$$tardir"'
am__untar='${AMTAR} xf -'
bindir='${exec_prefix}/bin'
build='i386-apple-darwin8.10.1'
build_alias=''
build_cpu='i386'
build_os='darwin8.10.1'
build_vendor='apple'
datadir='${datarootdir}'
datarootdir='${prefix}/share'
docdir='${datarootdir}/doc/${PACKAGE}'
dvidir='${docdir}'
exec_prefix='${prefix}'
host='i386-apple-darwin8.10.1'
host_alias=''
host_cpu='i386'
host_os='darwin8.10.1'
host_vendor='apple'
htmldir='${docdir}'
includedir='${prefix}/include'
infodir='${datarootdir}/info'
install_sh='$(SHELL) /Users/stp/Code/CSL_Libs/jack-audio-connection-kit-0.103.0/config/install-sh'
libdir='${exec_prefix}/lib'
libexecdir='${exec_prefix}/libexec'
localedir='${datarootdir}/locale'
localstatedir='${prefix}/var'
mandir='${datarootdir}/man'
mkdir_p='$(top_builddir)/config/install-sh -c -d'
oldincludedir='/usr/include'
pdfdir='${docdir}'
prefix='/usr/local'
program_transform_name='s,x,x,'
psdir='${docdir}'
sbindir='${exec_prefix}/sbin'
sharedstatedir='${prefix}/com'
sysconfdir='${prefix}/etc'
target='i386-apple-darwin8.10.1'
target_alias=''
target_cpu='i386'
target_os='darwin8.10.1'
target_vendor='apple'

## ----------- ##
## confdefs.h. ##
## ----------- ##

#define PACKAGE_NAME ""
#define PACKAGE_TARNAME ""
#define PACKAGE_VERSION ""
#define PACKAGE_STRING ""
#define PACKAGE_BUGREPORT ""
#define PROTOCOL_VERSION "16"
#define PACKAGE "jack-audio-connection-kit"
#define VERSION "0.103.0"
#define STDC_HEADERS 1
#define HAVE_SYS_TYPES_H 1
#define HAVE_SYS_STAT_H 1
#define HAVE_STDLIB_H 1
#define HAVE_STRING_H 1
#define HAVE_MEMORY_H 1
#define HAVE_STRINGS_H 1
#define HAVE_INTTYPES_H 1
#define HAVE_STDINT_H 1
#define HAVE_UNISTD_H 1
#define HAVE_DLFCN_H 1
#define JACK_THREAD_STACK_TOUCH 10000
#define JACK_CPP_VARARGS_BROKEN 1
#define JACK_USE_MACH_THREADS 1
#define HAVE_STRING_H 1
#define HAVE_STRINGS_H 1
#define HAVE_GETOPT_H 1
#define HAVE_ATEXIT 1
#define HAVE_LIBM 1
#define USE_POSIX_SHM 1
#define JACK_SHM_TYPE "POSIX"
#define USE_MMX 1
#define USE_SSE 1
#define x86 1
#define OLD_TRANSPORT
#define ADDON_DIR "/usr/local/lib/jack"
#define DEFAULT_TMP_DIR "/tmp"
#define HAVE_COREAUDIO_COREAUDIO_H 1
#define JACK_DEFAULT_DRIVER "coreaudio"

configure: exit 0
