This file contains any messages produced by compilers while
running configure, to aid debugging if configure makes a mistake.

It was created by RtAudio configure 4.0, which was
generated by GNU Autoconf 2.61.  Invocation command line was

  $ ./configure 

## --------- ##
## Platform. ##
## --------- ##

hostname = STP-MacBook.local
uname -m = i386
uname -r = 10.0.0
uname -s = Darwin
uname -v = Darwin Kernel Version 10.0.0: Fri Jul 31 22:47:34 PDT 2009; root:xnu-1456.1.25~1/RELEASE_I386

/usr/bin/uname -p = i386
/bin/uname -X     = unknown

/bin/arch              = unknown
/usr/bin/arch -k       = unknown
/usr/convex/getsysinfo = unknown
/usr/bin/hostinfo      = Mach kernel version:
	 Darwin Kernel Version 10.0.0: Fri Jul 31 22:47:34 PDT 2009; root:xnu-1456.1.25~1/RELEASE_I386
Kernel configured for up to 2 processors.
2 processors are physically available.
2 processors are logically available.
Processor type: i486 (Intel 80486)
Processors active: 0 1
Primary memory available: 4.00 gigabytes
Default processor set: 81 tasks, 367 threads, 2 processors
Load average: 0.52, Mach factor: 1.47
/bin/machine           = unknown
/usr/bin/oslevel       = unknown
/bin/universe          = unknown

PATH: /opt/local/bin
PATH: /opt/local/sbin
PATH: /sw/bin
PATH: /sw/sbin
PATH: .
PATH: /Users/stp/Applications
PATH: /usr/local/bin
PATH: /usr/local/pgsql/bin
PATH: /usr/X11R6/bin
PATH: /usr/bin
PATH: /bin
PATH: /usr/sbin
PATH: /sbin
PATH: /usr/local/bin
PATH: /usr/X11/bin


## ----------- ##
## Core tests. ##
## ----------- ##

configure:1827: checking for g++
configure:1843: found /usr/local/bin/g++
configure:1854: result: g++
configure:1885: checking for C++ compiler version
configure:1892: g++ --version >&5
g++ (GCC) 4.4.0 20080801 (experimental)
Copyright (C) 2008 Free Software Foundation, Inc.
This is free software; see the source for copying conditions.  There is NO
warranty; not even for MERCHANTABILITY or FITNESS FOR A PARTICULAR PURPOSE.

configure:1895: $? = 0
configure:1902: g++ -v >&5
Using built-in specs.
Target: i386-apple-darwin9.4.0
Configured with: ../gcc-4.4-20080801/configure --enable-languages=fortran,c++
Thread model: posix
gcc version 4.4.0 20080801 (experimental) (GCC) 
configure:1905: $? = 0
configure:1912: g++ -V >&5
g++: '-V' option must have argument
configure:1915: $? = 1
configure:1938: checking for C++ compiler default output file name
configure:1965: g++    conftest.cpp  >&5
configure:1968: $? = 0
configure:2006: result: a.out
configure:2023: checking whether the C++ compiler works
configure:2033: ./a.out
configure:2036: $? = 0
configure:2053: result: yes
configure:2060: checking whether we are cross compiling
configure:2062: result: no
configure:2065: checking for suffix of executables
configure:2072: g++ -o conftest    conftest.cpp  >&5
configure:2075: $? = 0
configure:2099: result: 
configure:2105: checking for suffix of object files
configure:2131: g++ -c   conftest.cpp >&5
configure:2134: $? = 0
configure:2157: result: o
configure:2161: checking whether we are using the GNU C++ compiler
configure:2190: g++ -c   conftest.cpp >&5
configure:2196: $? = 0
configure:2213: result: yes
configure:2218: checking whether g++ accepts -g
configure:2248: g++ -c -g  conftest.cpp >&5
configure:2254: $? = 0
configure:2353: result: yes
configure:2419: checking for ranlib
configure:2435: found /usr/bin/ranlib
configure:2446: result: ranlib
configure:2474: checking for ar
configure:2492: found /usr/bin/ar
configure:2505: result: /usr/bin/ar
configure:2568: checking for gcc
configure:2584: found /usr/local/bin/gcc
configure:2595: result: gcc
configure:2833: checking for C compiler version
configure:2840: gcc --version >&5
gcc (GCC) 4.4.0 20080801 (experimental)
Copyright (C) 2008 Free Software Foundation, Inc.
This is free software; see the source for copying conditions.  There is NO
warranty; not even for MERCHANTABILITY or FITNESS FOR A PARTICULAR PURPOSE.

configure:2843: $? = 0
configure:2850: gcc -v >&5
Using built-in specs.
Target: i386-apple-darwin9.4.0
Configured with: ../gcc-4.4-20080801/configure --enable-languages=fortran,c++
Thread model: posix
gcc version 4.4.0 20080801 (experimental) (GCC) 
configure:2853: $? = 0
configure:2860: gcc -V >&5
gcc: '-V' option must have argument
configure:2863: $? = 1
configure:2866: checking whether we are using the GNU C compiler
configure:2895: gcc -c   conftest.c >&5
configure:2901: $? = 0
configure:2918: result: yes
configure:2923: checking whether gcc accepts -g
configure:2953: gcc -c -g  conftest.c >&5
configure:2959: $? = 0
configure:3058: result: yes
configure:3075: checking for gcc option to accept ISO C89
configure:3149: gcc  -c -g -O2  conftest.c >&5
configure:3155: $? = 0
configure:3178: result: none needed
configure:3202: checking how to run the C preprocessor
configure:3242: gcc -E  conftest.c
configure:3248: $? = 0
configure:3279: gcc -E  conftest.c
conftest.c:8:28: error: ac_nonexistent.h: No such file or directory
configure:3285: $? = 1
configure: failed program was:
| /* confdefs.h.  */
| #define PACKAGE_NAME "RtAudio"
| #define PACKAGE_TARNAME "rtaudio"
| #define PACKAGE_VERSION "4.0"
| #define PACKAGE_STRING "RtAudio 4.0"
| #define PACKAGE_BUGREPORT "gary@music.mcgill.ca"
| /* end confdefs.h.  */
| #include <ac_nonexistent.h>
configure:3318: result: gcc -E
configure:3347: gcc -E  conftest.c
configure:3353: $? = 0
configure:3384: gcc -E  conftest.c
conftest.c:8:28: error: ac_nonexistent.h: No such file or directory
configure:3390: $? = 1
configure: failed program was:
| /* confdefs.h.  */
| #define PACKAGE_NAME "RtAudio"
| #define PACKAGE_TARNAME "rtaudio"
| #define PACKAGE_VERSION "4.0"
| #define PACKAGE_STRING "RtAudio 4.0"
| #define PACKAGE_BUGREPORT "gary@music.mcgill.ca"
| /* end confdefs.h.  */
| #include <ac_nonexistent.h>
configure:3428: checking for grep that handles long lines and -e
configure:3502: result: /usr/bin/grep
configure:3507: checking for egrep
configure:3585: result: /usr/bin/grep -E
configure:3590: checking for ANSI C header files
configure:3620: gcc -c -g -O2  conftest.c >&5
configure:3626: $? = 0
configure:3725: gcc -o conftest -g -O2   conftest.c  >&5
configure:3728: $? = 0
configure:3734: ./conftest
configure:3737: $? = 0
configure:3754: result: yes
configure:3778: checking for sys/types.h
configure:3799: gcc -c -g -O2  conftest.c >&5
configure:3805: $? = 0
configure:3821: result: yes
configure:3778: checking for sys/stat.h
configure:3799: gcc -c -g -O2  conftest.c >&5
configure:3805: $? = 0
configure:3821: result: yes
configure:3778: checking for stdlib.h
configure:3799: gcc -c -g -O2  conftest.c >&5
configure:3805: $? = 0
configure:3821: result: yes
configure:3778: checking for string.h
configure:3799: gcc -c -g -O2  conftest.c >&5
configure:3805: $? = 0
configure:3821: result: yes
configure:3778: checking for memory.h
configure:3799: gcc -c -g -O2  conftest.c >&5
configure:3805: $? = 0
configure:3821: result: yes
configure:3778: checking for strings.h
configure:3799: gcc -c -g -O2  conftest.c >&5
configure:3805: $? = 0
configure:3821: result: yes
configure:3778: checking for inttypes.h
configure:3799: gcc -c -g -O2  conftest.c >&5
configure:3805: $? = 0
configure:3821: result: yes
configure:3778: checking for stdint.h
configure:3799: gcc -c -g -O2  conftest.c >&5
configure:3805: $? = 0
configure:3821: result: yes
configure:3778: checking for unistd.h
configure:3799: gcc -c -g -O2  conftest.c >&5
configure:3805: $? = 0
configure:3821: result: yes
configure:3849: checking sys/ioctl.h usability
configure:3866: gcc -c -g -O2  conftest.c >&5
configure:3872: $? = 0
configure:3886: result: yes
configure:3890: checking sys/ioctl.h presence
configure:3905: gcc -E  conftest.c
configure:3911: $? = 0
configure:3925: result: yes
configure:3958: checking for sys/ioctl.h
configure:3966: result: yes
configure:3839: checking for unistd.h
configure:3845: result: yes
configure:3981: checking whether to compile debug version
configure:3994: result: no
configure:4001: checking for gettimeofday
configure:4057: gcc -o conftest -g -O2   conftest.c  >&5
configure:4063: $? = 0
configure:4080: result: yes
configure:4111: checking build system type
configure:4129: result: i386-apple-darwin10.0.0
configure:4151: checking host system type
configure:4166: result: i386-apple-darwin10.0.0
configure:4188: checking for audio API
configure:4932: result: using CoreAudio
configure:4944: checking CoreAudio/CoreAudio.h usability
configure:4961: gcc -c -g -O2   -DHAVE_GETTIMEOFDAY conftest.c >&5
In file included from /System/Library/Frameworks/CoreFoundation.framework/Headers/CoreFoundation.h:43,
                 from /System/Library/Frameworks/CoreAudio.framework/Headers/AudioHardware.h:83,
                 from /System/Library/Frameworks/CoreAudio.framework/Headers/CoreAudio.h:19,
                 from conftest.c:53:
/System/Library/Frameworks/CoreFoundation.framework/Headers/CFBundle.h:147: error: format string argument not a string type
configure:4967: $? = 1
configure: failed program was:
| /* confdefs.h.  */
| #define PACKAGE_NAME "RtAudio"
| #define PACKAGE_TARNAME "rtaudio"
| #define PACKAGE_VERSION "4.0"
| #define PACKAGE_STRING "RtAudio 4.0"
| #define PACKAGE_BUGREPORT "gary@music.mcgill.ca"
| #define STDC_HEADERS 1
| #define HAVE_SYS_TYPES_H 1
| #define HAVE_SYS_STAT_H 1
| #define HAVE_STDLIB_H 1
| #define HAVE_STRING_H 1
| #define HAVE_MEMORY_H 1
| #define HAVE_STRINGS_H 1
| #define HAVE_INTTYPES_H 1
| #define HAVE_STDINT_H 1
| #define HAVE_UNISTD_H 1
| #define HAVE_SYS_IOCTL_H 1
| #define HAVE_UNISTD_H 1
| /* end confdefs.h.  */
| #include <stdio.h>
| #ifdef HAVE_SYS_TYPES_H
| # include <sys/types.h>
| #endif
| #ifdef HAVE_SYS_STAT_H
| # include <sys/stat.h>
| #endif
| #ifdef STDC_HEADERS
| # include <stdlib.h>
| # include <stddef.h>
| #else
| # ifdef HAVE_STDLIB_H
| #  include <stdlib.h>
| # endif
| #endif
| #ifdef HAVE_STRING_H
| # if !defined STDC_HEADERS && defined HAVE_MEMORY_H
| #  include <memory.h>
| # endif
| # include <string.h>
| #endif
| #ifdef HAVE_STRINGS_H
| # include <strings.h>
| #endif
| #ifdef HAVE_INTTYPES_H
| # include <inttypes.h>
| #endif
| #ifdef HAVE_STDINT_H
| # include <stdint.h>
| #endif
| #ifdef HAVE_UNISTD_H
| # include <unistd.h>
| #endif
| #include <CoreAudio/CoreAudio.h>
configure:4981: result: no
configure:4985: checking CoreAudio/CoreAudio.h presence
configure:5000: gcc -E   -DHAVE_GETTIMEOFDAY conftest.c
configure:5006: $? = 0
configure:5020: result: yes
configure:5033: WARNING: CoreAudio/CoreAudio.h: present but cannot be compiled
configure:5035: WARNING: CoreAudio/CoreAudio.h:     check for missing prerequisite headers?
configure:5037: WARNING: CoreAudio/CoreAudio.h: see the Autoconf documentation
configure:5039: WARNING: CoreAudio/CoreAudio.h:     section "Present But Cannot Be Compiled"
configure:5041: WARNING: CoreAudio/CoreAudio.h: proceeding with the preprocessor's result
configure:5043: WARNING: CoreAudio/CoreAudio.h: in the future, the compiler will take precedence
configure:5053: checking for CoreAudio/CoreAudio.h
configure:5060: result: yes
configure:5078: checking for pthread_create in -lpthread
configure:5113: gcc -o conftest -g -O2   -DHAVE_GETTIMEOFDAY  conftest.c -lpthread  -framework CoreAudio -framework CoreFoundation >&5
configure:5119: $? = 0
configure:5137: result: yes
configure:5331: creating ./config.status

## ---------------------- ##
## Running config.status. ##
## ---------------------- ##

This file was extended by RtAudio config.status 4.0, which was
generated by GNU Autoconf 2.61.  Invocation command line was

  CONFIG_FILES    = 
  CONFIG_HEADERS  = 
  CONFIG_LINKS    = 
  CONFIG_COMMANDS = 
  $ ./config.status 

on STP-MacBook.local

config.status:595: creating rtaudio-config
config.status:595: creating Makefile
config.status:595: creating tests/Makefile

## ---------------- ##
## Cache variables. ##
## ---------------- ##

ac_cv_build=i386-apple-darwin10.0.0
ac_cv_c_compiler_gnu=yes
ac_cv_cxx_compiler_gnu=yes
ac_cv_env_CCC_set=
ac_cv_env_CCC_value=
ac_cv_env_CC_set=
ac_cv_env_CC_value=
ac_cv_env_CFLAGS_set=
ac_cv_env_CFLAGS_value=
ac_cv_env_CPPFLAGS_set=
ac_cv_env_CPPFLAGS_value=
ac_cv_env_CPP_set=
ac_cv_env_CPP_value=
ac_cv_env_CXXFLAGS_set=
ac_cv_env_CXXFLAGS_value=
ac_cv_env_CXX_set=
ac_cv_env_CXX_value=
ac_cv_env_LDFLAGS_set=
ac_cv_env_LDFLAGS_value=
ac_cv_env_LIBS_set=
ac_cv_env_LIBS_value=
ac_cv_env_build_alias_set=
ac_cv_env_build_alias_value=
ac_cv_env_host_alias_set=
ac_cv_env_host_alias_value=
ac_cv_env_target_alias_set=
ac_cv_env_target_alias_value=
ac_cv_func_gettimeofday=yes
ac_cv_header_CoreAudio_CoreAudio_h=yes
ac_cv_header_inttypes_h=yes
ac_cv_header_memory_h=yes
ac_cv_header_stdc=yes
ac_cv_header_stdint_h=yes
ac_cv_header_stdlib_h=yes
ac_cv_header_string_h=yes
ac_cv_header_strings_h=yes
ac_cv_header_sys_ioctl_h=yes
ac_cv_header_sys_stat_h=yes
ac_cv_header_sys_types_h=yes
ac_cv_header_unistd_h=yes
ac_cv_host=i386-apple-darwin10.0.0
ac_cv_lib_pthread_pthread_create=yes
ac_cv_objext=o
ac_cv_path_AR=/usr/bin/ar
ac_cv_path_EGREP='/usr/bin/grep -E'
ac_cv_path_GREP=/usr/bin/grep
ac_cv_prog_CPP='gcc -E'
ac_cv_prog_ac_ct_CC=gcc
ac_cv_prog_ac_ct_CXX=g++
ac_cv_prog_ac_ct_RANLIB=ranlib
ac_cv_prog_cc_c89=
ac_cv_prog_cc_g=yes
ac_cv_prog_cxx_g=yes

## ----------------- ##
## Output variables. ##
## ----------------- ##

AR='/usr/bin/ar'
CC='gcc'
CFLAGS='-g -O2'
CPP='gcc -E'
CPPFLAGS='  -DHAVE_GETTIMEOFDAY -D__MACOSX_CORE__'
CXX='g++'
CXXFLAGS='-O2 -Wall'
DEFS='-DPACKAGE_NAME=\"RtAudio\" -DPACKAGE_TARNAME=\"rtaudio\" -DPACKAGE_VERSION=\"4.0\" -DPACKAGE_STRING=\"RtAudio\ 4.0\" -DPACKAGE_BUGREPORT=\"gary@music.mcgill.ca\" -DSTDC_HEADERS=1 -DHAVE_SYS_TYPES_H=1 -DHAVE_SYS_STAT_H=1 -DHAVE_STDLIB_H=1 -DHAVE_STRING_H=1 -DHAVE_MEMORY_H=1 -DHAVE_STRINGS_H=1 -DHAVE_INTTYPES_H=1 -DHAVE_STDINT_H=1 -DHAVE_UNISTD_H=1 -DHAVE_SYS_IOCTL_H=1 -DHAVE_UNISTD_H=1 -DHAVE_LIBPTHREAD=1'
ECHO_C='ECHO_N=''
ECHO_T=''
EGREP='/usr/bin/grep -E'
EXEEXT=''
GREP='/usr/bin/grep'
GXX='yes'
LDFLAGS=''
LIBOBJS=''
LIBS='-lpthread -framework CoreAudio -framework CoreFoundation'
LTLIBOBJS=''
OBJEXT='o'
PACKAGE_BUGREPORT='gary@music.mcgill.ca'
PACKAGE_NAME='RtAudio'
PACKAGE_STRING='RtAudio 4.0'
PACKAGE_TARNAME='rtaudio'
PACKAGE_VERSION='4.0'
PATH_SEPARATOR=':'
RANLIB='ranlib'
SHELL='/bin/sh'
ac_ct_CC='gcc'
ac_ct_CXX='g++'
api='-D__MACOSX_CORE__'
bindir='${exec_prefix}/bin'
build='i386-apple-darwin10.0.0'
build_alias=''
build_cpu='i386'
build_os='darwin10.0.0'
build_vendor='apple'
cppflag=' -DHAVE_GETTIMEOFDAY'
cxxflag='-Wall'
datadir='${datarootdir}'
datarootdir='${prefix}/share'
docdir='${datarootdir}/doc/${PACKAGE_TARNAME}'
dvidir='${docdir}'
exec_prefix='${prefix}'
host='i386-apple-darwin10.0.0'
host_alias=''
host_cpu='i386'
host_os='darwin10.0.0'
host_vendor='apple'
htmldir='${docdir}'
includedir='${prefix}/include'
infodir='${datarootdir}/info'
libdir='${exec_prefix}/lib'
libexecdir='${exec_prefix}/libexec'
localedir='${datarootdir}/locale'
localstatedir='${prefix}/var'
mandir='${datarootdir}/man'
object_path='Release'
objects=''
oldincludedir='/usr/include'
pdfdir='${docdir}'
prefix='/usr/local'
program_transform_name='s,x,x,'
psdir='${docdir}'
sbindir='${exec_prefix}/sbin'
sharedstatedir='${prefix}/com'
sysconfdir='${prefix}/etc'
target_alias=''

## ----------- ##
## confdefs.h. ##
## ----------- ##

#define PACKAGE_NAME "RtAudio"
#define PACKAGE_TARNAME "rtaudio"
#define PACKAGE_VERSION "4.0"
#define PACKAGE_STRING "RtAudio 4.0"
#define PACKAGE_BUGREPORT "gary@music.mcgill.ca"
#define STDC_HEADERS 1
#define HAVE_SYS_TYPES_H 1
#define HAVE_SYS_STAT_H 1
#define HAVE_STDLIB_H 1
#define HAVE_STRING_H 1
#define HAVE_MEMORY_H 1
#define HAVE_STRINGS_H 1
#define HAVE_INTTYPES_H 1
#define HAVE_STDINT_H 1
#define HAVE_UNISTD_H 1
#define HAVE_SYS_IOCTL_H 1
#define HAVE_UNISTD_H 1
#define HAVE_LIBPTHREAD 1

configure: exit 0
