This file contains any messages produced by compilers while
running configure, to aid debugging if configure makes a mistake.

It was created by configure, which was
generated by GNU Autoconf 2.61.  Invocation command line was

  $ ./configure 

## --------- ##
## Platform. ##
## --------- ##

hostname = STP.local
uname -m = i386
uname -r = 10.4.0
uname -s = Darwin
uname -v = Darwin Kernel Version 10.4.0: Fri Apr 23 18:28:53 PDT 2010; root:xnu-1504.7.4~1/RELEASE_I386

/usr/bin/uname -p = i386
/bin/uname -X     = unknown

/bin/arch              = unknown
/usr/bin/arch -k       = unknown
/usr/convex/getsysinfo = unknown
/usr/bin/hostinfo      = Mach kernel version:
	 Darwin Kernel Version 10.4.0: Fri Apr 23 18:28:53 PDT 2010; root:xnu-1504.7.4~1/RELEASE_I386
Kernel configured for up to 2 processors.
2 processors are physically available.
2 processors are logically available.
Processor type: i486 (Intel 80486)
Processors active: 0 1
Primary memory available: 4.00 gigabytes
Default processor set: 98 tasks, 418 threads, 2 processors
Load average: 0.74, Mach factor: 1.47
/bin/machine           = unknown
/usr/bin/oslevel       = unknown
/bin/universe          = unknown

PATH: /opt/local/bin
PATH: /opt/local/sbin
PATH: /opt/local/bin
PATH: /opt/local/sbin
PATH: /opt/local/bin
PATH: /opt/local/sbin
PATH: /opt/local/bin
PATH: /opt/local/sbin
PATH: .
PATH: /Users/stp/Applications
PATH: /opt/subversion/bin
PATH: /opt/local/bin
PATH: .
PATH: /usr/local/bin
PATH: /usr/local/pgsql/bin
PATH: /usr/X11R6/bin
PATH: /usr/bin
PATH: /bin
PATH: /usr/sbin
PATH: /sbin
PATH: /usr/local/bin
PATH: /usr/X11/bin
PATH: /usr/local/ec2/bin


## ----------- ##
## Core tests. ##
## ----------- ##

configure:1966: checking for a BSD-compatible install
configure:2022: result: /usr/bin/install -c
configure:2033: checking whether build environment is sane
configure:2076: result: yes
configure:2141: checking for gawk
configure:2171: result: no
configure:2141: checking for mawk
configure:2171: result: no
configure:2141: checking for nawk
configure:2171: result: no
configure:2141: checking for awk
configure:2157: found /usr/bin/awk
configure:2168: result: awk
configure:2179: checking whether make sets $(MAKE)
configure:2200: result: yes
configure:2384: checking whether to enable maintainer-specific portions of Makefiles
configure:2393: result: no
configure:2465: checking for gcc
configure:2481: found /usr/bin/gcc
configure:2492: result: gcc
configure:2730: checking for C compiler version
configure:2737: gcc --version >&5
i686-apple-darwin10-gcc-4.2.1 (GCC) 4.2.1 (Apple Inc. build 5659)
Copyright (C) 2007 Free Software Foundation, Inc.
This is free software; see the source for copying conditions.  There is NO
warranty; not even for MERCHANTABILITY or FITNESS FOR A PARTICULAR PURPOSE.

configure:2740: $? = 0
configure:2747: gcc -v >&5
Using built-in specs.
Target: i686-apple-darwin10
Configured with: /var/tmp/gcc/gcc-5659~1/src/configure --disable-checking --enable-werror --prefix=/usr --mandir=/share/man --enable-languages=c,objc,c++,obj-c++ --program-transform-name=/^[cg][^.-]*$/s/$/-4.2/ --with-slibdir=/usr/lib --build=i686-apple-darwin10 --program-prefix=i686-apple-darwin10- --host=x86_64-apple-darwin10 --target=i686-apple-darwin10 --with-gxx-include-dir=/include/c++/4.2.1
Thread model: posix
gcc version 4.2.1 (Apple Inc. build 5659)
configure:2750: $? = 0
configure:2757: gcc -V >&5
gcc-4.2: argument to `-V' is missing
configure:2760: $? = 1
configure:2783: checking for C compiler default output file name
configure:2810: gcc -arch i386   conftest.c  >&5
configure:2813: $? = 0
configure:2851: result: a.out
configure:2868: checking whether the C compiler works
configure:2878: ./a.out
configure:2881: $? = 0
configure:2898: result: yes
configure:2905: checking whether we are cross compiling
configure:2907: result: no
configure:2910: checking for suffix of executables
configure:2917: gcc -o conftest -arch i386   conftest.c  >&5
configure:2920: $? = 0
configure:2944: result: 
configure:2950: checking for suffix of object files
configure:2976: gcc -c -arch i386  conftest.c >&5
configure:2979: $? = 0
configure:3002: result: o
configure:3006: checking whether we are using the GNU C compiler
configure:3035: gcc -c -arch i386  conftest.c >&5
configure:3041: $? = 0
configure:3058: result: yes
configure:3063: checking whether gcc accepts -g
configure:3093: gcc -c -g  conftest.c >&5
configure:3099: $? = 0
configure:3198: result: yes
configure:3215: checking for gcc option to accept ISO C89
configure:3289: gcc  -c -arch i386  conftest.c >&5
configure:3295: $? = 0
configure:3318: result: none needed
configure:3347: checking for style of include used by make
configure:3375: result: GNU
configure:3403: checking dependency style of gcc
configure:3493: result: gcc3
configure:3541: checking build system type
configure:3559: result: i386-apple-darwin10.4.0
configure:3581: checking host system type
configure:3596: result: i386-apple-darwin10.4.0
configure:3618: checking for a sed that does not truncate output
configure:3697: result: /usr/bin/sed
configure:3715: checking for grep that handles long lines and -e
configure:3789: result: /usr/bin/grep
configure:3794: checking for egrep
configure:3872: result: /usr/bin/grep -E
configure:3877: checking for fgrep
configure:3955: result: /usr/bin/grep -F
configure:3990: checking for ld used by gcc
configure:4057: result: /usr/libexec/gcc/i686-apple-darwin10/4.2.1/ld
configure:4066: checking if the linker (/usr/libexec/gcc/i686-apple-darwin10/4.2.1/ld) is GNU ld
configure:4081: result: no
configure:4093: checking for BSD- or MS-compatible name lister (nm)
configure:4142: result: /usr/bin/nm
configure:4264: checking the name lister (/usr/bin/nm) interface
configure:4271: gcc -c -arch i386  conftest.c >&5
configure:4274: /usr/bin/nm "conftest.o"
configure:4277: output
00000000 D _some_variable
configure:4284: result: BSD nm
configure:4287: checking whether ln -s works
configure:4291: result: yes
configure:4299: checking the maximum length of command line arguments
configure:4419: result: 196608
configure:4436: checking whether the shell understands some XSI constructs
configure:4446: result: yes
configure:4450: checking whether the shell understands "+="
configure:4456: result: yes
configure:4491: checking for /usr/libexec/gcc/i686-apple-darwin10/4.2.1/ld option to reload object files
configure:4498: result: -r
configure:4567: checking for objdump
configure:4597: result: no
configure:4630: checking how to recognize dependent libraries
configure:4826: result: pass_all
configure:4886: checking for ar
configure:4902: found /usr/bin/ar
configure:4913: result: ar
configure:4995: checking for strip
configure:5011: found /usr/bin/strip
configure:5022: result: strip
configure:5098: checking for ranlib
configure:5114: found /usr/bin/ranlib
configure:5125: result: ranlib
configure:5219: checking command to parse /usr/bin/nm output from gcc object
configure:5337: gcc -c -arch i386  conftest.c >&5
configure:5340: $? = 0
configure:5344: /usr/bin/nm conftest.o \| sed -n -e 's/^.*[	 ]\([BCDEGRST][BCDEGRST]*\)[	 ][	 ]*\([_A-Za-z][_A-Za-z0-9]*\)$/\1 \2 \2/p' \> conftest.nm
configure:5347: $? = 0
cannot find nm_test_var in conftest.nm
configure:5337: gcc -c -arch i386  conftest.c >&5
configure:5340: $? = 0
configure:5344: /usr/bin/nm conftest.o \| sed -n -e 's/^.*[	 ]\([BCDEGRST][BCDEGRST]*\)[	 ][	 ]*_\([_A-Za-z][_A-Za-z0-9]*\)$/\1 _\2 \2/p' \> conftest.nm
configure:5347: $? = 0
configure:5401: gcc -o conftest -arch i386   conftest.c conftstm.o >&5
configure:5404: $? = 0
configure:5442: result: ok
configure:5732: checking for dsymutil
configure:5748: found /usr/bin/dsymutil
configure:5759: result: dsymutil
configure:5828: checking for nmedit
configure:5844: found /usr/bin/nmedit
configure:5855: result: nmedit
configure:5924: checking for lipo
configure:5940: found /usr/bin/lipo
configure:5951: result: lipo
configure:6020: checking for otool
configure:6036: found /usr/bin/otool
configure:6047: result: otool
configure:6116: checking for otool64
configure:6146: result: no
configure:6195: checking for -single_module linker flag
gcc -arch i386  -o libconftest.dylib -dynamiclib -Wl,-single_module conftest.c
configure:6222: result: yes
configure:6224: checking for -exported_symbols_list linker flag
configure:6254: gcc -o conftest -arch i386   -Wl,-exported_symbols_list,conftest.sym conftest.c  >&5
configure:6260: $? = 0
configure:6279: result: yes
configure:6321: checking how to run the C preprocessor
configure:6361: gcc -E  conftest.c
configure:6367: $? = 0
configure:6398: gcc -E  conftest.c
conftest.c:10:28: error: ac_nonexistent.h: No such file or directory
configure:6404: $? = 1
configure: failed program was:
| /* confdefs.h.  */
| #define PACKAGE_NAME ""
| #define PACKAGE_TARNAME ""
| #define PACKAGE_VERSION ""
| #define PACKAGE_STRING ""
| #define PACKAGE_BUGREPORT ""
| #define PACKAGE "libogg"
| #define VERSION "1.2.0"
| /* end confdefs.h.  */
| #include <ac_nonexistent.h>
configure:6437: result: gcc -E
configure:6466: gcc -E  conftest.c
configure:6472: $? = 0
configure:6503: gcc -E  conftest.c
conftest.c:10:28: error: ac_nonexistent.h: No such file or directory
configure:6509: $? = 1
configure: failed program was:
| /* confdefs.h.  */
| #define PACKAGE_NAME ""
| #define PACKAGE_TARNAME ""
| #define PACKAGE_VERSION ""
| #define PACKAGE_STRING ""
| #define PACKAGE_BUGREPORT ""
| #define PACKAGE "libogg"
| #define VERSION "1.2.0"
| /* end confdefs.h.  */
| #include <ac_nonexistent.h>
configure:6547: checking for ANSI C header files
configure:6577: gcc -c -arch i386  conftest.c >&5
configure:6583: $? = 0
configure:6682: gcc -o conftest -arch i386   conftest.c  >&5
configure:6685: $? = 0
configure:6691: ./conftest
configure:6694: $? = 0
configure:6711: result: yes
configure:6735: checking for sys/types.h
configure:6756: gcc -c -arch i386  conftest.c >&5
configure:6762: $? = 0
configure:6778: result: yes
configure:6735: checking for sys/stat.h
configure:6756: gcc -c -arch i386  conftest.c >&5
configure:6762: $? = 0
configure:6778: result: yes
configure:6735: checking for stdlib.h
configure:6756: gcc -c -arch i386  conftest.c >&5
configure:6762: $? = 0
configure:6778: result: yes
configure:6735: checking for string.h
configure:6756: gcc -c -arch i386  conftest.c >&5
configure:6762: $? = 0
configure:6778: result: yes
configure:6735: checking for memory.h
configure:6756: gcc -c -arch i386  conftest.c >&5
configure:6762: $? = 0
configure:6778: result: yes
configure:6735: checking for strings.h
configure:6756: gcc -c -arch i386  conftest.c >&5
configure:6762: $? = 0
configure:6778: result: yes
configure:6735: checking for inttypes.h
configure:6756: gcc -c -arch i386  conftest.c >&5
configure:6762: $? = 0
configure:6778: result: yes
configure:6735: checking for stdint.h
configure:6756: gcc -c -arch i386  conftest.c >&5
configure:6762: $? = 0
configure:6778: result: yes
configure:6735: checking for unistd.h
configure:6756: gcc -c -arch i386  conftest.c >&5
configure:6762: $? = 0
configure:6778: result: yes
configure:6794: checking for dlfcn.h
configure:6815: gcc -c -arch i386  conftest.c >&5
configure:6821: $? = 0
configure:6837: result: yes
configure:7021: checking for objdir
configure:7036: result: .libs
configure:7328: checking if gcc supports -fno-rtti -fno-exceptions
configure:7346: gcc -c -arch i386  -fno-rtti -fno-exceptions conftest.c >&5
cc1: warning: command line option "-fno-rtti" is valid for C++/ObjC++ but not for C
configure:7350: $? = 0
configure:7363: result: no
configure:7383: checking for gcc option to produce PIC
configure:7655: result: -fno-common -DPIC
configure:7667: checking if gcc PIC flag -fno-common -DPIC works
configure:7685: gcc -c -arch i386  -fno-common -DPIC -DPIC conftest.c >&5
configure:7689: $? = 0
configure:7702: result: yes
configure:7726: checking if gcc static flag -static works
configure:7754: result: no
configure:7769: checking if gcc supports -c -o file.o
configure:7790: gcc -c -arch i386  -o out/conftest2.o conftest.c >&5
configure:7794: $? = 0
configure:7816: result: yes
configure:7824: checking if gcc supports -c -o file.o
configure:7871: result: yes
configure:7904: checking whether the gcc linker (/usr/libexec/gcc/i686-apple-darwin10/4.2.1/ld) supports shared libraries
configure:8970: result: yes
configure:9209: checking dynamic linker characteristics
configure:9900: result: darwin10.4.0 dyld
configure:10002: checking how to hardcode library paths into programs
configure:10027: result: immediate
configure:10832: checking whether stripping libraries is possible
configure:10846: result: yes
configure:10872: checking if libtool supports shared libraries
configure:10874: result: yes
configure:10877: checking whether to build shared libraries
configure:10898: result: yes
configure:10901: checking whether to build static libraries
configure:10905: result: yes
configure:10941: checking whether gcc and cc understand -c and -o together
configure:10976: gcc -c conftest.c -o conftest2.o >&5
configure:10979: $? = 0
configure:10985: gcc -c conftest.c -o conftest2.o >&5
configure:10988: $? = 0
configure:10999: cc -c conftest.c >&5
configure:11002: $? = 0
configure:11010: cc -c conftest.c -o conftest2.o >&5
configure:11013: $? = 0
configure:11019: cc -c conftest.c -o conftest2.o >&5
configure:11022: $? = 0
configure:11040: result: yes
configure:11170: checking for ANSI C header files
configure:11334: result: yes
configure:11345: checking for an ANSI C-conforming const
configure:11420: gcc -c -fno-common -O4 -Wall -fsigned-char -ffast-math -arch i386  conftest.c >&5
conftest.c: In function 'main':
conftest.c:52: warning: 't' is used uninitialized in this function
conftest.c:68: warning: 'b' is used uninitialized in this function
conftest.c:74: warning: 'cs[0]' is used uninitialized in this function
configure:11426: $? = 0
configure:11441: result: yes
configure:11453: checking for int16_t
configure:11483: gcc -o conftest -fno-common -O4 -Wall -fsigned-char -ffast-math -arch i386   conftest.c  >&5
configure:11486: $? = 0
configure:11492: ./conftest
configure:11495: $? = 0
configure:11512: result: yes
configure:11515: checking for int32_t
configure:11545: gcc -o conftest -fno-common -O4 -Wall -fsigned-char -ffast-math -arch i386   conftest.c  >&5
configure:11548: $? = 0
configure:11554: ./conftest
configure:11557: $? = 0
configure:11574: result: yes
configure:11577: checking for uint32_t
configure:11607: gcc -o conftest -fno-common -O4 -Wall -fsigned-char -ffast-math -arch i386   conftest.c  >&5
conftest.c:28: error: expected '=', ',', ';', 'asm' or '__attribute__' before 'foo'
configure:11610: $? = 1
configure: program exited with status 1
configure: failed program was:
| /* confdefs.h.  */
| #define PACKAGE_NAME ""
| #define PACKAGE_TARNAME ""
| #define PACKAGE_VERSION ""
| #define PACKAGE_STRING ""
| #define PACKAGE_BUGREPORT ""
| #define PACKAGE "libogg"
| #define VERSION "1.2.0"
| #define STDC_HEADERS 1
| #define HAVE_SYS_TYPES_H 1
| #define HAVE_SYS_STAT_H 1
| #define HAVE_STDLIB_H 1
| #define HAVE_STRING_H 1
| #define HAVE_MEMORY_H 1
| #define HAVE_STRINGS_H 1
| #define HAVE_INTTYPES_H 1
| #define HAVE_STDINT_H 1
| #define HAVE_UNISTD_H 1
| #define HAVE_DLFCN_H 1
| #define LT_OBJDIR ".libs/"
| #define STDC_HEADERS 1
| /* end confdefs.h.  */
| 
| #if defined __BEOS__ && !defined __HAIKU__
| #include <inttypes.h>
| #endif
| #include <sys/types.h>
| uint32_t foo;
| int main() {return 0;}
| 
configure:11636: result: no
configure:11639: checking for uint16_t
configure:11669: gcc -o conftest -fno-common -O4 -Wall -fsigned-char -ffast-math -arch i386   conftest.c  >&5
conftest.c:28: error: expected '=', ',', ';', 'asm' or '__attribute__' before 'foo'
configure:11672: $? = 1
configure: program exited with status 1
configure: failed program was:
| /* confdefs.h.  */
| #define PACKAGE_NAME ""
| #define PACKAGE_TARNAME ""
| #define PACKAGE_VERSION ""
| #define PACKAGE_STRING ""
| #define PACKAGE_BUGREPORT ""
| #define PACKAGE "libogg"
| #define VERSION "1.2.0"
| #define STDC_HEADERS 1
| #define HAVE_SYS_TYPES_H 1
| #define HAVE_SYS_STAT_H 1
| #define HAVE_STDLIB_H 1
| #define HAVE_STRING_H 1
| #define HAVE_MEMORY_H 1
| #define HAVE_STRINGS_H 1
| #define HAVE_INTTYPES_H 1
| #define HAVE_STDINT_H 1
| #define HAVE_UNISTD_H 1
| #define HAVE_DLFCN_H 1
| #define LT_OBJDIR ".libs/"
| #define STDC_HEADERS 1
| /* end confdefs.h.  */
| 
| #if defined __BEOS__ && !defined __HAIKU__
| #include <inttypes.h>
| #endif
| #include <sys/types.h>
| uint16_t foo;
| int main() {return 0;}
| 
configure:11698: result: no
configure:11701: checking for u_int32_t
configure:11731: gcc -o conftest -fno-common -O4 -Wall -fsigned-char -ffast-math -arch i386   conftest.c  >&5
configure:11734: $? = 0
configure:11740: ./conftest
configure:11743: $? = 0
configure:11760: result: yes
configure:11763: checking for u_int16_t
configure:11793: gcc -o conftest -fno-common -O4 -Wall -fsigned-char -ffast-math -arch i386   conftest.c  >&5
configure:11796: $? = 0
configure:11802: ./conftest
configure:11805: $? = 0
configure:11822: result: yes
configure:11825: checking for int64_t
configure:11855: gcc -o conftest -fno-common -O4 -Wall -fsigned-char -ffast-math -arch i386   conftest.c  >&5
configure:11858: $? = 0
configure:11864: ./conftest
configure:11867: $? = 0
configure:11884: result: yes
configure:11887: checking for short
configure:11917: gcc -c -fno-common -O4 -Wall -fsigned-char -ffast-math -arch i386  conftest.c >&5
configure:11923: $? = 0
configure:11938: result: yes
configure:11945: checking size of short
configure:12247: gcc -o conftest -fno-common -O4 -Wall -fsigned-char -ffast-math -arch i386   conftest.c  >&5
configure:12250: $? = 0
configure:12256: ./conftest
configure:12259: $? = 0
configure:12282: result: 2
configure:12292: checking for int
configure:12322: gcc -c -fno-common -O4 -Wall -fsigned-char -ffast-math -arch i386  conftest.c >&5
configure:12328: $? = 0
configure:12343: result: yes
configure:12350: checking size of int
configure:12652: gcc -o conftest -fno-common -O4 -Wall -fsigned-char -ffast-math -arch i386   conftest.c  >&5
configure:12655: $? = 0
configure:12661: ./conftest
configure:12664: $? = 0
configure:12687: result: 4
configure:12697: checking for long
configure:12727: gcc -c -fno-common -O4 -Wall -fsigned-char -ffast-math -arch i386  conftest.c >&5
configure:12733: $? = 0
configure:12748: result: yes
configure:12755: checking size of long
configure:13057: gcc -o conftest -fno-common -O4 -Wall -fsigned-char -ffast-math -arch i386   conftest.c  >&5
configure:13060: $? = 0
configure:13066: ./conftest
configure:13069: $? = 0
configure:13092: result: 4
configure:13102: checking for long long
configure:13132: gcc -c -fno-common -O4 -Wall -fsigned-char -ffast-math -arch i386  conftest.c >&5
configure:13138: $? = 0
configure:13153: result: yes
configure:13160: checking size of long long
configure:13462: gcc -o conftest -fno-common -O4 -Wall -fsigned-char -ffast-math -arch i386   conftest.c  >&5
configure:13465: $? = 0
configure:13471: ./conftest
configure:13474: $? = 0
configure:13497: result: 8
configure:13591: checking for working memcmp
configure:13644: gcc -o conftest -fno-common -O4 -Wall -fsigned-char -ffast-math -arch i386   conftest.c  >&5
configure:13647: $? = 0
configure:13653: ./conftest
configure:13656: $? = 0
configure:13672: result: yes
configure:13818: creating ./config.status

## ---------------------- ##
## Running config.status. ##
## ---------------------- ##

This file was extended by config.status, which was
generated by GNU Autoconf 2.61.  Invocation command line was

  CONFIG_FILES    = 
  CONFIG_HEADERS  = 
  CONFIG_LINKS    = 
  CONFIG_COMMANDS = 
  $ ./config.status 

on STP.local

config.status:867: creating Makefile
config.status:867: creating src/Makefile
config.status:867: creating doc/Makefile
config.status:867: creating doc/libogg/Makefile
config.status:867: creating include/Makefile
config.status:867: creating include/ogg/Makefile
config.status:867: creating include/ogg/config_types.h
config.status:867: creating libogg.spec
config.status:867: creating ogg.pc
config.status:867: creating ogg-uninstalled.pc
config.status:867: creating config.h
config.status:1140: executing depfiles commands
config.status:1140: executing libtool commands

## ---------------- ##
## Cache variables. ##
## ---------------- ##

ac_cv_build=i386-apple-darwin10.4.0
ac_cv_c_compiler_gnu=yes
ac_cv_c_const=yes
ac_cv_env_CC_set=
ac_cv_env_CC_value=
ac_cv_env_CFLAGS_set=set
ac_cv_env_CFLAGS_value='-arch i386'
ac_cv_env_CPPFLAGS_set=
ac_cv_env_CPPFLAGS_value=
ac_cv_env_CPP_set=
ac_cv_env_CPP_value=
ac_cv_env_LDFLAGS_set=
ac_cv_env_LDFLAGS_value=
ac_cv_env_LIBS_set=
ac_cv_env_LIBS_value=
ac_cv_env_build_alias_set=
ac_cv_env_build_alias_value=
ac_cv_env_host_alias_set=
ac_cv_env_host_alias_value=
ac_cv_env_target_alias_set=
ac_cv_env_target_alias_value=
ac_cv_func_memcmp_working=yes
ac_cv_header_dlfcn_h=yes
ac_cv_header_inttypes_h=yes
ac_cv_header_memory_h=yes
ac_cv_header_stdc=yes
ac_cv_header_stdint_h=yes
ac_cv_header_stdlib_h=yes
ac_cv_header_string_h=yes
ac_cv_header_strings_h=yes
ac_cv_header_sys_stat_h=yes
ac_cv_header_sys_types_h=yes
ac_cv_header_unistd_h=yes
ac_cv_host=i386-apple-darwin10.4.0
ac_cv_objext=o
ac_cv_path_EGREP='/usr/bin/grep -E'
ac_cv_path_FGREP='/usr/bin/grep -F'
ac_cv_path_GREP=/usr/bin/grep
ac_cv_path_SED=/usr/bin/sed
ac_cv_path_install='/usr/bin/install -c'
ac_cv_prog_AWK=awk
ac_cv_prog_CPP='gcc -E'
ac_cv_prog_ac_ct_AR=ar
ac_cv_prog_ac_ct_CC=gcc
ac_cv_prog_ac_ct_DSYMUTIL=dsymutil
ac_cv_prog_ac_ct_LIPO=lipo
ac_cv_prog_ac_ct_NMEDIT=nmedit
ac_cv_prog_ac_ct_OTOOL=otool
ac_cv_prog_ac_ct_RANLIB=ranlib
ac_cv_prog_ac_ct_STRIP=strip
ac_cv_prog_cc_c89=
ac_cv_prog_cc_g=yes
ac_cv_prog_cc_gcc_c_o=yes
ac_cv_prog_make_make_set=yes
ac_cv_sizeof_int=4
ac_cv_sizeof_long=4
ac_cv_sizeof_long_long=8
ac_cv_sizeof_short=2
ac_cv_type_int=yes
ac_cv_type_long=yes
ac_cv_type_long_long=yes
ac_cv_type_short=yes
am_cv_CC_dependencies_compiler_type=gcc3
has_cv_int16_t=yes
has_cv_int32_t=yes
has_cv_int64_t=yes
has_cv_u_int16_t=yes
has_cv_u_int32_t=yes
has_cv_uint16_t=no
has_cv_uint32_t=no
lt_cv_apple_cc_single_mod=yes
lt_cv_deplibs_check_method=pass_all
lt_cv_file_magic_cmd='$MAGIC_CMD'
lt_cv_file_magic_test_file=
lt_cv_ld_exported_symbols_list=yes
lt_cv_ld_reload_flag=-r
lt_cv_nm_interface='BSD nm'
lt_cv_objdir=.libs
lt_cv_path_LD=/usr/libexec/gcc/i686-apple-darwin10/4.2.1/ld
lt_cv_path_NM=/usr/bin/nm
lt_cv_prog_compiler_c_o=yes
lt_cv_prog_compiler_pic_works=yes
lt_cv_prog_compiler_rtti_exceptions=no
lt_cv_prog_compiler_static_works=no
lt_cv_prog_gnu_ld=no
lt_cv_sys_global_symbol_pipe='sed -n -e '\''s/^.*[	 ]\([BCDEGRST][BCDEGRST]*\)[	 ][	 ]*_\([_A-Za-z][_A-Za-z0-9]*\)$/\1 _\2 \2/p'\'''
lt_cv_sys_global_symbol_to_c_name_address='sed -n -e '\''s/^: \([^ ]*\) $/  {\"\1\", (void *) 0},/p'\'' -e '\''s/^[BCDEGRST]* \([^ ]*\) \([^ ]*\)$/  {"\2", (void *) \&\2},/p'\'''
lt_cv_sys_global_symbol_to_c_name_address_lib_prefix='sed -n -e '\''s/^: \([^ ]*\) $/  {\"\1\", (void *) 0},/p'\'' -e '\''s/^[BCDEGRST]* \([^ ]*\) \(lib[^ ]*\)$/  {"\2", (void *) \&\2},/p'\'' -e '\''s/^[BCDEGRST]* \([^ ]*\) \([^ ]*\)$/  {"lib\2", (void *) \&\2},/p'\'''
lt_cv_sys_global_symbol_to_cdecl='sed -n -e '\''s/^T .* \(.*\)$/extern int \1();/p'\'' -e '\''s/^[BCDEGRST]* .* \(.*\)$/extern char \1;/p'\'''
lt_cv_sys_max_cmd_len=196608

## ----------------- ##
## Output variables. ##
## ----------------- ##

ACLOCAL='${SHELL} /Users/stp/Desktop/libogg-1.2.0/missing --run aclocal-1.9'
AMDEPBACKSLASH='\'
AMDEP_FALSE='#'
AMDEP_TRUE=''
AMTAR='${SHELL} /Users/stp/Desktop/libogg-1.2.0/missing --run tar'
AR='ar'
AUTOCONF='${SHELL} /Users/stp/Desktop/libogg-1.2.0/missing --run autoconf'
AUTOHEADER='${SHELL} /Users/stp/Desktop/libogg-1.2.0/missing --run autoheader'
AUTOMAKE='${SHELL} /Users/stp/Desktop/libogg-1.2.0/missing --run automake-1.9'
AWK='awk'
CC='gcc'
CCDEPMODE='depmode=gcc3'
CFLAGS='-fno-common -O4 -Wall -fsigned-char -ffast-math -arch i386'
CPP='gcc -E'
CPPFLAGS=''
CYGPATH_W='echo'
DEBUG='-fno-common -g -Wall -fsigned-char -arch i386'
DEFS='-DHAVE_CONFIG_H'
DEPDIR='.deps'
DSYMUTIL='dsymutil'
DUMPBIN=''
ECHO_C='ECHO_N=''
ECHO_T=''
EGREP='/usr/bin/grep -E'
EXEEXT=''
FGREP='/usr/bin/grep -F'
GREP='/usr/bin/grep'
INSTALL_DATA='${INSTALL} -m 644'
INSTALL_PROGRAM='${INSTALL}'
INSTALL_SCRIPT='${INSTALL}'
INSTALL_STRIP_PROGRAM='${SHELL} $(install_sh) -c -s'
LD='/usr/libexec/gcc/i686-apple-darwin10/4.2.1/ld'
LDFLAGS=''
LIBOBJS=''
LIBS=''
LIBTOOL='$(SHELL) $(top_builddir)/libtool'
LIBTOOL_DEPS='./ltmain.sh'
LIB_AGE='7'
LIB_CURRENT='7'
LIB_REVISION='0'
LIPO='lipo'
LN_S='ln -s'
LTLIBOBJS=''
MAINT='#'
MAINTAINER_MODE_FALSE=''
MAINTAINER_MODE_TRUE='#'
MAKEINFO='${SHELL} /Users/stp/Desktop/libogg-1.2.0/missing --run makeinfo'
NM='/usr/bin/nm'
NMEDIT='nmedit'
OBJDUMP='false'
OBJEXT='o'
OPT=''
OTOOL64=':'
OTOOL='otool'
PACKAGE='libogg'
PACKAGE_BUGREPORT=''
PACKAGE_NAME=''
PACKAGE_STRING=''
PACKAGE_TARNAME=''
PACKAGE_VERSION=''
PATH_SEPARATOR=':'
PROFILE='-fno-common -O4 -Wall -pg -g -fsigned-char -ffast-math -arch i386'
RANLIB='ranlib'
SED='/usr/bin/sed'
SET_MAKE=''
SHELL='/bin/sh'
SIZE16='int16_t'
SIZE32='int32_t'
SIZE64='int64_t'
STRIP='strip'
USIZE16='u_int16_t'
USIZE32='u_int32_t'
VERSION='1.2.0'
ac_ct_CC='gcc'
ac_ct_DUMPBIN=''
am__fastdepCC_FALSE='#'
am__fastdepCC_TRUE=''
am__include='include'
am__leading_dot='.'
am__quote=''
am__tar='${AMTAR} chof - "$$tardir"'
am__untar='${AMTAR} xf -'
bindir='${exec_prefix}/bin'
build='i386-apple-darwin10.4.0'
build_alias=''
build_cpu='i386'
build_os='darwin10.4.0'
build_vendor='apple'
datadir='${datarootdir}'
datarootdir='${prefix}/share'
docdir='${datarootdir}/doc/${PACKAGE}'
dvidir='${docdir}'
exec_prefix='${prefix}'
host='i386-apple-darwin10.4.0'
host_alias=''
host_cpu='i386'
host_os='darwin10.4.0'
host_vendor='apple'
htmldir='${docdir}'
includedir='${prefix}/include'
infodir='${datarootdir}/info'
install_sh='/Users/stp/Desktop/libogg-1.2.0/install-sh'
libdir='${exec_prefix}/lib'
libexecdir='${exec_prefix}/libexec'
localedir='${datarootdir}/locale'
localstatedir='${prefix}/var'
lt_ECHO='/bin/echo'
mandir='${datarootdir}/man'
mkdir_p='$(install_sh) -d'
oldincludedir='/usr/include'
pdfdir='${docdir}'
prefix='/usr/local'
program_transform_name='s,x,x,'
psdir='${docdir}'
sbindir='${exec_prefix}/sbin'
sharedstatedir='${prefix}/com'
sysconfdir='${prefix}/etc'
target_alias=''

## ----------- ##
## confdefs.h. ##
## ----------- ##

#define PACKAGE_NAME ""
#define PACKAGE_TARNAME ""
#define PACKAGE_VERSION ""
#define PACKAGE_STRING ""
#define PACKAGE_BUGREPORT ""
#define PACKAGE "libogg"
#define VERSION "1.2.0"
#define STDC_HEADERS 1
#define HAVE_SYS_TYPES_H 1
#define HAVE_SYS_STAT_H 1
#define HAVE_STDLIB_H 1
#define HAVE_STRING_H 1
#define HAVE_MEMORY_H 1
#define HAVE_STRINGS_H 1
#define HAVE_INTTYPES_H 1
#define HAVE_STDINT_H 1
#define HAVE_UNISTD_H 1
#define HAVE_DLFCN_H 1
#define LT_OBJDIR ".libs/"
#define STDC_HEADERS 1
#define SIZEOF_SHORT 2
#define SIZEOF_INT 4
#define SIZEOF_LONG 4
#define SIZEOF_LONG_LONG 8

configure: exit 0
